{"C:\\Users\\busis\\Downloads\\Programming\\SDP\\Clubs-Connect\\src\\App.jsx": {"path":"C:\\Users\\busis\\Downloads\\Programming\\SDP\\Clubs-Connect\\src\\App.jsx","statementMap":{"0":{"start":{"line":22,"column":2},"end":{"line":55,"column":4}}},"fnMap":{"0":{"name":"App","decl":{"start":{"line":21,"column":24},"end":{"line":21,"column":27}},"loc":{"start":{"line":21,"column":30},"end":{"line":56,"column":1}},"line":21}},"branchMap":{},"s":{"0":1},"f":{"0":1},"b":{},"_coverageSchema":"1a1c01bbd47fc00a2c39e90264f33305004495a9","hash":"c0aecffcd4315140a182cbb093dac1e8805cb887"}
,"C:\\Users\\busis\\Downloads\\Programming\\SDP\\Clubs-Connect\\src\\index.jsx": {"path":"C:\\Users\\busis\\Downloads\\Programming\\SDP\\Clubs-Connect\\src\\index.jsx","statementMap":{"0":{"start":{"line":8,"column":13},"end":{"line":8,"column":65}},"1":{"start":{"line":9,"column":0},"end":{"line":13,"column":2}},"2":{"start":{"line":18,"column":0},"end":{"line":18,"column":18}}},"fnMap":{},"branchMap":{},"s":{"0":0,"1":0,"2":0},"f":{},"b":{}}
,"C:\\Users\\busis\\Downloads\\Programming\\SDP\\Clubs-Connect\\src\\components\\AddMembers.jsx": {"path":"C:\\Users\\busis\\Downloads\\Programming\\SDP\\Clubs-Connect\\src\\components\\AddMembers.jsx","statementMap":{"0":{"start":{"line":7,"column":17},"end":{"line":7,"column":28}},"1":{"start":{"line":8,"column":19},"end":{"line":8,"column":32}},"2":{"start":{"line":10,"column":28},"end":{"line":10,"column":40}},"3":{"start":{"line":11,"column":32},"end":{"line":11,"column":44}},"4":{"start":{"line":12,"column":32},"end":{"line":12,"column":46}},"5":{"start":{"line":13,"column":24},"end":{"line":13,"column":38}},"6":{"start":{"line":16,"column":34},"end":{"line":16,"column":73}},"7":{"start":{"line":17,"column":40},"end":{"line":17,"column":79}},"8":{"start":{"line":19,"column":19},"end":{"line":27,"column":10}},"9":{"start":{"line":20,"column":4},"end":{"line":26,"column":5}},"10":{"start":{"line":21,"column":30},"end":{"line":21,"column":97}},"11":{"start":{"line":22,"column":6},"end":{"line":22,"column":29}},"12":{"start":{"line":22,"column":17},"end":{"line":22,"column":29}},"13":{"start":{"line":23,"column":6},"end":{"line":23,"column":19}},"14":{"start":{"line":25,"column":6},"end":{"line":25,"column":57}},"15":{"start":{"line":29,"column":23},"end":{"line":40,"column":10}},"16":{"start":{"line":30,"column":4},"end":{"line":39,"column":5}},"17":{"start":{"line":31,"column":30},"end":{"line":34,"column":25}},"18":{"start":{"line":35,"column":6},"end":{"line":35,"column":29}},"19":{"start":{"line":35,"column":17},"end":{"line":35,"column":29}},"20":{"start":{"line":36,"column":6},"end":{"line":36,"column":29}},"21":{"start":{"line":38,"column":6},"end":{"line":38,"column":52}},"22":{"start":{"line":42,"column":21},"end":{"line":58,"column":15}},"23":{"start":{"line":43,"column":4},"end":{"line":57,"column":5}},"24":{"start":{"line":44,"column":30},"end":{"line":47,"column":48}},"25":{"start":{"line":48,"column":6},"end":{"line":48,"column":29}},"26":{"start":{"line":48,"column":17},"end":{"line":48,"column":29}},"27":{"start":{"line":50,"column":24},"end":{"line":50,"column":58}},"28":{"start":{"line":50,"column":41},"end":{"line":50,"column":57}},"29":{"start":{"line":51,"column":29},"end":{"line":51,"column":84}},"30":{"start":{"line":51,"column":53},"end":{"line":51,"column":78}},"31":{"start":{"line":52,"column":6},"end":{"line":52,"column":31}},"32":{"start":{"line":54,"column":6},"end":{"line":54,"column":50}},"33":{"start":{"line":56,"column":6},"end":{"line":56,"column":24}},"34":{"start":{"line":60,"column":2},"end":{"line":63,"column":31}},"35":{"start":{"line":61,"column":4},"end":{"line":61,"column":15}},"36":{"start":{"line":62,"column":4},"end":{"line":62,"column":19}},"37":{"start":{"line":65,"column":2},"end":{"line":67,"column":19}},"38":{"start":{"line":66,"column":4},"end":{"line":66,"column":17}},"39":{"start":{"line":70,"column":4},"end":{"line":83,"column":5}},"40":{"start":{"line":71,"column":24},"end":{"line":73,"column":60}},"41":{"start":{"line":74,"column":6},"end":{"line":74,"column":29}},"42":{"start":{"line":74,"column":17},"end":{"line":74,"column":29}},"43":{"start":{"line":76,"column":24},"end":{"line":76,"column":59}},"44":{"start":{"line":76,"column":40},"end":{"line":76,"column":58}},"45":{"start":{"line":77,"column":6},"end":{"line":77,"column":83}},"46":{"start":{"line":78,"column":6},"end":{"line":78,"column":54}},"47":{"start":{"line":78,"column":33},"end":{"line":78,"column":51}},"48":{"start":{"line":79,"column":6},"end":{"line":79,"column":49}},"49":{"start":{"line":81,"column":6},"end":{"line":81,"column":58}},"50":{"start":{"line":82,"column":6},"end":{"line":82,"column":38}},"51":{"start":{"line":87,"column":4},"end":{"line":101,"column":5}},"52":{"start":{"line":88,"column":24},"end":{"line":92,"column":40}},"53":{"start":{"line":93,"column":6},"end":{"line":93,"column":29}},"54":{"start":{"line":93,"column":17},"end":{"line":93,"column":29}},"55":{"start":{"line":95,"column":6},"end":{"line":95,"column":70}},"56":{"start":{"line":95,"column":37},"end":{"line":95,"column":67}},"57":{"start":{"line":96,"column":6},"end":{"line":96,"column":87}},"58":{"start":{"line":96,"column":44},"end":{"line":96,"column":74}},"59":{"start":{"line":97,"column":6},"end":{"line":97,"column":52}},"60":{"start":{"line":99,"column":6},"end":{"line":99,"column":61}},"61":{"start":{"line":100,"column":6},"end":{"line":100,"column":41}},"62":{"start":{"line":104,"column":2},"end":{"line":217,"column":4}},"63":{"start":{"line":108,"column":58},"end":{"line":108,"column":70}},"64":{"start":{"line":127,"column":12},"end":{"line":140,"column":22}},"65":{"start":{"line":136,"column":39},"end":{"line":136,"column":95}},"66":{"start":{"line":161,"column":12},"end":{"line":174,"column":22}},"67":{"start":{"line":170,"column":39},"end":{"line":170,"column":83}},"68":{"start":{"line":187,"column":60},"end":{"line":187,"column":84}},"69":{"start":{"line":191,"column":37},"end":{"line":191,"column":69}},"70":{"start":{"line":192,"column":37},"end":{"line":192,"column":79}},"71":{"start":{"line":206,"column":33},"end":{"line":206,"column":72}},"72":{"start":{"line":210,"column":37},"end":{"line":210,"column":75}},"73":{"start":{"line":211,"column":37},"end":{"line":211,"column":82}}},"fnMap":{"0":{"name":"AddMembersPage","decl":{"start":{"line":6,"column":24},"end":{"line":6,"column":38}},"loc":{"start":{"line":6,"column":41},"end":{"line":218,"column":1}},"line":6},"1":{"name":"(anonymous_1)","decl":{"start":{"line":19,"column":31},"end":{"line":19,"column":32}},"loc":{"start":{"line":19,"column":43},"end":{"line":27,"column":3}},"line":19},"2":{"name":"(anonymous_2)","decl":{"start":{"line":29,"column":35},"end":{"line":29,"column":36}},"loc":{"start":{"line":29,"column":47},"end":{"line":40,"column":3}},"line":29},"3":{"name":"(anonymous_3)","decl":{"start":{"line":42,"column":33},"end":{"line":42,"column":34}},"loc":{"start":{"line":42,"column":45},"end":{"line":58,"column":3}},"line":42},"4":{"name":"(anonymous_4)","decl":{"start":{"line":50,"column":36},"end":{"line":50,"column":37}},"loc":{"start":{"line":50,"column":41},"end":{"line":50,"column":57}},"line":50},"5":{"name":"(anonymous_5)","decl":{"start":{"line":51,"column":48},"end":{"line":51,"column":49}},"loc":{"start":{"line":51,"column":53},"end":{"line":51,"column":78}},"line":51},"6":{"name":"(anonymous_6)","decl":{"start":{"line":60,"column":12},"end":{"line":60,"column":13}},"loc":{"start":{"line":60,"column":18},"end":{"line":63,"column":3}},"line":60},"7":{"name":"(anonymous_7)","decl":{"start":{"line":65,"column":12},"end":{"line":65,"column":13}},"loc":{"start":{"line":65,"column":18},"end":{"line":67,"column":3}},"line":65},"8":{"name":"handleAddMember","decl":{"start":{"line":69,"column":17},"end":{"line":69,"column":32}},"loc":{"start":{"line":69,"column":44},"end":{"line":84,"column":3}},"line":69},"9":{"name":"(anonymous_9)","decl":{"start":{"line":76,"column":35},"end":{"line":76,"column":36}},"loc":{"start":{"line":76,"column":40},"end":{"line":76,"column":58}},"line":76},"10":{"name":"(anonymous_10)","decl":{"start":{"line":78,"column":28},"end":{"line":78,"column":29}},"loc":{"start":{"line":78,"column":33},"end":{"line":78,"column":51}},"line":78},"11":{"name":"handleRemoveMember","decl":{"start":{"line":86,"column":17},"end":{"line":86,"column":35}},"loc":{"start":{"line":86,"column":47},"end":{"line":102,"column":3}},"line":86},"12":{"name":"(anonymous_12)","decl":{"start":{"line":95,"column":32},"end":{"line":95,"column":33}},"loc":{"start":{"line":95,"column":37},"end":{"line":95,"column":67}},"line":95},"13":{"name":"(anonymous_13)","decl":{"start":{"line":96,"column":39},"end":{"line":96,"column":40}},"loc":{"start":{"line":96,"column":44},"end":{"line":96,"column":74}},"line":96},"14":{"name":"(anonymous_14)","decl":{"start":{"line":108,"column":52},"end":{"line":108,"column":53}},"loc":{"start":{"line":108,"column":58},"end":{"line":108,"column":70}},"line":108},"15":{"name":"(anonymous_15)","decl":{"start":{"line":126,"column":22},"end":{"line":126,"column":23}},"loc":{"start":{"line":127,"column":12},"end":{"line":140,"column":22}},"line":127},"16":{"name":"(anonymous_16)","decl":{"start":{"line":136,"column":33},"end":{"line":136,"column":34}},"loc":{"start":{"line":136,"column":39},"end":{"line":136,"column":95}},"line":136},"17":{"name":"(anonymous_17)","decl":{"start":{"line":160,"column":20},"end":{"line":160,"column":21}},"loc":{"start":{"line":161,"column":12},"end":{"line":174,"column":22}},"line":161},"18":{"name":"(anonymous_18)","decl":{"start":{"line":170,"column":33},"end":{"line":170,"column":34}},"loc":{"start":{"line":170,"column":39},"end":{"line":170,"column":83}},"line":170},"19":{"name":"(anonymous_19)","decl":{"start":{"line":187,"column":55},"end":{"line":187,"column":56}},"loc":{"start":{"line":187,"column":60},"end":{"line":187,"column":84}},"line":187},"20":{"name":"(anonymous_20)","decl":{"start":{"line":191,"column":31},"end":{"line":191,"column":32}},"loc":{"start":{"line":191,"column":37},"end":{"line":191,"column":69}},"line":191},"21":{"name":"(anonymous_21)","decl":{"start":{"line":192,"column":31},"end":{"line":192,"column":32}},"loc":{"start":{"line":192,"column":37},"end":{"line":192,"column":79}},"line":192},"22":{"name":"(anonymous_22)","decl":{"start":{"line":206,"column":28},"end":{"line":206,"column":29}},"loc":{"start":{"line":206,"column":33},"end":{"line":206,"column":72}},"line":206},"23":{"name":"(anonymous_23)","decl":{"start":{"line":210,"column":31},"end":{"line":210,"column":32}},"loc":{"start":{"line":210,"column":37},"end":{"line":210,"column":75}},"line":210},"24":{"name":"(anonymous_24)","decl":{"start":{"line":211,"column":31},"end":{"line":211,"column":32}},"loc":{"start":{"line":211,"column":37},"end":{"line":211,"column":82}},"line":211}},"branchMap":{"0":{"loc":{"start":{"line":22,"column":6},"end":{"line":22,"column":29}},"type":"if","locations":[{"start":{"line":22,"column":6},"end":{"line":22,"column":29}},{"start":{},"end":{}}],"line":22},"1":{"loc":{"start":{"line":35,"column":6},"end":{"line":35,"column":29}},"type":"if","locations":[{"start":{"line":35,"column":6},"end":{"line":35,"column":29}},{"start":{},"end":{}}],"line":35},"2":{"loc":{"start":{"line":36,"column":17},"end":{"line":36,"column":27}},"type":"binary-expr","locations":[{"start":{"line":36,"column":17},"end":{"line":36,"column":21}},{"start":{"line":36,"column":25},"end":{"line":36,"column":27}}],"line":36},"3":{"loc":{"start":{"line":48,"column":6},"end":{"line":48,"column":29}},"type":"if","locations":[{"start":{"line":48,"column":6},"end":{"line":48,"column":29}},{"start":{},"end":{}}],"line":48},"4":{"loc":{"start":{"line":51,"column":29},"end":{"line":51,"column":84}},"type":"cond-expr","locations":[{"start":{"line":51,"column":36},"end":{"line":51,"column":79}},{"start":{"line":51,"column":82},"end":{"line":51,"column":84}}],"line":51},"5":{"loc":{"start":{"line":74,"column":6},"end":{"line":74,"column":29}},"type":"if","locations":[{"start":{"line":74,"column":6},"end":{"line":74,"column":29}},{"start":{},"end":{}}],"line":74},"6":{"loc":{"start":{"line":93,"column":6},"end":{"line":93,"column":29}},"type":"if","locations":[{"start":{"line":93,"column":6},"end":{"line":93,"column":29}},{"start":{},"end":{}}],"line":93},"7":{"loc":{"start":{"line":107,"column":28},"end":{"line":107,"column":46}},"type":"binary-expr","locations":[{"start":{"line":107,"column":28},"end":{"line":107,"column":37}},{"start":{"line":107,"column":41},"end":{"line":107,"column":46}}],"line":107},"8":{"loc":{"start":{"line":123,"column":9},"end":{"line":142,"column":9}},"type":"cond-expr","locations":[{"start":{"line":124,"column":10},"end":{"line":124,"column":61}},{"start":{"line":126,"column":10},"end":{"line":141,"column":12}}],"line":123},"9":{"loc":{"start":{"line":128,"column":15},"end":{"line":132,"column":15}},"type":"cond-expr","locations":[{"start":{"line":129,"column":16},"end":{"line":129,"column":100}},{"start":{"line":131,"column":16},"end":{"line":131,"column":89}}],"line":128},"10":{"loc":{"start":{"line":155,"column":9},"end":{"line":176,"column":9}},"type":"cond-expr","locations":[{"start":{"line":156,"column":10},"end":{"line":156,"column":33}},{"start":{"line":157,"column":12},"end":{"line":176,"column":9}}],"line":155},"11":{"loc":{"start":{"line":157,"column":12},"end":{"line":176,"column":9}},"type":"cond-expr","locations":[{"start":{"line":158,"column":10},"end":{"line":158,"column":32}},{"start":{"line":160,"column":10},"end":{"line":175,"column":12}}],"line":157},"12":{"loc":{"start":{"line":162,"column":15},"end":{"line":166,"column":15}},"type":"cond-expr","locations":[{"start":{"line":163,"column":16},"end":{"line":163,"column":88}},{"start":{"line":165,"column":16},"end":{"line":165,"column":82}}],"line":162},"13":{"loc":{"start":{"line":180,"column":7},"end":{"line":196,"column":7}},"type":"binary-expr","locations":[{"start":{"line":180,"column":7},"end":{"line":180,"column":20}},{"start":{"line":181,"column":8},"end":{"line":195,"column":16}}],"line":180},"14":{"loc":{"start":{"line":198,"column":7},"end":{"line":215,"column":7}},"type":"binary-expr","locations":[{"start":{"line":198,"column":7},"end":{"line":198,"column":23}},{"start":{"line":199,"column":8},"end":{"line":214,"column":16}}],"line":198}},"s":{"0":13,"1":13,"2":13,"3":13,"4":13,"5":13,"6":13,"7":13,"8":13,"9":5,"10":5,"11":5,"12":0,"13":5,"14":0,"15":13,"16":5,"17":5,"18":5,"19":0,"20":5,"21":0,"22":13,"23":9,"24":9,"25":9,"26":0,"27":9,"28":3,"29":9,"30":9,"31":9,"32":0,"33":9,"34":13,"35":5,"36":5,"37":13,"38":9,"39":1,"40":1,"41":1,"42":0,"43":1,"44":1,"45":1,"46":1,"47":1,"48":1,"49":0,"50":0,"51":0,"52":0,"53":0,"54":0,"55":0,"56":0,"57":0,"58":0,"59":0,"60":0,"61":0,"62":13,"63":1,"64":5,"65":0,"66":6,"67":1,"68":1,"69":1,"70":0,"71":0,"72":0,"73":0},"f":{"0":13,"1":5,"2":5,"3":9,"4":3,"5":9,"6":5,"7":9,"8":1,"9":1,"10":1,"11":0,"12":0,"13":0,"14":1,"15":5,"16":0,"17":6,"18":1,"19":1,"20":1,"21":0,"22":0,"23":0,"24":0},"b":{"0":[0,5],"1":[0,5],"2":[5,0],"3":[0,9],"4":[9,0],"5":[0,1],"6":[0,0],"7":[13,5],"8":[8,5],"9":[0,5],"10":[5,8],"11":[2,6],"12":[0,6],"13":[13,1],"14":[13,0]},"_coverageSchema":"1a1c01bbd47fc00a2c39e90264f33305004495a9","hash":"ea42b16c1ebb28a3a3b4dbea98f6589533dd828d"}
,"C:\\Users\\busis\\Downloads\\Programming\\SDP\\Clubs-Connect\\src\\components\\Auth.jsx": {"path":"C:\\Users\\busis\\Downloads\\Programming\\SDP\\Clubs-Connect\\src\\components\\Auth.jsx","statementMap":{"0":{"start":{"line":8,"column":28},"end":{"line":10,"column":1}},"1":{"start":{"line":9,"column":2},"end":{"line":9,"column":32}},"2":{"start":{"line":13,"column":26},"end":{"line":13,"column":38}},"3":{"start":{"line":14,"column":28},"end":{"line":14,"column":40}},"4":{"start":{"line":15,"column":34},"end":{"line":15,"column":46}},"5":{"start":{"line":16,"column":26},"end":{"line":16,"column":40}},"6":{"start":{"line":17,"column":34},"end":{"line":17,"column":46}},"7":{"start":{"line":18,"column":26},"end":{"line":18,"column":38}},"8":{"start":{"line":19,"column":32},"end":{"line":19,"column":47}},"9":{"start":{"line":20,"column":28},"end":{"line":20,"column":40}},"10":{"start":{"line":22,"column":38},"end":{"line":22,"column":53}},"11":{"start":{"line":23,"column":48},"end":{"line":23,"column":62}},"12":{"start":{"line":25,"column":19},"end":{"line":25,"column":32}},"13":{"start":{"line":26,"column":44},"end":{"line":26,"column":87}},"14":{"start":{"line":28,"column":24},"end":{"line":28,"column":46}},"15":{"start":{"line":29,"column":22},"end":{"line":29,"column":74}},"16":{"start":{"line":29,"column":31},"end":{"line":29,"column":74}},"17":{"start":{"line":31,"column":19},"end":{"line":31,"column":32}},"18":{"start":{"line":34,"column":23},"end":{"line":45,"column":3}},"19":{"start":{"line":35,"column":28},"end":{"line":39,"column":15}},"20":{"start":{"line":40,"column":4},"end":{"line":43,"column":5}},"21":{"start":{"line":41,"column":6},"end":{"line":41,"column":54}},"22":{"start":{"line":42,"column":6},"end":{"line":42,"column":18}},"23":{"start":{"line":44,"column":4},"end":{"line":44,"column":16}},"24":{"start":{"line":48,"column":35},"end":{"line":63,"column":3}},"25":{"start":{"line":49,"column":28},"end":{"line":49,"column":99}},"26":{"start":{"line":51,"column":4},"end":{"line":54,"column":5}},"27":{"start":{"line":52,"column":6},"end":{"line":52,"column":54}},"28":{"start":{"line":53,"column":6},"end":{"line":53,"column":13}},"29":{"start":{"line":56,"column":4},"end":{"line":62,"column":5}},"30":{"start":{"line":57,"column":23},"end":{"line":57,"column":86}},"31":{"start":{"line":58,"column":37},"end":{"line":60,"column":72}},"32":{"start":{"line":61,"column":6},"end":{"line":61,"column":77}},"33":{"start":{"line":61,"column":23},"end":{"line":61,"column":77}},"34":{"start":{"line":66,"column":2},"end":{"line":116,"column":17}},"35":{"start":{"line":67,"column":4},"end":{"line":85,"column":7}},"36":{"start":{"line":68,"column":6},"end":{"line":83,"column":7}},"37":{"start":{"line":69,"column":8},"end":{"line":82,"column":9}},"38":{"start":{"line":70,"column":10},"end":{"line":70,"column":34}},"39":{"start":{"line":71,"column":10},"end":{"line":71,"column":63}},"40":{"start":{"line":73,"column":10},"end":{"line":73,"column":32}},"41":{"start":{"line":74,"column":10},"end":{"line":81,"column":13}},"42":{"start":{"line":75,"column":12},"end":{"line":75,"column":50}},"43":{"start":{"line":76,"column":12},"end":{"line":76,"column":41}},"44":{"start":{"line":78,"column":12},"end":{"line":80,"column":78}},"45":{"start":{"line":78,"column":45},"end":{"line":78,"column":76}},"46":{"start":{"line":79,"column":17},"end":{"line":80,"column":78}},"47":{"start":{"line":79,"column":46},"end":{"line":79,"column":73}},"48":{"start":{"line":80,"column":17},"end":{"line":80,"column":78}},"49":{"start":{"line":80,"column":47},"end":{"line":80,"column":78}},"50":{"start":{"line":84,"column":6},"end":{"line":84,"column":32}},"51":{"start":{"line":87,"column":31},"end":{"line":111,"column":6}},"52":{"start":{"line":88,"column":6},"end":{"line":110,"column":7}},"53":{"start":{"line":89,"column":8},"end":{"line":105,"column":9}},"54":{"start":{"line":90,"column":10},"end":{"line":90,"column":40}},"55":{"start":{"line":91,"column":10},"end":{"line":91,"column":63}},"56":{"start":{"line":92,"column":10},"end":{"line":92,"column":24}},"57":{"start":{"line":93,"column":10},"end":{"line":93,"column":22}},"58":{"start":{"line":95,"column":10},"end":{"line":95,"column":32}},"59":{"start":{"line":96,"column":10},"end":{"line":96,"column":55}},"60":{"start":{"line":97,"column":10},"end":{"line":104,"column":13}},"61":{"start":{"line":98,"column":12},"end":{"line":98,"column":50}},"62":{"start":{"line":99,"column":12},"end":{"line":99,"column":41}},"63":{"start":{"line":101,"column":12},"end":{"line":103,"column":78}},"64":{"start":{"line":101,"column":45},"end":{"line":101,"column":76}},"65":{"start":{"line":102,"column":17},"end":{"line":103,"column":78}},"66":{"start":{"line":102,"column":46},"end":{"line":102,"column":73}},"67":{"start":{"line":103,"column":17},"end":{"line":103,"column":78}},"68":{"start":{"line":103,"column":47},"end":{"line":103,"column":78}},"69":{"start":{"line":107,"column":8},"end":{"line":107,"column":22}},"70":{"start":{"line":108,"column":8},"end":{"line":108,"column":24}},"71":{"start":{"line":109,"column":8},"end":{"line":109,"column":20}},"72":{"start":{"line":113,"column":4},"end":{"line":115,"column":6}},"73":{"start":{"line":114,"column":6},"end":{"line":114,"column":42}},"74":{"start":{"line":119,"column":23},"end":{"line":148,"column":3}},"75":{"start":{"line":120,"column":4},"end":{"line":120,"column":23}},"76":{"start":{"line":121,"column":4},"end":{"line":124,"column":5}},"77":{"start":{"line":122,"column":6},"end":{"line":122,"column":59}},"78":{"start":{"line":123,"column":6},"end":{"line":123,"column":13}},"79":{"start":{"line":125,"column":4},"end":{"line":125,"column":21}},"80":{"start":{"line":126,"column":4},"end":{"line":126,"column":17}},"81":{"start":{"line":128,"column":28},"end":{"line":128,"column":75}},"82":{"start":{"line":129,"column":4},"end":{"line":133,"column":5}},"83":{"start":{"line":130,"column":6},"end":{"line":130,"column":30}},"84":{"start":{"line":131,"column":6},"end":{"line":131,"column":24}},"85":{"start":{"line":132,"column":6},"end":{"line":132,"column":13}},"86":{"start":{"line":135,"column":19},"end":{"line":135,"column":31}},"87":{"start":{"line":136,"column":36},"end":{"line":138,"column":48}},"88":{"start":{"line":140,"column":4},"end":{"line":144,"column":5}},"89":{"start":{"line":141,"column":6},"end":{"line":141,"column":37}},"90":{"start":{"line":142,"column":6},"end":{"line":142,"column":24}},"91":{"start":{"line":143,"column":6},"end":{"line":143,"column":13}},"92":{"start":{"line":146,"column":4},"end":{"line":146,"column":22}},"93":{"start":{"line":147,"column":4},"end":{"line":147,"column":24}},"94":{"start":{"line":151,"column":22},"end":{"line":179,"column":3}},"95":{"start":{"line":152,"column":4},"end":{"line":152,"column":23}},"96":{"start":{"line":153,"column":4},"end":{"line":156,"column":5}},"97":{"start":{"line":154,"column":6},"end":{"line":154,"column":59}},"98":{"start":{"line":155,"column":6},"end":{"line":155,"column":13}},"99":{"start":{"line":157,"column":4},"end":{"line":157,"column":21}},"100":{"start":{"line":158,"column":4},"end":{"line":158,"column":17}},"101":{"start":{"line":160,"column":28},"end":{"line":163,"column":6}},"102":{"start":{"line":164,"column":4},"end":{"line":168,"column":5}},"103":{"start":{"line":165,"column":6},"end":{"line":165,"column":30}},"104":{"start":{"line":166,"column":6},"end":{"line":166,"column":24}},"105":{"start":{"line":167,"column":6},"end":{"line":167,"column":13}},"106":{"start":{"line":170,"column":20},"end":{"line":170,"column":52}},"107":{"start":{"line":171,"column":4},"end":{"line":171,"column":23}},"108":{"start":{"line":172,"column":4},"end":{"line":172,"column":42}},"109":{"start":{"line":173,"column":4},"end":{"line":173,"column":33}},"110":{"start":{"line":174,"column":4},"end":{"line":174,"column":22}},"111":{"start":{"line":176,"column":4},"end":{"line":178,"column":70}},"112":{"start":{"line":176,"column":37},"end":{"line":176,"column":68}},"113":{"start":{"line":177,"column":9},"end":{"line":178,"column":70}},"114":{"start":{"line":177,"column":38},"end":{"line":177,"column":65}},"115":{"start":{"line":178,"column":9},"end":{"line":178,"column":70}},"116":{"start":{"line":178,"column":39},"end":{"line":178,"column":70}},"117":{"start":{"line":182,"column":29},"end":{"line":192,"column":3}},"118":{"start":{"line":183,"column":4},"end":{"line":183,"column":21}},"119":{"start":{"line":184,"column":22},"end":{"line":189,"column":6}},"120":{"start":{"line":190,"column":4},"end":{"line":190,"column":39}},"121":{"start":{"line":190,"column":15},"end":{"line":190,"column":39}},"122":{"start":{"line":191,"column":4},"end":{"line":191,"column":22}},"123":{"start":{"line":195,"column":23},"end":{"line":204,"column":3}},"124":{"start":{"line":196,"column":4},"end":{"line":196,"column":34}},"125":{"start":{"line":197,"column":4},"end":{"line":197,"column":18}},"126":{"start":{"line":198,"column":4},"end":{"line":198,"column":20}},"127":{"start":{"line":199,"column":4},"end":{"line":199,"column":16}},"128":{"start":{"line":200,"column":4},"end":{"line":200,"column":17}},"129":{"start":{"line":201,"column":4},"end":{"line":201,"column":20}},"130":{"start":{"line":202,"column":4},"end":{"line":202,"column":16}},"131":{"start":{"line":203,"column":4},"end":{"line":203,"column":17}},"132":{"start":{"line":207,"column":31},"end":{"line":211,"column":3}},"133":{"start":{"line":208,"column":4},"end":{"line":208,"column":37}},"134":{"start":{"line":209,"column":4},"end":{"line":209,"column":17}},"135":{"start":{"line":210,"column":4},"end":{"line":210,"column":16}},"136":{"start":{"line":213,"column":2},"end":{"line":221,"column":3}},"137":{"start":{"line":214,"column":4},"end":{"line":220,"column":6}},"138":{"start":{"line":223,"column":2},"end":{"line":307,"column":4}}},"fnMap":{"0":{"name":"(anonymous_0)","decl":{"start":{"line":8,"column":28},"end":{"line":8,"column":29}},"loc":{"start":{"line":8,"column":40},"end":{"line":10,"column":1}},"line":8},"1":{"name":"Auth","decl":{"start":{"line":12,"column":24},"end":{"line":12,"column":28}},"loc":{"start":{"line":12,"column":31},"end":{"line":308,"column":1}},"line":12},"2":{"name":"(anonymous_2)","decl":{"start":{"line":29,"column":22},"end":{"line":29,"column":23}},"loc":{"start":{"line":29,"column":31},"end":{"line":29,"column":74}},"line":29},"3":{"name":"(anonymous_3)","decl":{"start":{"line":34,"column":23},"end":{"line":34,"column":24}},"loc":{"start":{"line":34,"column":39},"end":{"line":45,"column":3}},"line":34},"4":{"name":"(anonymous_4)","decl":{"start":{"line":48,"column":35},"end":{"line":48,"column":36}},"loc":{"start":{"line":48,"column":49},"end":{"line":63,"column":3}},"line":48},"5":{"name":"(anonymous_5)","decl":{"start":{"line":66,"column":12},"end":{"line":66,"column":13}},"loc":{"start":{"line":66,"column":18},"end":{"line":116,"column":3}},"line":66},"6":{"name":"(anonymous_6)","decl":{"start":{"line":67,"column":36},"end":{"line":67,"column":37}},"loc":{"start":{"line":67,"column":63},"end":{"line":85,"column":5}},"line":67},"7":{"name":"(anonymous_7)","decl":{"start":{"line":74,"column":45},"end":{"line":74,"column":46}},"loc":{"start":{"line":74,"column":56},"end":{"line":81,"column":11}},"line":74},"8":{"name":"(anonymous_8)","decl":{"start":{"line":87,"column":63},"end":{"line":87,"column":64}},"loc":{"start":{"line":87,"column":90},"end":{"line":111,"column":5}},"line":87},"9":{"name":"(anonymous_9)","decl":{"start":{"line":97,"column":45},"end":{"line":97,"column":46}},"loc":{"start":{"line":97,"column":56},"end":{"line":104,"column":11}},"line":97},"10":{"name":"(anonymous_10)","decl":{"start":{"line":113,"column":11},"end":{"line":113,"column":12}},"loc":{"start":{"line":113,"column":17},"end":{"line":115,"column":5}},"line":113},"11":{"name":"(anonymous_11)","decl":{"start":{"line":119,"column":23},"end":{"line":119,"column":24}},"loc":{"start":{"line":119,"column":34},"end":{"line":148,"column":3}},"line":119},"12":{"name":"(anonymous_12)","decl":{"start":{"line":151,"column":22},"end":{"line":151,"column":23}},"loc":{"start":{"line":151,"column":33},"end":{"line":179,"column":3}},"line":151},"13":{"name":"(anonymous_13)","decl":{"start":{"line":182,"column":29},"end":{"line":182,"column":30}},"loc":{"start":{"line":182,"column":41},"end":{"line":192,"column":3}},"line":182},"14":{"name":"(anonymous_14)","decl":{"start":{"line":195,"column":23},"end":{"line":195,"column":24}},"loc":{"start":{"line":195,"column":35},"end":{"line":204,"column":3}},"line":195},"15":{"name":"(anonymous_15)","decl":{"start":{"line":207,"column":31},"end":{"line":207,"column":32}},"loc":{"start":{"line":207,"column":37},"end":{"line":211,"column":3}},"line":207}},"branchMap":{"0":{"loc":{"start":{"line":40,"column":4},"end":{"line":43,"column":5}},"type":"if","locations":[{"start":{"line":40,"column":4},"end":{"line":43,"column":5}},{"start":{},"end":{}}],"line":40},"1":{"loc":{"start":{"line":51,"column":4},"end":{"line":54,"column":5}},"type":"if","locations":[{"start":{"line":51,"column":4},"end":{"line":54,"column":5}},{"start":{},"end":{}}],"line":51},"2":{"loc":{"start":{"line":51,"column":8},"end":{"line":51,"column":42}},"type":"binary-expr","locations":[{"start":{"line":51,"column":8},"end":{"line":51,"column":13}},{"start":{"line":51,"column":17},"end":{"line":51,"column":42}}],"line":51},"3":{"loc":{"start":{"line":56,"column":4},"end":{"line":62,"column":5}},"type":"if","locations":[{"start":{"line":56,"column":4},"end":{"line":62,"column":5}},{"start":{},"end":{}}],"line":56},"4":{"loc":{"start":{"line":57,"column":23},"end":{"line":57,"column":86}},"type":"binary-expr","locations":[{"start":{"line":57,"column":23},"end":{"line":57,"column":52}},{"start":{"line":57,"column":56},"end":{"line":57,"column":80}},{"start":{"line":57,"column":84},"end":{"line":57,"column":86}}],"line":57},"5":{"loc":{"start":{"line":61,"column":6},"end":{"line":61,"column":77}},"type":"if","locations":[{"start":{"line":61,"column":6},"end":{"line":61,"column":77}},{"start":{},"end":{}}],"line":61},"6":{"loc":{"start":{"line":68,"column":6},"end":{"line":83,"column":7}},"type":"if","locations":[{"start":{"line":68,"column":6},"end":{"line":83,"column":7}},{"start":{},"end":{}}],"line":68},"7":{"loc":{"start":{"line":69,"column":8},"end":{"line":82,"column":9}},"type":"if","locations":[{"start":{"line":69,"column":8},"end":{"line":82,"column":9}},{"start":{"line":72,"column":15},"end":{"line":82,"column":9}}],"line":69},"8":{"loc":{"start":{"line":75,"column":24},"end":{"line":75,"column":48}},"type":"binary-expr","locations":[{"start":{"line":75,"column":24},"end":{"line":75,"column":42}},{"start":{"line":75,"column":46},"end":{"line":75,"column":48}}],"line":75},"9":{"loc":{"start":{"line":76,"column":20},"end":{"line":76,"column":39}},"type":"binary-expr","locations":[{"start":{"line":76,"column":20},"end":{"line":76,"column":33}},{"start":{"line":76,"column":37},"end":{"line":76,"column":39}}],"line":76},"10":{"loc":{"start":{"line":78,"column":12},"end":{"line":80,"column":78}},"type":"if","locations":[{"start":{"line":78,"column":12},"end":{"line":80,"column":78}},{"start":{"line":79,"column":17},"end":{"line":80,"column":78}}],"line":78},"11":{"loc":{"start":{"line":79,"column":17},"end":{"line":80,"column":78}},"type":"if","locations":[{"start":{"line":79,"column":17},"end":{"line":80,"column":78}},{"start":{"line":80,"column":17},"end":{"line":80,"column":78}}],"line":79},"12":{"loc":{"start":{"line":80,"column":17},"end":{"line":80,"column":78}},"type":"if","locations":[{"start":{"line":80,"column":17},"end":{"line":80,"column":78}},{"start":{},"end":{}}],"line":80},"13":{"loc":{"start":{"line":88,"column":6},"end":{"line":110,"column":7}},"type":"if","locations":[{"start":{"line":88,"column":6},"end":{"line":110,"column":7}},{"start":{"line":106,"column":13},"end":{"line":110,"column":7}}],"line":88},"14":{"loc":{"start":{"line":89,"column":8},"end":{"line":105,"column":9}},"type":"if","locations":[{"start":{"line":89,"column":8},"end":{"line":105,"column":9}},{"start":{"line":94,"column":15},"end":{"line":105,"column":9}}],"line":89},"15":{"loc":{"start":{"line":98,"column":24},"end":{"line":98,"column":48}},"type":"binary-expr","locations":[{"start":{"line":98,"column":24},"end":{"line":98,"column":42}},{"start":{"line":98,"column":46},"end":{"line":98,"column":48}}],"line":98},"16":{"loc":{"start":{"line":99,"column":20},"end":{"line":99,"column":39}},"type":"binary-expr","locations":[{"start":{"line":99,"column":20},"end":{"line":99,"column":33}},{"start":{"line":99,"column":37},"end":{"line":99,"column":39}}],"line":99},"17":{"loc":{"start":{"line":101,"column":12},"end":{"line":103,"column":78}},"type":"if","locations":[{"start":{"line":101,"column":12},"end":{"line":103,"column":78}},{"start":{"line":102,"column":17},"end":{"line":103,"column":78}}],"line":101},"18":{"loc":{"start":{"line":102,"column":17},"end":{"line":103,"column":78}},"type":"if","locations":[{"start":{"line":102,"column":17},"end":{"line":103,"column":78}},{"start":{"line":103,"column":17},"end":{"line":103,"column":78}}],"line":102},"19":{"loc":{"start":{"line":103,"column":17},"end":{"line":103,"column":78}},"type":"if","locations":[{"start":{"line":103,"column":17},"end":{"line":103,"column":78}},{"start":{},"end":{}}],"line":103},"20":{"loc":{"start":{"line":121,"column":4},"end":{"line":124,"column":5}},"type":"if","locations":[{"start":{"line":121,"column":4},"end":{"line":124,"column":5}},{"start":{},"end":{}}],"line":121},"21":{"loc":{"start":{"line":129,"column":4},"end":{"line":133,"column":5}},"type":"if","locations":[{"start":{"line":129,"column":4},"end":{"line":133,"column":5}},{"start":{},"end":{}}],"line":129},"22":{"loc":{"start":{"line":140,"column":4},"end":{"line":144,"column":5}},"type":"if","locations":[{"start":{"line":140,"column":4},"end":{"line":144,"column":5}},{"start":{},"end":{}}],"line":140},"23":{"loc":{"start":{"line":153,"column":4},"end":{"line":156,"column":5}},"type":"if","locations":[{"start":{"line":153,"column":4},"end":{"line":156,"column":5}},{"start":{},"end":{}}],"line":153},"24":{"loc":{"start":{"line":164,"column":4},"end":{"line":168,"column":5}},"type":"if","locations":[{"start":{"line":164,"column":4},"end":{"line":168,"column":5}},{"start":{},"end":{}}],"line":164},"25":{"loc":{"start":{"line":172,"column":16},"end":{"line":172,"column":40}},"type":"binary-expr","locations":[{"start":{"line":172,"column":16},"end":{"line":172,"column":34}},{"start":{"line":172,"column":38},"end":{"line":172,"column":40}}],"line":172},"26":{"loc":{"start":{"line":173,"column":12},"end":{"line":173,"column":31}},"type":"binary-expr","locations":[{"start":{"line":173,"column":12},"end":{"line":173,"column":25}},{"start":{"line":173,"column":29},"end":{"line":173,"column":31}}],"line":173},"27":{"loc":{"start":{"line":176,"column":4},"end":{"line":178,"column":70}},"type":"if","locations":[{"start":{"line":176,"column":4},"end":{"line":178,"column":70}},{"start":{"line":177,"column":9},"end":{"line":178,"column":70}}],"line":176},"28":{"loc":{"start":{"line":177,"column":9},"end":{"line":178,"column":70}},"type":"if","locations":[{"start":{"line":177,"column":9},"end":{"line":178,"column":70}},{"start":{"line":178,"column":9},"end":{"line":178,"column":70}}],"line":177},"29":{"loc":{"start":{"line":178,"column":9},"end":{"line":178,"column":70}},"type":"if","locations":[{"start":{"line":178,"column":9},"end":{"line":178,"column":70}},{"start":{},"end":{}}],"line":178},"30":{"loc":{"start":{"line":190,"column":4},"end":{"line":190,"column":39}},"type":"if","locations":[{"start":{"line":190,"column":4},"end":{"line":190,"column":39}},{"start":{},"end":{}}],"line":190},"31":{"loc":{"start":{"line":213,"column":2},"end":{"line":221,"column":3}},"type":"if","locations":[{"start":{"line":213,"column":2},"end":{"line":221,"column":3}},{"start":{},"end":{}}],"line":213},"32":{"loc":{"start":{"line":225,"column":7},"end":{"line":305,"column":7}},"type":"cond-expr","locations":[{"start":{"line":226,"column":8},"end":{"line":230,"column":15}},{"start":{"line":233,"column":8},"end":{"line":304,"column":18}}],"line":225},"33":{"loc":{"start":{"line":239,"column":13},"end":{"line":296,"column":13}},"type":"cond-expr","locations":[{"start":{"line":240,"column":14},"end":{"line":266,"column":21}},{"start":{"line":268,"column":14},"end":{"line":295,"column":21}}],"line":239},"34":{"loc":{"start":{"line":298,"column":13},"end":{"line":302,"column":13}},"type":"binary-expr","locations":[{"start":{"line":298,"column":13},"end":{"line":298,"column":18}},{"start":{"line":299,"column":14},"end":{"line":301,"column":18}}],"line":298}},"s":{"0":12,"1":4,"2":36,"3":36,"4":36,"5":36,"6":36,"7":36,"8":36,"9":36,"10":36,"11":36,"12":36,"13":36,"14":36,"15":36,"16":0,"17":36,"18":36,"19":0,"20":0,"21":0,"22":0,"23":0,"24":36,"25":0,"26":0,"27":0,"28":0,"29":0,"30":0,"31":0,"32":0,"33":0,"34":36,"35":16,"36":16,"37":0,"38":0,"39":0,"40":0,"41":0,"42":0,"43":0,"44":0,"45":0,"46":0,"47":0,"48":0,"49":0,"50":16,"51":16,"52":0,"53":0,"54":0,"55":0,"56":0,"57":0,"58":0,"59":0,"60":0,"61":0,"62":0,"63":0,"64":0,"65":0,"66":0,"67":0,"68":0,"69":0,"70":0,"71":0,"72":16,"73":16,"74":36,"75":0,"76":0,"77":0,"78":0,"79":0,"80":0,"81":0,"82":0,"83":0,"84":0,"85":0,"86":0,"87":0,"88":0,"89":0,"90":0,"91":0,"92":0,"93":0,"94":36,"95":0,"96":0,"97":0,"98":0,"99":0,"100":0,"101":0,"102":0,"103":0,"104":0,"105":0,"106":0,"107":0,"108":0,"109":0,"110":0,"111":0,"112":0,"113":0,"114":0,"115":0,"116":0,"117":36,"118":2,"119":2,"120":0,"121":0,"122":0,"123":36,"124":0,"125":0,"126":0,"127":0,"128":0,"129":0,"130":0,"131":0,"132":36,"133":3,"134":3,"135":3,"136":36,"137":16,"138":20},"f":{"0":4,"1":36,"2":0,"3":0,"4":0,"5":16,"6":16,"7":0,"8":0,"9":0,"10":16,"11":0,"12":0,"13":2,"14":0,"15":3},"b":{"0":[0,0],"1":[0,0],"2":[0,0],"3":[0,0],"4":[0,0,0],"5":[0,0],"6":[0,16],"7":[0,0],"8":[0,0],"9":[0,0],"10":[0,0],"11":[0,0],"12":[0,0],"13":[0,0],"14":[0,0],"15":[0,0],"16":[0,0],"17":[0,0],"18":[0,0],"19":[0,0],"20":[0,0],"21":[0,0],"22":[0,0],"23":[0,0],"24":[0,0],"25":[0,0],"26":[0,0],"27":[0,0],"28":[0,0],"29":[0,0],"30":[0,0],"31":[16,20],"32":[0,20],"33":[8,12],"34":[20,0]},"_coverageSchema":"1a1c01bbd47fc00a2c39e90264f33305004495a9","hash":"af468a21bf259ae585315c7164b53ff49b034e61"}
,"C:\\Users\\busis\\Downloads\\Programming\\SDP\\Clubs-Connect\\src\\components\\CSO.jsx": {"path":"C:\\Users\\busis\\Downloads\\Programming\\SDP\\Clubs-Connect\\src\\components\\CSO.jsx","statementMap":{"0":{"start":{"line":6,"column":19},"end":{"line":6,"column":32}},"1":{"start":{"line":8,"column":17},"end":{"line":10,"column":3}},"2":{"start":{"line":9,"column":4},"end":{"line":9,"column":24}},"3":{"start":{"line":12,"column":15},"end":{"line":14,"column":3}},"4":{"start":{"line":13,"column":4},"end":{"line":13,"column":21}},"5":{"start":{"line":16,"column":2},"end":{"line":23,"column":4}}},"fnMap":{"0":{"name":"SGODashboard","decl":{"start":{"line":5,"column":24},"end":{"line":5,"column":36}},"loc":{"start":{"line":5,"column":39},"end":{"line":24,"column":1}},"line":5},"1":{"name":"(anonymous_1)","decl":{"start":{"line":8,"column":17},"end":{"line":8,"column":18}},"loc":{"start":{"line":8,"column":23},"end":{"line":10,"column":3}},"line":8},"2":{"name":"(anonymous_2)","decl":{"start":{"line":12,"column":15},"end":{"line":12,"column":16}},"loc":{"start":{"line":12,"column":21},"end":{"line":14,"column":3}},"line":12}},"branchMap":{},"s":{"0":6,"1":6,"2":1,"3":6,"4":1,"5":6},"f":{"0":6,"1":1,"2":1},"b":{},"_coverageSchema":"1a1c01bbd47fc00a2c39e90264f33305004495a9","hash":"addbf8006dc67609a6e83a4e3a29c4bab3425e94"}
,"C:\\Users\\busis\\Downloads\\Programming\\SDP\\Clubs-Connect\\src\\components\\CSOPage.jsx": {"path":"C:\\Users\\busis\\Downloads\\Programming\\SDP\\Clubs-Connect\\src\\components\\CSOPage.jsx","statementMap":{"0":{"start":{"line":11,"column":18},"end":{"line":11,"column":66}},"1":{"start":{"line":12,"column":17},"end":{"line":12,"column":47}},"2":{"start":{"line":13,"column":2},"end":{"line":13,"column":84}},"3":{"start":{"line":13,"column":21},"end":{"line":13,"column":84}},"4":{"start":{"line":14,"column":2},"end":{"line":14,"column":43}},"5":{"start":{"line":15,"column":2},"end":{"line":15,"column":86}},"6":{"start":{"line":15,"column":21},"end":{"line":15,"column":86}},"7":{"start":{"line":16,"column":2},"end":{"line":16,"column":41}},"8":{"start":{"line":17,"column":2},"end":{"line":17,"column":82}},"9":{"start":{"line":17,"column":21},"end":{"line":17,"column":82}},"10":{"start":{"line":18,"column":2},"end":{"line":18,"column":40}},"11":{"start":{"line":19,"column":2},"end":{"line":19,"column":84}},"12":{"start":{"line":19,"column":21},"end":{"line":19,"column":84}},"13":{"start":{"line":20,"column":2},"end":{"line":20,"column":38}},"14":{"start":{"line":21,"column":2},"end":{"line":21,"column":88}},"15":{"start":{"line":21,"column":21},"end":{"line":21,"column":88}},"16":{"start":{"line":22,"column":2},"end":{"line":22,"column":20}},"17":{"start":{"line":26,"column":23},"end":{"line":26,"column":34}},"18":{"start":{"line":27,"column":19},"end":{"line":27,"column":32}},"19":{"start":{"line":28,"column":30},"end":{"line":28,"column":44}},"20":{"start":{"line":29,"column":28},"end":{"line":29,"column":40}},"21":{"start":{"line":30,"column":44},"end":{"line":30,"column":58}},"22":{"start":{"line":31,"column":42},"end":{"line":31,"column":56}},"23":{"start":{"line":32,"column":26},"end":{"line":32,"column":40}},"24":{"start":{"line":33,"column":32},"end":{"line":33,"column":47}},"25":{"start":{"line":36,"column":44},"end":{"line":36,"column":58}},"26":{"start":{"line":37,"column":40},"end":{"line":37,"column":52}},"27":{"start":{"line":40,"column":42},"end":{"line":40,"column":83}},"28":{"start":{"line":43,"column":40},"end":{"line":43,"column":79}},"29":{"start":{"line":46,"column":27},"end":{"line":49,"column":3}},"30":{"start":{"line":47,"column":4},"end":{"line":47,"column":48}},"31":{"start":{"line":48,"column":4},"end":{"line":48,"column":77}},"32":{"start":{"line":48,"column":21},"end":{"line":48,"column":69}},"33":{"start":{"line":52,"column":2},"end":{"line":100,"column":17}},"34":{"start":{"line":53,"column":22},"end":{"line":98,"column":5}},"35":{"start":{"line":57,"column":10},"end":{"line":57,"column":39}},"36":{"start":{"line":58,"column":6},"end":{"line":58,"column":68}},"37":{"start":{"line":58,"column":17},"end":{"line":58,"column":68}},"38":{"start":{"line":59,"column":6},"end":{"line":59,"column":20}},"39":{"start":{"line":61,"column":6},"end":{"line":97,"column":7}},"40":{"start":{"line":62,"column":8},"end":{"line":96,"column":9}},"41":{"start":{"line":63,"column":43},"end":{"line":67,"column":21}},"42":{"start":{"line":69,"column":39},"end":{"line":73,"column":21}},"43":{"start":{"line":75,"column":10},"end":{"line":93,"column":11}},"44":{"start":{"line":76,"column":12},"end":{"line":76,"column":29}},"45":{"start":{"line":77,"column":12},"end":{"line":77,"column":29}},"46":{"start":{"line":79,"column":12},"end":{"line":92,"column":13}},"47":{"start":{"line":80,"column":40},"end":{"line":84,"column":25}},"48":{"start":{"line":85,"column":26},"end":{"line":85,"column":48}},"49":{"start":{"line":86,"column":14},"end":{"line":91,"column":15}},"50":{"start":{"line":87,"column":16},"end":{"line":87,"column":33}},"51":{"start":{"line":88,"column":16},"end":{"line":88,"column":33}},"52":{"start":{"line":90,"column":16},"end":{"line":90,"column":34}},"53":{"start":{"line":95,"column":10},"end":{"line":95,"column":67}},"54":{"start":{"line":99,"column":4},"end":{"line":99,"column":16}},"55":{"start":{"line":103,"column":2},"end":{"line":120,"column":17}},"56":{"start":{"line":104,"column":24},"end":{"line":118,"column":5}},"57":{"start":{"line":105,"column":6},"end":{"line":117,"column":7}},"58":{"start":{"line":106,"column":32},"end":{"line":110,"column":19}},"59":{"start":{"line":111,"column":8},"end":{"line":111,"column":31}},"60":{"start":{"line":111,"column":19},"end":{"line":111,"column":31}},"61":{"start":{"line":112,"column":8},"end":{"line":112,"column":24}},"62":{"start":{"line":114,"column":8},"end":{"line":114,"column":35}},"63":{"start":{"line":116,"column":8},"end":{"line":116,"column":32}},"64":{"start":{"line":119,"column":4},"end":{"line":119,"column":18}},"65":{"start":{"line":123,"column":21},"end":{"line":162,"column":3}},"66":{"start":{"line":124,"column":4},"end":{"line":161,"column":5}},"67":{"start":{"line":125,"column":6},"end":{"line":158,"column":7}},"68":{"start":{"line":126,"column":8},"end":{"line":140,"column":9}},"69":{"start":{"line":127,"column":34},"end":{"line":133,"column":54}},"70":{"start":{"line":134,"column":10},"end":{"line":134,"column":33}},"71":{"start":{"line":134,"column":21},"end":{"line":134,"column":33}},"72":{"start":{"line":135,"column":10},"end":{"line":135,"column":31}},"73":{"start":{"line":137,"column":10},"end":{"line":137,"column":37}},"74":{"start":{"line":139,"column":10},"end":{"line":139,"column":33}},"75":{"start":{"line":142,"column":8},"end":{"line":157,"column":9}},"76":{"start":{"line":143,"column":34},"end":{"line":150,"column":54}},"77":{"start":{"line":151,"column":10},"end":{"line":151,"column":33}},"78":{"start":{"line":151,"column":21},"end":{"line":151,"column":33}},"79":{"start":{"line":152,"column":10},"end":{"line":152,"column":31}},"80":{"start":{"line":154,"column":10},"end":{"line":154,"column":37}},"81":{"start":{"line":156,"column":10},"end":{"line":156,"column":33}},"82":{"start":{"line":160,"column":6},"end":{"line":160,"column":64}},"83":{"start":{"line":165,"column":28},"end":{"line":168,"column":3}},"84":{"start":{"line":166,"column":4},"end":{"line":166,"column":24}},"85":{"start":{"line":167,"column":4},"end":{"line":167,"column":51}},"86":{"start":{"line":171,"column":27},"end":{"line":186,"column":3}},"87":{"start":{"line":172,"column":4},"end":{"line":175,"column":5}},"88":{"start":{"line":173,"column":6},"end":{"line":173,"column":50}},"89":{"start":{"line":174,"column":6},"end":{"line":174,"column":13}},"90":{"start":{"line":176,"column":4},"end":{"line":185,"column":5}},"91":{"start":{"line":177,"column":6},"end":{"line":177,"column":81}},"92":{"start":{"line":178,"column":6},"end":{"line":178,"column":29}},"93":{"start":{"line":179,"column":6},"end":{"line":179,"column":25}},"94":{"start":{"line":180,"column":6},"end":{"line":180,"column":53}},"95":{"start":{"line":181,"column":6},"end":{"line":181,"column":26}},"96":{"start":{"line":183,"column":6},"end":{"line":183,"column":48}},"97":{"start":{"line":184,"column":6},"end":{"line":184,"column":62}},"98":{"start":{"line":189,"column":28},"end":{"line":191,"column":3}},"99":{"start":{"line":190,"column":4},"end":{"line":190,"column":47}},"100":{"start":{"line":194,"column":30},"end":{"line":208,"column":3}},"101":{"start":{"line":195,"column":15},"end":{"line":195,"column":33}},"102":{"start":{"line":197,"column":4},"end":{"line":207,"column":5}},"103":{"start":{"line":198,"column":24},"end":{"line":198,"column":74}},"104":{"start":{"line":199,"column":6},"end":{"line":199,"column":29}},"105":{"start":{"line":199,"column":17},"end":{"line":199,"column":29}},"106":{"start":{"line":200,"column":6},"end":{"line":200,"column":47}},"107":{"start":{"line":200,"column":33},"end":{"line":200,"column":44}},"108":{"start":{"line":201,"column":6},"end":{"line":201,"column":53}},"109":{"start":{"line":202,"column":6},"end":{"line":202,"column":52}},"110":{"start":{"line":204,"column":6},"end":{"line":204,"column":25}},"111":{"start":{"line":205,"column":6},"end":{"line":205,"column":62}},"112":{"start":{"line":206,"column":6},"end":{"line":206,"column":52}},"113":{"start":{"line":210,"column":2},"end":{"line":210,"column":90}},"114":{"start":{"line":210,"column":37},"end":{"line":210,"column":90}},"115":{"start":{"line":211,"column":2},"end":{"line":211,"column":72}},"116":{"start":{"line":211,"column":15},"end":{"line":211,"column":72}},"117":{"start":{"line":213,"column":2},"end":{"line":388,"column":4}},"118":{"start":{"line":215,"column":29},"end":{"line":215,"column":41}},"119":{"start":{"line":252,"column":33},"end":{"line":252,"column":51}},"120":{"start":{"line":253,"column":18},"end":{"line":348,"column":20}},"121":{"start":{"line":277,"column":38},"end":{"line":277,"column":64}},"122":{"start":{"line":278,"column":38},"end":{"line":278,"column":67}},"123":{"start":{"line":285,"column":51},"end":{"line":285,"column":77}},"124":{"start":{"line":300,"column":43},"end":{"line":300,"column":73}},"125":{"start":{"line":314,"column":45},"end":{"line":314,"column":70}},"126":{"start":{"line":320,"column":45},"end":{"line":320,"column":67}},"127":{"start":{"line":382,"column":37},"end":{"line":382,"column":82}}},"fnMap":{"0":{"name":"timeSince","decl":{"start":{"line":10,"column":9},"end":{"line":10,"column":18}},"loc":{"start":{"line":10,"column":25},"end":{"line":23,"column":1}},"line":10},"1":{"name":"EntityPage","decl":{"start":{"line":25,"column":24},"end":{"line":25,"column":34}},"loc":{"start":{"line":25,"column":37},"end":{"line":389,"column":1}},"line":25},"2":{"name":"(anonymous_2)","decl":{"start":{"line":46,"column":27},"end":{"line":46,"column":28}},"loc":{"start":{"line":46,"column":38},"end":{"line":49,"column":3}},"line":46},"3":{"name":"(anonymous_3)","decl":{"start":{"line":48,"column":15},"end":{"line":48,"column":16}},"loc":{"start":{"line":48,"column":21},"end":{"line":48,"column":69}},"line":48},"4":{"name":"(anonymous_4)","decl":{"start":{"line":52,"column":12},"end":{"line":52,"column":13}},"loc":{"start":{"line":52,"column":18},"end":{"line":100,"column":3}},"line":52},"5":{"name":"(anonymous_5)","decl":{"start":{"line":53,"column":22},"end":{"line":53,"column":23}},"loc":{"start":{"line":53,"column":34},"end":{"line":98,"column":5}},"line":53},"6":{"name":"(anonymous_6)","decl":{"start":{"line":103,"column":12},"end":{"line":103,"column":13}},"loc":{"start":{"line":103,"column":18},"end":{"line":120,"column":3}},"line":103},"7":{"name":"(anonymous_7)","decl":{"start":{"line":104,"column":24},"end":{"line":104,"column":25}},"loc":{"start":{"line":104,"column":36},"end":{"line":118,"column":5}},"line":104},"8":{"name":"(anonymous_8)","decl":{"start":{"line":123,"column":21},"end":{"line":123,"column":22}},"loc":{"start":{"line":123,"column":35},"end":{"line":162,"column":3}},"line":123},"9":{"name":"(anonymous_9)","decl":{"start":{"line":165,"column":28},"end":{"line":165,"column":29}},"loc":{"start":{"line":165,"column":34},"end":{"line":168,"column":3}},"line":165},"10":{"name":"(anonymous_10)","decl":{"start":{"line":171,"column":27},"end":{"line":171,"column":28}},"loc":{"start":{"line":171,"column":39},"end":{"line":186,"column":3}},"line":171},"11":{"name":"(anonymous_11)","decl":{"start":{"line":189,"column":28},"end":{"line":189,"column":29}},"loc":{"start":{"line":189,"column":34},"end":{"line":191,"column":3}},"line":189},"12":{"name":"(anonymous_12)","decl":{"start":{"line":194,"column":30},"end":{"line":194,"column":31}},"loc":{"start":{"line":194,"column":42},"end":{"line":208,"column":3}},"line":194},"13":{"name":"(anonymous_13)","decl":{"start":{"line":200,"column":28},"end":{"line":200,"column":29}},"loc":{"start":{"line":200,"column":33},"end":{"line":200,"column":44}},"line":200},"14":{"name":"(anonymous_14)","decl":{"start":{"line":215,"column":23},"end":{"line":215,"column":24}},"loc":{"start":{"line":215,"column":29},"end":{"line":215,"column":41}},"line":215},"15":{"name":"(anonymous_15)","decl":{"start":{"line":251,"column":27},"end":{"line":251,"column":28}},"loc":{"start":{"line":251,"column":35},"end":{"line":349,"column":17}},"line":251},"16":{"name":"(anonymous_16)","decl":{"start":{"line":276,"column":45},"end":{"line":276,"column":46}},"loc":{"start":{"line":276,"column":51},"end":{"line":279,"column":37}},"line":276},"17":{"name":"(anonymous_17)","decl":{"start":{"line":285,"column":45},"end":{"line":285,"column":46}},"loc":{"start":{"line":285,"column":51},"end":{"line":285,"column":77}},"line":285},"18":{"name":"(anonymous_18)","decl":{"start":{"line":300,"column":38},"end":{"line":300,"column":39}},"loc":{"start":{"line":300,"column":43},"end":{"line":300,"column":73}},"line":300},"19":{"name":"(anonymous_19)","decl":{"start":{"line":314,"column":39},"end":{"line":314,"column":40}},"loc":{"start":{"line":314,"column":45},"end":{"line":314,"column":70}},"line":314},"20":{"name":"(anonymous_20)","decl":{"start":{"line":320,"column":39},"end":{"line":320,"column":40}},"loc":{"start":{"line":320,"column":45},"end":{"line":320,"column":67}},"line":320},"21":{"name":"(anonymous_21)","decl":{"start":{"line":382,"column":31},"end":{"line":382,"column":32}},"loc":{"start":{"line":382,"column":37},"end":{"line":382,"column":82}},"line":382}},"branchMap":{"0":{"loc":{"start":{"line":13,"column":2},"end":{"line":13,"column":84}},"type":"if","locations":[{"start":{"line":13,"column":2},"end":{"line":13,"column":84}},{"start":{},"end":{}}],"line":13},"1":{"loc":{"start":{"line":13,"column":28},"end":{"line":13,"column":83}},"type":"cond-expr","locations":[{"start":{"line":13,"column":45},"end":{"line":13,"column":57}},{"start":{"line":13,"column":60},"end":{"line":13,"column":83}}],"line":13},"2":{"loc":{"start":{"line":15,"column":2},"end":{"line":15,"column":86}},"type":"if","locations":[{"start":{"line":15,"column":2},"end":{"line":15,"column":86}},{"start":{},"end":{}}],"line":15},"3":{"loc":{"start":{"line":15,"column":28},"end":{"line":15,"column":85}},"type":"cond-expr","locations":[{"start":{"line":15,"column":45},"end":{"line":15,"column":58}},{"start":{"line":15,"column":61},"end":{"line":15,"column":85}}],"line":15},"4":{"loc":{"start":{"line":17,"column":2},"end":{"line":17,"column":82}},"type":"if","locations":[{"start":{"line":17,"column":2},"end":{"line":17,"column":82}},{"start":{},"end":{}}],"line":17},"5":{"loc":{"start":{"line":17,"column":28},"end":{"line":17,"column":81}},"type":"cond-expr","locations":[{"start":{"line":17,"column":45},"end":{"line":17,"column":56}},{"start":{"line":17,"column":59},"end":{"line":17,"column":81}}],"line":17},"6":{"loc":{"start":{"line":19,"column":2},"end":{"line":19,"column":84}},"type":"if","locations":[{"start":{"line":19,"column":2},"end":{"line":19,"column":84}},{"start":{},"end":{}}],"line":19},"7":{"loc":{"start":{"line":19,"column":28},"end":{"line":19,"column":83}},"type":"cond-expr","locations":[{"start":{"line":19,"column":45},"end":{"line":19,"column":57}},{"start":{"line":19,"column":60},"end":{"line":19,"column":83}}],"line":19},"8":{"loc":{"start":{"line":21,"column":2},"end":{"line":21,"column":88}},"type":"if","locations":[{"start":{"line":21,"column":2},"end":{"line":21,"column":88}},{"start":{},"end":{}}],"line":21},"9":{"loc":{"start":{"line":21,"column":28},"end":{"line":21,"column":87}},"type":"cond-expr","locations":[{"start":{"line":21,"column":45},"end":{"line":21,"column":59}},{"start":{"line":21,"column":62},"end":{"line":21,"column":87}}],"line":21},"10":{"loc":{"start":{"line":58,"column":6},"end":{"line":58,"column":68}},"type":"if","locations":[{"start":{"line":58,"column":6},"end":{"line":58,"column":68}},{"start":{},"end":{}}],"line":58},"11":{"loc":{"start":{"line":61,"column":6},"end":{"line":97,"column":7}},"type":"if","locations":[{"start":{"line":61,"column":6},"end":{"line":97,"column":7}},{"start":{},"end":{}}],"line":61},"12":{"loc":{"start":{"line":61,"column":10},"end":{"line":61,"column":26}},"type":"binary-expr","locations":[{"start":{"line":61,"column":10},"end":{"line":61,"column":14}},{"start":{"line":61,"column":18},"end":{"line":61,"column":26}}],"line":61},"13":{"loc":{"start":{"line":75,"column":10},"end":{"line":93,"column":11}},"type":"if","locations":[{"start":{"line":75,"column":10},"end":{"line":93,"column":11}},{"start":{"line":78,"column":17},"end":{"line":93,"column":11}}],"line":75},"14":{"loc":{"start":{"line":79,"column":12},"end":{"line":92,"column":13}},"type":"if","locations":[{"start":{"line":79,"column":12},"end":{"line":92,"column":13}},{"start":{},"end":{}}],"line":79},"15":{"loc":{"start":{"line":86,"column":14},"end":{"line":91,"column":15}},"type":"if","locations":[{"start":{"line":86,"column":14},"end":{"line":91,"column":15}},{"start":{"line":89,"column":21},"end":{"line":91,"column":15}}],"line":86},"16":{"loc":{"start":{"line":111,"column":8},"end":{"line":111,"column":31}},"type":"if","locations":[{"start":{"line":111,"column":8},"end":{"line":111,"column":31}},{"start":{},"end":{}}],"line":111},"17":{"loc":{"start":{"line":125,"column":6},"end":{"line":158,"column":7}},"type":"if","locations":[{"start":{"line":125,"column":6},"end":{"line":158,"column":7}},{"start":{"line":141,"column":13},"end":{"line":158,"column":7}}],"line":125},"18":{"loc":{"start":{"line":134,"column":10},"end":{"line":134,"column":33}},"type":"if","locations":[{"start":{"line":134,"column":10},"end":{"line":134,"column":33}},{"start":{},"end":{}}],"line":134},"19":{"loc":{"start":{"line":135,"column":19},"end":{"line":135,"column":29}},"type":"binary-expr","locations":[{"start":{"line":135,"column":19},"end":{"line":135,"column":23}},{"start":{"line":135,"column":27},"end":{"line":135,"column":29}}],"line":135},"20":{"loc":{"start":{"line":151,"column":10},"end":{"line":151,"column":33}},"type":"if","locations":[{"start":{"line":151,"column":10},"end":{"line":151,"column":33}},{"start":{},"end":{}}],"line":151},"21":{"loc":{"start":{"line":152,"column":19},"end":{"line":152,"column":29}},"type":"binary-expr","locations":[{"start":{"line":152,"column":19},"end":{"line":152,"column":23}},{"start":{"line":152,"column":27},"end":{"line":152,"column":29}}],"line":152},"22":{"loc":{"start":{"line":172,"column":4},"end":{"line":175,"column":5}},"type":"if","locations":[{"start":{"line":172,"column":4},"end":{"line":175,"column":5}},{"start":{},"end":{}}],"line":172},"23":{"loc":{"start":{"line":199,"column":6},"end":{"line":199,"column":29}},"type":"if","locations":[{"start":{"line":199,"column":6},"end":{"line":199,"column":29}},{"start":{},"end":{}}],"line":199},"24":{"loc":{"start":{"line":210,"column":2},"end":{"line":210,"column":90}},"type":"if","locations":[{"start":{"line":210,"column":2},"end":{"line":210,"column":90}},{"start":{},"end":{}}],"line":210},"25":{"loc":{"start":{"line":210,"column":6},"end":{"line":210,"column":35}},"type":"binary-expr","locations":[{"start":{"line":210,"column":6},"end":{"line":210,"column":19}},{"start":{"line":210,"column":23},"end":{"line":210,"column":35}}],"line":210},"26":{"loc":{"start":{"line":211,"column":2},"end":{"line":211,"column":72}},"type":"if","locations":[{"start":{"line":211,"column":2},"end":{"line":211,"column":72}},{"start":{},"end":{}}],"line":211},"27":{"loc":{"start":{"line":223,"column":22},"end":{"line":223,"column":47}},"type":"binary-expr","locations":[{"start":{"line":223,"column":22},"end":{"line":223,"column":37}},{"start":{"line":223,"column":41},"end":{"line":223,"column":47}}],"line":223},"28":{"loc":{"start":{"line":232,"column":11},"end":{"line":236,"column":11}},"type":"binary-expr","locations":[{"start":{"line":232,"column":11},"end":{"line":232,"column":31}},{"start":{"line":233,"column":12},"end":{"line":235,"column":20}}],"line":232},"29":{"loc":{"start":{"line":238,"column":11},"end":{"line":244,"column":11}},"type":"binary-expr","locations":[{"start":{"line":238,"column":11},"end":{"line":238,"column":18}},{"start":{"line":239,"column":12},"end":{"line":243,"column":14}}],"line":238},"30":{"loc":{"start":{"line":247,"column":13},"end":{"line":351,"column":13}},"type":"cond-expr","locations":[{"start":{"line":248,"column":14},"end":{"line":248,"column":59}},{"start":{"line":250,"column":14},"end":{"line":350,"column":20}}],"line":247},"31":{"loc":{"start":{"line":252,"column":33},"end":{"line":252,"column":51}},"type":"binary-expr","locations":[{"start":{"line":252,"column":33},"end":{"line":252,"column":45}},{"start":{"line":252,"column":49},"end":{"line":252,"column":51}}],"line":252},"32":{"loc":{"start":{"line":258,"column":33},"end":{"line":258,"column":60}},"type":"binary-expr","locations":[{"start":{"line":258,"column":33},"end":{"line":258,"column":50}},{"start":{"line":258,"column":54},"end":{"line":258,"column":60}}],"line":258},"33":{"loc":{"start":{"line":263,"column":60},"end":{"line":263,"column":94}},"type":"binary-expr","locations":[{"start":{"line":263,"column":60},"end":{"line":263,"column":76}},{"start":{"line":263,"column":80},"end":{"line":263,"column":94}}],"line":263},"34":{"loc":{"start":{"line":268,"column":25},"end":{"line":293,"column":25}},"type":"binary-expr","locations":[{"start":{"line":268,"column":25},"end":{"line":268,"column":32}},{"start":{"line":269,"column":26},"end":{"line":292,"column":32}}],"line":268},"35":{"loc":{"start":{"line":272,"column":31},"end":{"line":290,"column":31}},"type":"binary-expr","locations":[{"start":{"line":272,"column":31},"end":{"line":272,"column":56}},{"start":{"line":273,"column":32},"end":{"line":289,"column":35}}],"line":272},"36":{"loc":{"start":{"line":296,"column":23},"end":{"line":328,"column":23}},"type":"cond-expr","locations":[{"start":{"line":297,"column":24},"end":{"line":325,"column":30}},{"start":{"line":327,"column":24},"end":{"line":327,"column":74}}],"line":296},"37":{"loc":{"start":{"line":330,"column":23},"end":{"line":346,"column":23}},"type":"binary-expr","locations":[{"start":{"line":330,"column":23},"end":{"line":330,"column":37}},{"start":{"line":331,"column":24},"end":{"line":345,"column":30}}],"line":330},"38":{"loc":{"start":{"line":332,"column":27},"end":{"line":334,"column":27}},"type":"binary-expr","locations":[{"start":{"line":332,"column":27},"end":{"line":332,"column":54}},{"start":{"line":333,"column":28},"end":{"line":333,"column":95}}],"line":332},"39":{"loc":{"start":{"line":335,"column":27},"end":{"line":339,"column":27}},"type":"binary-expr","locations":[{"start":{"line":335,"column":27},"end":{"line":335,"column":54}},{"start":{"line":336,"column":28},"end":{"line":338,"column":36}}],"line":335},"40":{"loc":{"start":{"line":340,"column":27},"end":{"line":344,"column":27}},"type":"binary-expr","locations":[{"start":{"line":340,"column":27},"end":{"line":340,"column":54}},{"start":{"line":341,"column":28},"end":{"line":343,"column":36}}],"line":340},"41":{"loc":{"start":{"line":360,"column":24},"end":{"line":360,"column":49}},"type":"binary-expr","locations":[{"start":{"line":360,"column":24},"end":{"line":360,"column":39}},{"start":{"line":360,"column":43},"end":{"line":360,"column":49}}],"line":360},"42":{"loc":{"start":{"line":363,"column":51},"end":{"line":363,"column":78}},"type":"binary-expr","locations":[{"start":{"line":363,"column":51},"end":{"line":363,"column":65}},{"start":{"line":363,"column":69},"end":{"line":363,"column":78}}],"line":363},"43":{"loc":{"start":{"line":372,"column":7},"end":{"line":386,"column":7}},"type":"binary-expr","locations":[{"start":{"line":372,"column":7},"end":{"line":372,"column":23}},{"start":{"line":373,"column":8},"end":{"line":385,"column":16}}],"line":372}},"s":{"0":0,"1":0,"2":0,"3":0,"4":0,"5":0,"6":0,"7":0,"8":0,"9":0,"10":0,"11":0,"12":0,"13":0,"14":0,"15":0,"16":0,"17":1,"18":1,"19":1,"20":1,"21":1,"22":1,"23":1,"24":1,"25":1,"26":1,"27":1,"28":1,"29":1,"30":0,"31":0,"32":0,"33":1,"34":1,"35":1,"36":1,"37":0,"38":1,"39":1,"40":0,"41":0,"42":0,"43":0,"44":0,"45":0,"46":0,"47":0,"48":0,"49":0,"50":0,"51":0,"52":0,"53":0,"54":1,"55":1,"56":1,"57":1,"58":1,"59":1,"60":0,"61":1,"62":0,"63":1,"64":1,"65":1,"66":0,"67":0,"68":0,"69":0,"70":0,"71":0,"72":0,"73":0,"74":0,"75":0,"76":0,"77":0,"78":0,"79":0,"80":0,"81":0,"82":0,"83":1,"84":0,"85":0,"86":1,"87":0,"88":0,"89":0,"90":0,"91":0,"92":0,"93":0,"94":0,"95":0,"96":0,"97":0,"98":1,"99":0,"100":1,"101":0,"102":0,"103":0,"104":0,"105":0,"106":0,"107":0,"108":0,"109":0,"110":0,"111":0,"112":0,"113":1,"114":1,"115":0,"116":0,"117":0,"118":0,"119":0,"120":0,"121":0,"122":0,"123":0,"124":0,"125":0,"126":0,"127":0},"f":{"0":0,"1":1,"2":0,"3":0,"4":1,"5":1,"6":1,"7":1,"8":0,"9":0,"10":0,"11":0,"12":0,"13":0,"14":0,"15":0,"16":0,"17":0,"18":0,"19":0,"20":0,"21":0},"b":{"0":[0,0],"1":[0,0],"2":[0,0],"3":[0,0],"4":[0,0],"5":[0,0],"6":[0,0],"7":[0,0],"8":[0,0],"9":[0,0],"10":[0,1],"11":[0,1],"12":[1,1],"13":[0,0],"14":[0,0],"15":[0,0],"16":[0,1],"17":[0,0],"18":[0,0],"19":[0,0],"20":[0,0],"21":[0,0],"22":[0,0],"23":[0,0],"24":[1,0],"25":[1,0],"26":[0,0],"27":[0,0],"28":[0,0],"29":[0,0],"30":[0,0],"31":[0,0],"32":[0,0],"33":[0,0],"34":[0,0],"35":[0,0],"36":[0,0],"37":[0,0],"38":[0,0],"39":[0,0],"40":[0,0],"41":[0,0],"42":[0,0],"43":[0,0]},"_coverageSchema":"1a1c01bbd47fc00a2c39e90264f33305004495a9","hash":"c0ccec60e9a829922287cedd75b3f15ed836251d"}
,"C:\\Users\\busis\\Downloads\\Programming\\SDP\\Clubs-Connect\\src\\components\\CSO_member.jsx": {"path":"C:\\Users\\busis\\Downloads\\Programming\\SDP\\Clubs-Connect\\src\\components\\CSO_member.jsx","statementMap":{"0":{"start":{"line":9,"column":19},"end":{"line":9,"column":32}},"1":{"start":{"line":10,"column":30},"end":{"line":10,"column":44}},"2":{"start":{"line":11,"column":34},"end":{"line":11,"column":46}},"3":{"start":{"line":12,"column":28},"end":{"line":12,"column":40}},"4":{"start":{"line":13,"column":32},"end":{"line":13,"column":46}},"5":{"start":{"line":14,"column":26},"end":{"line":14,"column":40}},"6":{"start":{"line":15,"column":40},"end":{"line":15,"column":52}},"7":{"start":{"line":16,"column":32},"end":{"line":16,"column":45}},"8":{"start":{"line":17,"column":28},"end":{"line":17,"column":41}},"9":{"start":{"line":18,"column":32},"end":{"line":18,"column":45}},"10":{"start":{"line":19,"column":38},"end":{"line":19,"column":51}},"11":{"start":{"line":20,"column":46},"end":{"line":20,"column":59}},"12":{"start":{"line":22,"column":2},"end":{"line":54,"column":9}},"13":{"start":{"line":23,"column":22},"end":{"line":52,"column":5}},"14":{"start":{"line":27,"column":10},"end":{"line":27,"column":39}},"15":{"start":{"line":29,"column":6},"end":{"line":29,"column":20}},"16":{"start":{"line":32,"column":6},"end":{"line":51,"column":7}},"17":{"start":{"line":33,"column":34},"end":{"line":36,"column":40}},"18":{"start":{"line":40,"column":8},"end":{"line":50,"column":9}},"19":{"start":{"line":41,"column":10},"end":{"line":41,"column":27}},"20":{"start":{"line":42,"column":10},"end":{"line":48,"column":13}},"21":{"start":{"line":45,"column":12},"end":{"line":45,"column":37}},"22":{"start":{"line":47,"column":12},"end":{"line":47,"column":34}},"23":{"start":{"line":49,"column":10},"end":{"line":49,"column":28}},"24":{"start":{"line":53,"column":4},"end":{"line":53,"column":16}},"25":{"start":{"line":58,"column":4},"end":{"line":88,"column":5}},"26":{"start":{"line":59,"column":42},"end":{"line":69,"column":17}},"27":{"start":{"line":71,"column":6},"end":{"line":71,"column":29}},"28":{"start":{"line":71,"column":17},"end":{"line":71,"column":29}},"29":{"start":{"line":76,"column":6},"end":{"line":84,"column":7}},"30":{"start":{"line":83,"column":8},"end":{"line":83,"column":59}},"31":{"start":{"line":83,"column":32},"end":{"line":83,"column":57}},"32":{"start":{"line":86,"column":6},"end":{"line":86,"column":62}},"33":{"start":{"line":92,"column":22},"end":{"line":94,"column":3}},"34":{"start":{"line":93,"column":26},"end":{"line":93,"column":72}},"35":{"start":{"line":93,"column":56},"end":{"line":93,"column":71}},"36":{"start":{"line":96,"column":2},"end":{"line":121,"column":4}},"37":{"start":{"line":105,"column":12},"end":{"line":116,"column":22}},"38":{"start":{"line":108,"column":29},"end":{"line":108,"column":63}}},"fnMap":{"0":{"name":"CSOMember","decl":{"start":{"line":7,"column":24},"end":{"line":7,"column":33}},"loc":{"start":{"line":7,"column":36},"end":{"line":122,"column":1}},"line":7},"1":{"name":"(anonymous_1)","decl":{"start":{"line":22,"column":12},"end":{"line":22,"column":13}},"loc":{"start":{"line":22,"column":18},"end":{"line":54,"column":3}},"line":22},"2":{"name":"(anonymous_2)","decl":{"start":{"line":23,"column":22},"end":{"line":23,"column":23}},"loc":{"start":{"line":23,"column":34},"end":{"line":52,"column":5}},"line":23},"3":{"name":"(anonymous_3)","decl":{"start":{"line":42,"column":26},"end":{"line":42,"column":27}},"loc":{"start":{"line":42,"column":34},"end":{"line":48,"column":11}},"line":42},"4":{"name":"fetchCSO","decl":{"start":{"line":57,"column":17},"end":{"line":57,"column":25}},"loc":{"start":{"line":57,"column":31},"end":{"line":89,"column":3}},"line":57},"5":{"name":"(anonymous_5)","decl":{"start":{"line":83,"column":20},"end":{"line":83,"column":21}},"loc":{"start":{"line":83,"column":32},"end":{"line":83,"column":57}},"line":83},"6":{"name":"(anonymous_6)","decl":{"start":{"line":93,"column":4},"end":{"line":93,"column":5}},"loc":{"start":{"line":93,"column":26},"end":{"line":93,"column":72}},"line":93},"7":{"name":"(anonymous_7)","decl":{"start":{"line":93,"column":51},"end":{"line":93,"column":52}},"loc":{"start":{"line":93,"column":56},"end":{"line":93,"column":71}},"line":93},"8":{"name":"(anonymous_8)","decl":{"start":{"line":104,"column":26},"end":{"line":104,"column":27}},"loc":{"start":{"line":105,"column":12},"end":{"line":116,"column":22}},"line":105},"9":{"name":"(anonymous_9)","decl":{"start":{"line":108,"column":23},"end":{"line":108,"column":24}},"loc":{"start":{"line":108,"column":29},"end":{"line":108,"column":63}},"line":108}},"branchMap":{"0":{"loc":{"start":{"line":32,"column":6},"end":{"line":51,"column":7}},"type":"if","locations":[{"start":{"line":32,"column":6},"end":{"line":51,"column":7}},{"start":{},"end":{}}],"line":32},"1":{"loc":{"start":{"line":40,"column":8},"end":{"line":50,"column":9}},"type":"if","locations":[{"start":{"line":40,"column":8},"end":{"line":50,"column":9}},{"start":{},"end":{}}],"line":40},"2":{"loc":{"start":{"line":71,"column":6},"end":{"line":71,"column":29}},"type":"if","locations":[{"start":{"line":71,"column":6},"end":{"line":71,"column":29}},{"start":{},"end":{}}],"line":71},"3":{"loc":{"start":{"line":76,"column":6},"end":{"line":84,"column":7}},"type":"if","locations":[{"start":{"line":76,"column":6},"end":{"line":84,"column":7}},{"start":{},"end":{}}],"line":76},"4":{"loc":{"start":{"line":99,"column":9},"end":{"line":118,"column":9}},"type":"cond-expr","locations":[{"start":{"line":100,"column":10},"end":{"line":100,"column":36}},{"start":{"line":101,"column":12},"end":{"line":118,"column":9}}],"line":99},"5":{"loc":{"start":{"line":101,"column":12},"end":{"line":118,"column":9}},"type":"cond-expr","locations":[{"start":{"line":102,"column":10},"end":{"line":102,"column":35}},{"start":{"line":104,"column":10},"end":{"line":117,"column":12}}],"line":101}},"s":{"0":2,"1":2,"2":2,"3":2,"4":2,"5":2,"6":2,"7":2,"8":2,"9":2,"10":2,"11":2,"12":2,"13":1,"14":1,"15":1,"16":1,"17":1,"18":1,"19":1,"20":1,"21":0,"22":0,"23":1,"24":1,"25":0,"26":0,"27":0,"28":0,"29":0,"30":0,"31":0,"32":0,"33":2,"34":0,"35":0,"36":2,"37":0,"38":0},"f":{"0":2,"1":1,"2":1,"3":0,"4":0,"5":0,"6":0,"7":0,"8":0,"9":0},"b":{"0":[1,0],"1":[1,0],"2":[0,0],"3":[0,0],"4":[1,1],"5":[1,0]},"_coverageSchema":"1a1c01bbd47fc00a2c39e90264f33305004495a9","hash":"19dc9f1ac97f25a798efab3f5069a2a332b38433"}
,"C:\\Users\\busis\\Downloads\\Programming\\SDP\\Clubs-Connect\\src\\components\\Card.jsx": {"path":"C:\\Users\\busis\\Downloads\\Programming\\SDP\\Clubs-Connect\\src\\components\\Card.jsx","statementMap":{"0":{"start":{"line":6,"column":2},"end":{"line":13,"column":4}}},"fnMap":{"0":{"name":"Card","decl":{"start":{"line":5,"column":24},"end":{"line":5,"column":28}},"loc":{"start":{"line":5,"column":36},"end":{"line":14,"column":1}},"line":5}},"branchMap":{},"s":{"0":26},"f":{"0":26},"b":{},"_coverageSchema":"1a1c01bbd47fc00a2c39e90264f33305004495a9","hash":"ac0ae91a3f65aa38c485187b83b5badc392ae7e5"}
,"C:\\Users\\busis\\Downloads\\Programming\\SDP\\Clubs-Connect\\src\\components\\CommentSection.jsx": {"path":"C:\\Users\\busis\\Downloads\\Programming\\SDP\\Clubs-Connect\\src\\components\\CommentSection.jsx","statementMap":{"0":{"start":{"line":8,"column":34},"end":{"line":8,"column":46}},"1":{"start":{"line":9,"column":38},"end":{"line":9,"column":50}},"2":{"start":{"line":10,"column":26},"end":{"line":10,"column":41}},"3":{"start":{"line":13,"column":2},"end":{"line":51,"column":30}},"4":{"start":{"line":15,"column":6},"end":{"line":47,"column":7}},"5":{"start":{"line":17,"column":32},"end":{"line":29,"column":51}},"6":{"start":{"line":31,"column":8},"end":{"line":31,"column":31}},"7":{"start":{"line":31,"column":19},"end":{"line":31,"column":31}},"8":{"start":{"line":32,"column":8},"end":{"line":32,"column":32}},"9":{"start":{"line":35,"column":54},"end":{"line":41,"column":19}},"10":{"start":{"line":43,"column":8},"end":{"line":43,"column":39}},"11":{"start":{"line":43,"column":23},"end":{"line":43,"column":39}},"12":{"start":{"line":44,"column":8},"end":{"line":44,"column":48}},"13":{"start":{"line":46,"column":8},"end":{"line":46,"column":59}},"14":{"start":{"line":50,"column":4},"end":{"line":50,"column":20}},"15":{"start":{"line":54,"column":27},"end":{"line":89,"column":3}},"16":{"start":{"line":55,"column":4},"end":{"line":55,"column":23}},"17":{"start":{"line":56,"column":4},"end":{"line":56,"column":35}},"18":{"start":{"line":56,"column":28},"end":{"line":56,"column":35}},"19":{"start":{"line":58,"column":4},"end":{"line":88,"column":5}},"20":{"start":{"line":60,"column":53},"end":{"line":78,"column":17}},"21":{"start":{"line":80,"column":6},"end":{"line":80,"column":41}},"22":{"start":{"line":80,"column":23},"end":{"line":80,"column":41}},"23":{"start":{"line":83,"column":6},"end":{"line":83,"column":47}},"24":{"start":{"line":83,"column":26},"end":{"line":83,"column":45}},"25":{"start":{"line":85,"column":6},"end":{"line":85,"column":24}},"26":{"start":{"line":87,"column":6},"end":{"line":87,"column":58}},"27":{"start":{"line":91,"column":2},"end":{"line":117,"column":4}},"28":{"start":{"line":98,"column":25},"end":{"line":98,"column":54}},"29":{"start":{"line":110,"column":10},"end":{"line":113,"column":15}}},"fnMap":{"0":{"name":"CommentSection","decl":{"start":{"line":7,"column":24},"end":{"line":7,"column":38}},"loc":{"start":{"line":7,"column":66},"end":{"line":118,"column":1}},"line":7},"1":{"name":"(anonymous_1)","decl":{"start":{"line":13,"column":12},"end":{"line":13,"column":13}},"loc":{"start":{"line":13,"column":18},"end":{"line":51,"column":3}},"line":13},"2":{"name":"fetchComments","decl":{"start":{"line":14,"column":19},"end":{"line":14,"column":32}},"loc":{"start":{"line":14,"column":35},"end":{"line":48,"column":5}},"line":14},"3":{"name":"(anonymous_3)","decl":{"start":{"line":54,"column":27},"end":{"line":54,"column":28}},"loc":{"start":{"line":54,"column":38},"end":{"line":89,"column":3}},"line":54},"4":{"name":"(anonymous_4)","decl":{"start":{"line":83,"column":18},"end":{"line":83,"column":19}},"loc":{"start":{"line":83,"column":26},"end":{"line":83,"column":45}},"line":83},"5":{"name":"(anonymous_5)","decl":{"start":{"line":98,"column":20},"end":{"line":98,"column":21}},"loc":{"start":{"line":98,"column":25},"end":{"line":98,"column":54}},"line":98},"6":{"name":"(anonymous_6)","decl":{"start":{"line":109,"column":22},"end":{"line":109,"column":23}},"loc":{"start":{"line":110,"column":10},"end":{"line":113,"column":15}},"line":110}},"branchMap":{"0":{"loc":{"start":{"line":31,"column":8},"end":{"line":31,"column":31}},"type":"if","locations":[{"start":{"line":31,"column":8},"end":{"line":31,"column":31}},{"start":{},"end":{}}],"line":31},"1":{"loc":{"start":{"line":32,"column":20},"end":{"line":32,"column":30}},"type":"binary-expr","locations":[{"start":{"line":32,"column":20},"end":{"line":32,"column":24}},{"start":{"line":32,"column":28},"end":{"line":32,"column":30}}],"line":32},"2":{"loc":{"start":{"line":43,"column":8},"end":{"line":43,"column":39}},"type":"if","locations":[{"start":{"line":43,"column":8},"end":{"line":43,"column":39}},{"start":{},"end":{}}],"line":43},"3":{"loc":{"start":{"line":56,"column":4},"end":{"line":56,"column":35}},"type":"if","locations":[{"start":{"line":56,"column":4},"end":{"line":56,"column":35}},{"start":{},"end":{}}],"line":56},"4":{"loc":{"start":{"line":80,"column":6},"end":{"line":80,"column":41}},"type":"if","locations":[{"start":{"line":80,"column":6},"end":{"line":80,"column":41}},{"start":{},"end":{}}],"line":80},"5":{"loc":{"start":{"line":101,"column":15},"end":{"line":101,"column":52}},"type":"cond-expr","locations":[{"start":{"line":101,"column":28},"end":{"line":101,"column":38}},{"start":{"line":101,"column":41},"end":{"line":101,"column":52}}],"line":101},"6":{"loc":{"start":{"line":111,"column":21},"end":{"line":111,"column":55}},"type":"binary-expr","locations":[{"start":{"line":111,"column":21},"end":{"line":111,"column":42}},{"start":{"line":111,"column":46},"end":{"line":111,"column":55}}],"line":111}},"s":{"0":2,"1":2,"2":2,"3":2,"4":2,"5":2,"6":0,"7":0,"8":0,"9":0,"10":0,"11":0,"12":0,"13":2,"14":2,"15":2,"16":1,"17":1,"18":1,"19":0,"20":0,"21":0,"22":0,"23":0,"24":0,"25":0,"26":0,"27":2,"28":0,"29":0},"f":{"0":2,"1":2,"2":2,"3":1,"4":0,"5":0,"6":0},"b":{"0":[0,0],"1":[0,0],"2":[0,0],"3":[1,0],"4":[0,0],"5":[0,2],"6":[0,0]},"_coverageSchema":"1a1c01bbd47fc00a2c39e90264f33305004495a9","hash":"59a308595f3e0270b4e1f31785377e11bf89b968"}
,"C:\\Users\\busis\\Downloads\\Programming\\SDP\\Clubs-Connect\\src\\components\\ExecEvents.jsx": {"path":"C:\\Users\\busis\\Downloads\\Programming\\SDP\\Clubs-Connect\\src\\components\\ExecEvents.jsx","statementMap":{"0":{"start":{"line":9,"column":21},"end":{"line":9,"column":65}},"1":{"start":{"line":11,"column":0},"end":{"line":11,"column":44}},"2":{"start":{"line":14,"column":38},"end":{"line":14,"column":50}},"3":{"start":{"line":15,"column":30},"end":{"line":15,"column":42}},"4":{"start":{"line":16,"column":32},"end":{"line":16,"column":46}},"5":{"start":{"line":17,"column":26},"end":{"line":17,"column":40}},"6":{"start":{"line":18,"column":28},"end":{"line":18,"column":42}},"7":{"start":{"line":19,"column":26},"end":{"line":19,"column":40}},"8":{"start":{"line":20,"column":50},"end":{"line":20,"column":65}},"9":{"start":{"line":22,"column":26},"end":{"line":22,"column":40}},"10":{"start":{"line":23,"column":40},"end":{"line":23,"column":55}},"11":{"start":{"line":26,"column":34},"end":{"line":34,"column":4}},"12":{"start":{"line":37,"column":22},"end":{"line":60,"column":3}},"13":{"start":{"line":38,"column":4},"end":{"line":59,"column":5}},"14":{"start":{"line":39,"column":6},"end":{"line":39,"column":23}},"15":{"start":{"line":40,"column":6},"end":{"line":40,"column":21}},"16":{"start":{"line":42,"column":23},"end":{"line":45,"column":8}},"17":{"start":{"line":47,"column":6},"end":{"line":47,"column":82}},"18":{"start":{"line":47,"column":24},"end":{"line":47,"column":82}},"19":{"start":{"line":49,"column":19},"end":{"line":49,"column":40}},"20":{"start":{"line":50,"column":18},"end":{"line":50,"column":28}},"21":{"start":{"line":51,"column":23},"end":{"line":51,"column":99}},"22":{"start":{"line":51,"column":66},"end":{"line":51,"column":93}},"23":{"start":{"line":53,"column":6},"end":{"line":53,"column":26}},"24":{"start":{"line":55,"column":6},"end":{"line":55,"column":53}},"25":{"start":{"line":56,"column":6},"end":{"line":56,"column":58}},"26":{"start":{"line":58,"column":6},"end":{"line":58,"column":24}},"27":{"start":{"line":63,"column":2},"end":{"line":97,"column":9}},"28":{"start":{"line":64,"column":29},"end":{"line":93,"column":5}},"29":{"start":{"line":67,"column":10},"end":{"line":67,"column":39}},"30":{"start":{"line":69,"column":6},"end":{"line":92,"column":7}},"31":{"start":{"line":70,"column":8},"end":{"line":70,"column":22}},"32":{"start":{"line":72,"column":55},"end":{"line":76,"column":19}},"33":{"start":{"line":78,"column":8},"end":{"line":79,"column":44}},"34":{"start":{"line":78,"column":26},"end":{"line":78,"column":86}},"35":{"start":{"line":79,"column":13},"end":{"line":79,"column":44}},"36":{"start":{"line":81,"column":49},"end":{"line":85,"column":19}},"37":{"start":{"line":87,"column":8},"end":{"line":88,"column":75}},"38":{"start":{"line":87,"column":23},"end":{"line":87,"column":83}},"39":{"start":{"line":88,"column":13},"end":{"line":88,"column":75}},"40":{"star
[...]
lumn":25}},"106":{"start":{"line":195,"column":6},"end":{"line":195,"column":27}},"107":{"start":{"line":197,"column":6},"end":{"line":197,"column":25}},"108":{"start":{"line":198,"column":6},"end":{"line":198,"column":61}},"109":{"start":{"line":203,"column":28},"end":{"line":205,"column":3}},"110":{"start":{"line":204,"column":4},"end":{"line":204,"column":55}},"111":{"start":{"line":207,"column":30},"end":{"line":223,"column":3}},"112":{"start":{"line":208,"column":15},"end":{"line":208,"column":41}},"113":{"start":{"line":210,"column":4},"end":{"line":222,"column":5}},"114":{"start":{"line":211,"column":24},"end":{"line":211,"column":82}},"115":{"start":{"line":213,"column":6},"end":{"line":213,"column":29}},"116":{"start":{"line":213,"column":17},"end":{"line":213,"column":29}},"117":{"start":{"line":215,"column":6},"end":{"line":215,"column":63}},"118":{"start":{"line":215,"column":49},"end":{"line":215,"column":60}},"119":{"start":{"line":216,"column":6},"end":{"line":216,"column":61}},"120":{"start":{"line":217,"column":6},"end":{"line":217,"column":60}},"121":{"start":{"line":219,"column":6},"end":{"line":219,"column":25}},"122":{"start":{"line":220,"column":6},"end":{"line":220,"column":62}},"123":{"start":{"line":221,"column":6},"end":{"line":221,"column":60}},"124":{"start":{"line":225,"column":2},"end":{"line":227,"column":3}},"125":{"start":{"line":226,"column":4},"end":{"line":226,"column":66}},"126":{"start":{"line":229,"column":2},"end":{"line":409,"column":4}},"127":{"start":{"line":231,"column":29},"end":{"line":231,"column":55}},"128":{"start":{"line":255,"column":29},"end":{"line":255,"column":55}},"129":{"start":{"line":289,"column":16},"end":{"line":383,"column":26}},"130":{"start":{"line":315,"column":34},"end":{"line":315,"column":53}},"131":{"start":{"line":316,"column":34},"end":{"line":316,"column":60}},"132":{"start":{"line":323,"column":47},"end":{"line":323,"column":70}},"133":{"start":{"line":338,"column":39},"end":{"line":338,"column":69}},"134":{"start":{"line":345,"column":41},"end":{"line":345,"column":63}},"135":{"start":{"line":351,"column":41},"end":{"line":351,"column":59}},"136":{"start":{"line":401,"column":37},"end":{"line":401,"column":90}}},"fnMap":{"0":{"name":"timeSince","decl":{"start":{"line":10,"column":9},"end":{"line":10,"column":18}},"loc":{"start":{"line":10,"column":25},"end":{"line":28,"column":1}},"line":10},"1":{"name":"AnnouncementPage","decl":{"start":{"line":30,"column":24},"end":{"line":30,"column":40}},"loc":{"start":{"line":30,"column":43},"end":{"line":410,"column":1}},"line":30},"2":{"name":"(anonymous_2)","decl":{"start":{"line":47,"column":27},"end":{"line":47,"column":28}},"loc":{"start":{"line":47,"column":38},"end":{"line":50,"column":3}},"line":47},"3":{"name":"(anonymous_3)","decl":{"start":{"line":49,"column":15},"end":{"line":49,"column":16}},"loc":{"start":{"line":49,"column":21},"end":{"line":49,"column":69}},"line":49},"4":{"name":"(anonymous_4)","decl":{"start":{"line":53,"column":12},"end":{"line":53,"column":13}},"loc":{"start":{"line":53,"column":18},"end":{"line":84,"column":3}},"line":53},"5":{"name":"(anonymous_5)","decl":{"start":{"line":54,"column":36},"end":{"line":54,"column":37}},"loc":{"start":{"line":54,"column":48},"end":{"line":75,"column":5}},"line":54},"6":{"name":"(anonymous_6)","decl":{"start":{"line":79,"column":63},"end":{"line":79,"column":64}},"loc":{"start":{"line":79,"column":84},"end":{"line":81,"column":5}},"line":79},"7":{"name":"(anonymous_7)","decl":{"start":{"line":83,"column":11},"end":{"line":83,"column":12}},"loc":{"start":{"line":83,"column":17},"end":{"line":83,"column":52}},"line":83},"8":{"name":"(anonymous_8)","decl":{"start":{"line":87,"column":41},"end":{"line":87,"column":42}},"loc":{"start":{"line":87,"column":53},"end":{"line":111,"column":3}},"line":87},"9":{"name":"(anonymous_9)","decl":{"start":{"line":113,"column":12},"end":{"line":113,"column":13}},"loc":{"start":{"line":113,"column":18},"end":{"line":115,"column":3}},"line":113},"10":{"name":"(anonymous_10)","decl":{"start":{"line":117,"column":27},"end":{"line":117,"column":28}},"loc":{"start":{"line":117,"column":32},"end":{"line":117,"column":58}},"line":117},"11":{"name":"(anonymous_11)","decl":{"start":{"line":120,"column":23},"end":{"line":120,"column":24}},"loc":{"start":{"line":120,"column":34},"end":{"line":175,"column":3}},"line":120},"12":{"name":"(anonymous_12)","decl":{"start":{"line":178,"column":27},"end":{"line":178,"column":28}},"loc":{"start":{"line":178,"column":39},"end":{"line":200,"column":3}},"line":178},"13":{"name":"(anonymous_13)","decl":{"start":{"line":203,"column":28},"end":{"line":203,"column":29}},"loc":{"start":{"line":203,"column":34},"end":{"line":205,"column":3}},"line":203},"14":{"name":"(anonymous_14)","decl":{"start":{"line":207,"column":30},"end":{"line":207,"column":31}},"loc":{"start":{"line":207,"column":42},"end":{"line":223,"column":3}},"line":207},"15":{"name":"(anonymous_15)","decl":{"start":{"line":215,"column":44},"end":{"line":215,"column":45}},"loc":{"start":{"line":215,"column":49},"end":{"line":215,"column":60}},"line":215},"16":{"name":"(anonymous_16)","decl":{"start":{"line":231,"column":23},"end":{"line":231,"column":24}},"loc":{"start":{"line":231,"column":29},"end":{"line":231,"column":55}},"line":231},"17":{"name":"(anonymous_17)","decl":{"start":{"line":255,"column":24},"end":{"line":255,"column":25}},"loc":{"start":{"line":255,"column":29},"end":{"line":255,"column":55}},"line":255},"18":{"name":"(anonymous_18)","decl":{"start":{"line":288,"column":33},"end":{"line":288,"column":34}},"loc":{"start":{"line":289,"column":16},"end":{"line":383,"column":26}},"line":289},"19":{"name":"(anonymous_19)","decl":{"start":{"line":314,"column":41},"end":{"line":314,"column":42}},"loc":{"start":{"line":314,"column":47},"end":{"line":317,"column":33}},"line":314},"20":{"name":"(anonymous_20)","decl":{"start":{"line":323,"column":41},"end":{"line":323,"column":42}},"loc":{"start":{"line":323,"column":47},"end":{"line":323,"column":70}},"line":323},"21":{"name":"(anonymous_21)","decl":{"start":{"line":338,"column":34},"end":{"line":338,"column":35}},"loc":{"start":{"line":338,"column":39},"end":{"line":338,"column":69}},"line":338},"22":{"name":"(anonymous_22)","decl":{"start":{"line":345,"column":35},"end":{"line":345,"column":36}},"loc":{"start":{"line":345,"column":41},"end":{"line":345,"column":63}},"line":345},"23":{"name":"(anonymous_23)","decl":{"start":{"line":351,"column":35},"end":{"line":351,"column":36}},"loc":{"start":{"line":351,"column":41},"end":{"line":351,"column":59}},"line":351},"24":{"name":"(anonymous_24)","decl":{"start":{"line":401,"column":31},"end":{"line":401,"column":32}},"loc":{"start":{"line":401,"column":37},"end":{"line":401,"column":90}},"line":401}},"branchMap":{"0":{"loc":{"start":{"line":13,"column":2},"end":{"line":13,"column":84}},"type":"if","locations":[{"start":{"line":13,"column":2},"end":{"line":13,"column":84}},{"start":{},"end":{}}],"line":13},"1":{"loc":{"start":{"line":13,"column":28},"end":{"line":13,"column":83}},"type":"cond-expr","locations":[{"start":{"line":13,"column":45},"end":{"line":13,"column":57}},{"start":{"line":13,"column":60},"end":{"line":13,"column":83}}],"line":13},"2":{"loc":{"start":{"line":16,"column":2},"end":{"line":16,"column":86}},"type":"if","locations":[{"start":{"line":16,"column":2},"end":{"line":16,"column":86}},{"start":{},"end":{}}],"line":16},"3":{"loc":{"start":{"line":16,"column":28},"end":{"line":16,"column":85}},"type":"cond-expr","locations":[{"start":{"line":16,"column":45},"end":{"line":16,"column":58}},{"start":{"line":16,"column":61},"end":{"line":16,"column":85}}],"line":16},"4":{"loc":{"start":{"line":19,"column":2},"end":{"line":19,"column":82}},"type":"if","locations":[{"start":{"line":19,"column":2},"end":{"line":19,"column":82}},{"start":{},"end":{}}],"line":19},"5":{"loc":{"start":{"line":19,"column":28},"end":{"line":19,"column":81}},"type":"cond-expr","locations":[{"start":{"line":19,"column":45},"end":{"line":19,"column":56}},{"start":{"line":19,"column":59},"end":{"line":19,"column":81}}],"line":19},"6":{"loc":{"start":{"line":22,"column":2},"end":{"line":22,"column":84}},"type":"if","locations":[{"start":{"line":22,"column":2},"end":{"line":22,"column":84}},{"start":{},"end":{}}],"line":22},"7":{"loc":{"start":{"line":22,"column":28},"end":{"line":22,"column":83}},"type":"cond-expr","locations":[{"start":{"line":22,"column":45},"end":{"line":22,"column":57}},{"start":{"line":22,"column":60},"end":{"line":22,"column":83}}],"line":22},"8":{"loc":{"start":{"line":25,"column":2},"end":{"line":25,"column":88}},"type":"if","locations":[{"start":{"line":25,"column":2},"end":{"line":25,"column":88}},{"start":{},"end":{}}],"line":25},"9":{"loc":{"start":{"line":25,"column":28},"end":{"line":25,"column":87}},"type":"cond-expr","locations":[{"start":{"line":25,"column":45},"end":{"line":25,"column":59}},{"start":{"line":25,"column":62},"end":{"line":25,"column":87}}],"line":25},"10":{"loc":{"start":{"line":60,"column":6},"end":{"line":74,"column":7}},"type":"if","locations":[{"start":{"line":60,"column":6},"end":{"line":74,"column":7}},{"start":{},"end":{}}],"line":60},"11":{"loc":{"start":{"line":73,"column":19},"end":{"line":73,"column":78}},"type":"binary-expr","locations":[{"start":{"line":73,"column":19},"end":{"line":73,"column":47}},{"start":{"line":73,"column":51},"end":{"line":73,"column":78}}],"line":73},"12":{"loc":{"start":{"line":80,"column":14},"end":{"line":80,"column":35}},"type":"binary-expr","locations":[{"start":{"line":80,"column":14},"end":{"line":80,"column":27}},{"start":{"line":80,"column":31},"end":{"line":80,"column":35}}],"line":80},"13":{"loc":{"start":{"line":88,"column":4},"end":{"line":91,"column":5}},"type":"if","locations":[{"start":{"line":88,"column":4},"end":{"line":91,"column":5}},{"start":{},"end":{}}],"line":88},"14":{"loc":{"start":{"line":104,"column":6},"end":{"line":104,"column":29}},"type":"if","locations":[{"start":{"line":104,"column":6},"end":{"line":104,"column":29}},{"start":{},"end":{}}],"line":104},"15":{"loc":{"start":{"line":105,"column":23},"end":{"line":105,"column":33}},"type":"binary-expr","locations":[{"start":{"line":105,"column":23},"end":{"line":105,"column":27}},{"start":{"line":105,"column":31},"end":{"line":105,"column":33}}],"line":105},"16":{"loc":{"start":{"line":114,"column":4},"end":{"line":114,"column":35}},"type":"if","locations":[{"start":{"line":114,"column":4},"end":{"line":114,"column":35}},{"start":{},"end":{}}],"line":114},"17":{"loc":{"start":{"line":122,"column":4},"end":{"line":122,"column":34}},"type":"if","locations":[{"start":{"line":122,"column":4},"end":{"line":122,"column":34}},{"start":{},"end":{}}],"line":122},"18":{"loc":{"start":{"line":122,"column":8},"end":{"line":122,"column":25}},"type":"binary-expr","locations":[{"start":{"line":122,"column":8},"end":{"line":122,"column":13}},{"start":{"line":122,"column":17},"end":{"line":122,"column":25}}],"line":122},"19":{"loc":{"start":{"line":123,"column":4},"end":{"line":126,"column":5}},"type":"if","locations":[{"start":{"line":123,"column":4},"end":{"line":126,"column":5}},{"start":{},"end":{}}],"line":123},"20":{"loc":{"start":{"line":134,"column":6},"end":{"line":152,"column":7}},"type":"if","locations":[{"start":{"line":134,"column":6},"end":{"line":152,"column":7}},{"start":{},"end":{}}],"line":134},"21":{"loc":{"start":{"line":142,"column":8},"end":{"line":142,"column":43}},"type":"if","locations":[{"start":{"line":142,"column":8},"end":{"line":142,"column":43}},{"start":{},"end":{}}],"line":142},"22":{"loc":{"start":{"line":147,"column":20},"end":{"line":151,"column":21}},"type":"cond-expr","locations":[{"start":{"line":148,"column":12},"end":{"line":148,"column":19}},{"start":{"line":149,"column":12},"end":{"line":151,"column":21}}],"line":147},"23":{"loc":{"start":{"line":149,"column":12},"end":{"line":151,"column":21}},"type":"cond-expr","locations":[{"start":{"line":150,"column":14},"end":{"line":150,"column":21}},{"start":{"line":151,"column":14},"end":{"line":151,"column":21}}],"line":149},"24":{"loc":{"start":{"line":163,"column":6},"end":{"line":163,"column":41}},"type":"if","locations":[{"start":{"line":163,"column":6},"end":{"line":163,"column":41}},{"start":{},"end":{}}],"line":163},"25":{"loc":{"start":{"line":179,"column":4},"end":{"line":182,"column":5}},"type":"if","locations":[{"start":{"line":179,"column":4},"end":{"line":182,"column":5}},{"start":{},"end":{}}],"line":179},"26":{"loc":{"start":{"line":190,"column":6},"end":{"line":190,"column":29}},"type":"if","locations":[{"start":{"line":190,"column":6},"end":{"line":190,"column":29}},{"start":{},"end":{}}],"line":190},"27":{"loc":{"start":{"line":213,"column":6},"end":{"line":213,"column":29}},"type":"if","locations":[{"start":{"line":213,"column":6},"end":{"line":213,"column":29}},{"start":{},"end":{}}],"line":213},"28":{"loc":{"start":{"line":225,"column":2},"end":{"line":227,"column":3}},"type":"if","locations":[{"start":{"line":225,"column":2},"end":{"line":227,"column":3}},{"start":{},"end":{}}],"line":225},"29":{"loc":{"start":{"line":243,"column":9},"end":{"line":247,"column":9}},"type":"binary-expr","locations":[{"start":{"line":243,"column":9},"end":{"line":243,"column":29}},{"start":{"line":244,"column":10},"end":{"line":246,"column":18}}],"line":243},"30":{"loc":{"start":{"line":250,"column":9},"end":{"line":280,"column":9}},"type":"binary-expr","locations":[{"start":{"line":250,"column":9},"end":{"line":250,"column":16}},{"start":{"line":251,"column":10},"end":{"line":279,"column":20}}],"line":250},"31":{"loc":{"start":{"line":261,"column":13},"end":{"line":261,"column":77}},"type":"binary-expr","locations":[{"start":{"line":261,"column":13},"end":{"line":261,"column":17}},{"start":{"line":261,"column":21},"end":{"line":261,"column":77}}],"line":261},"32":{"loc":{"start":{"line":265,"column":17},"end":{"line":265,"column":48}},"type":"cond-expr","locations":[{"start":{"line":265,"column":27},"end":{"line":265,"column":39}},{"start":{"line":265,"column":42},"end":{"line":265,"column":48}}],"line":265},"33":{"loc":{"start":{"line":284,"column":11},"end":{"line":386,"column":11}},"type":"cond-expr","locations":[{"start":{"line":285,"column":12},"end":{"line":285,"column":74}},{"start":{"line":287,"column":12},"end":{"line":385,"column":18}}],"line":284},"34":{"loc":{"start":{"line":293,"column":29},"end":{"line":293,"column":61}},"type":"binary-expr","locations":[{"start":{"line":293,"column":29},"end":{"line":293,"column":51}},{"start":{"line":293,"column":55},"end":{"line":293,"column":61}}],"line":293},"35":{"loc":{"start":{"line":299,"column":27},"end":{"line":299,"column":70}},"type":"binary-expr","locations":[{"start":{"line":299,"column":27},"end":{"line":299,"column":48}},{"start":{"line":299,"column":52},"end":{"line":299,"column":70}}],"line":299},"36":{"loc":{"start":{"line":306,"column":21},"end":{"line":331,"column":21}},"type":"binary-expr","locations":[{"start":{"line":306,"column":21},"end":{"line":306,"column":28}},{"start":{"line":307,"column":22},"end":{"line":330,"column":28}}],"line":306},"37":{"loc":{"start":{"line":310,"column":27},"end":{"line":328,"column":27}},"type":"binary-expr","locations":[{"start":{"line":310,"column":27},"end":{"line":310,"column":45}},{"start":{"line":311,"column":28},"end":{"line":327,"column":31}}],"line":310},"38":{"loc":{"start":{"line":334,"column":19},"end":{"line":359,"column":19}},"type":"cond-expr","locations":[{"start":{"line":335,"column":20},"end":{"line":356,"column":26}},{"start":{"line":358,"column":20},"end":{"line":358,"column":75}}],"line":334},"39":{"loc":{"start":{"line":362,"column":19},"end":{"line":382,"column":19}},"type":"binary-expr","locations":[{"start":{"line":362,"column":19},"end":{"line":362,"column":30}},{"start":{"line":363,"column":20},"end":{"line":381,"column":26}}],"line":362},"40":{"loc":{"start":{"line":364,"column":23},"end":{"line":370,"column":23}},"type":"binary-expr","locations":[{"start":{"line":364,"column":23},"end":{"line":364,"column":47}},{"start":{"line":365,"column":24},"end":{"line":369,"column":26}}],"line":364},"41":{"loc":{"start":{"line":371,"column":23},"end":{"line":375,"column":23}},"type":"binary-expr","locations":[{"start":{"line":371,"column":23},"end":{"line":371,"column":47}},{"start":{"line":372,"column":24},"end":{"line":374,"column":32}}],"line":371},"42":{"loc":{"start":{"line":376,"column":23},"end":{"line":380,"column":23}},"type":"binary-expr","locations":[{"start":{"line":376,"column":23},"end":{"line":376,"column":47}},{"start":{"line":377,"column":24},"end":{"line":379,"column":32}}],"line":376},"43":{"loc":{"start":{"line":391,"column":7},"end":{"line":407,"column":7}},"type":"binary-expr","locations":[{"start":{"line":391,"column":7},"end":{"line":391,"column":23}},{"start":{"line":392,"column":8},"end":{"line":406,"column":16}}],"line":391}},"s":{"0":0,"1":0,"2":0,"3":0,"4":0,"5":0,"6":0,"7":0,"8":0,"9":0,"10":0,"11":0,"12":0,"13":0,"14":0,"15":0,"16":0,"17":0,"18":0,"19":0,"20":0,"21":0,"22":0,"23":0,"24":0,"25":0,"26":0,"27":0,"28":0,"29":0,"30":0,"31":0,"32":0,"33":0,"34":0,"35":0,"36":0,"37":0,"38":0,"39":0,"40":0,"41":0,"42":0,"43":0,"44":0,"45":0,"46":0,"47":0,"48":0,"49":0,"50":0,"51":0,"52":0,"53":0,"54":0,"55":0,"56":0,"57":0,"58":0,"59":0,"60":0,"61":0,"62":0,"63":0,"64":0,"65":0,"66":0,"67":0,"68":0,"69":0,"70":0,"71":0,"72":0,"73":0,"74":0,"75":0,"76":0,"77":0,"78":0,"79":0,"80":0,"81":0,"82":0,"83":0,"84":0,"85":0,"86":0,"87":0,"88":0,"89":0,"90":0,"91":0,"92":0,"93":0,"94":0,"95":0,"96":0,"97":0,"98":0,"99":0,"100":0,"101":0,"102":0,"103":0,"104":0,"105":0,"106":0,"107":0,"108":0,"109":0,"110":0,"111":0,"112":0,"113":0,"114":0,"115":0,"116":0,"117":0,"118":0,"119":0,"120":0,"121":0,"122":0,"123":0,"124":0,"125":0,"126":0,"127":0,"128":0,"129":0,"130":0,"131":0,"132":0,"133":0,"134":0,"135":0,"136":0},"f":{"0":0,"1":0,"2":0,"3":0,"4":0,"5":0,"6":0,"7":0,"8":0,"9":0,"10":0,"11":0,"12":0,"13":0,"14":0,"15":0,"16":0,"17":0,"18":0,"19":0,"20":0,"21":0,"22":0,"23":0,"24":0},"b":{"0":[0,0],"1":[0,0],"2":[0,0],"3":[0,0],"4":[0,0],"5":[0,0],"6":[0,0],"7":[0,0],"8":[0,0],"9":[0,0],"10":[0,0],"11":[0,0],"12":[0,0],"13":[0,0],"14":[0,0],"15":[0,0],"16":[0,0],"17":[0,0],"18":[0,0],"19":[0,0],"20":[0,0],"21":[0,0],"22":[0,0],"23":[0,0],"24":[0,0],"25":[0,0],"26":[0,0],"27":[0,0],"28":[0,0],"29":[0,0],"30":[0,0],"31":[0,0],"32":[0,0],"33":[0,0],"34":[0,0],"35":[0,0],"36":[0,0],"37":[0,0],"38":[0,0],"39":[0,0],"40":[0,0],"41":[0,0],"42":[0,0],"43":[0,0]},"_coverageSchema":"1a1c01bbd47fc00a2c39e90264f33305004495a9","hash":"4f8551be59ff9ad76f3ad3d96c3b0c851c88223d"}
,"C:\\Users\\busis\\Downloads\\Programming\\SDP\\Clubs-Connect\\src\\components\\homepage.jsx": {"path":"C:\\Users\\busis\\Downloads\\Programming\\SDP\\Clubs-Connect\\src\\components\\homepage.jsx","statementMap":{"0":{"start":{"line":11,"column":19},"end":{"line":11,"column":32}},"1":{"start":{"line":13,"column":2},"end":{"line":72,"column":4}},"2":{"start":{"line":21,"column":31},"end":{"line":21,"column":79}},"3":{"start":{"line":35,"column":31},"end":{"line":35,"column":78}}},"fnMap":{"0":{"name":"Homepage","decl":{"start":{"line":10,"column":24},"end":{"line":10,"column":32}},"loc":{"start":{"line":10,"column":35},"end":{"line":73,"column":1}},"line":10},"1":{"name":"(anonymous_1)","decl":{"start":{"line":21,"column":25},"end":{"line":21,"column":26}},"loc":{"start":{"line":21,"column":31},"end":{"line":21,"column":79}},"line":21},"2":{"name":"(anonymous_2)","decl":{"start":{"line":35,"column":25},"end":{"line":35,"column":26}},"loc":{"start":{"line":35,"column":31},"end":{"line":35,"column":78}},"line":35}},"branchMap":{},"s":{"0":8,"1":8,"2":1,"3":1},"f":{"0":8,"1":1,"2":1},"b":{},"_coverageSchema":"1a1c01bbd47fc00a2c39e90264f33305004495a9","hash":"c479822b97353f5c00b460cc7a2842decf789cbd"}
}
