TN:
SF:src\App.jsx
FN:21,App
FNF:1
FNH:1
FNDA:1,App
DA:22,1
LF:1
LH:1
BRF:0
BRH:0
end_of_record
TN:
SF:src\index.jsx
FNF:0
FNH:0
DA:8,0
DA:9,0
DA:18,0
LF:3
LH:0
BRF:0
BRH:0
end_of_record
TN:
SF:src\components\AddMembers.jsx
FN:6,AddMembersPage
FN:19,(anonymous_1)
FN:29,(anonymous_2)
FN:42,(anonymous_3)
FN:50,(anonymous_4)
FN:51,(anonymous_5)
FN:60,(anonymous_6)
FN:65,(anonymous_7)
FN:69,handleAddMember
FN:76,(anonymous_9)
FN:78,(anonymous_10)
FN:86,handleRemoveMember
FN:95,(anonymous_12)
FN:96,(anonymous_13)
FN:108,(anonymous_14)
FN:126,(anonymous_15)
FN:136,(anonymous_16)
FN:160,(anonymous_17)
FN:170,(anonymous_18)
FN:187,(anonymous_19)
FN:191,(anonymous_20)
FN:192,(anonymous_21)
FN:206,(anonymous_22)
FN:210,(anonymous_23)
FN:211,(anonymous_24)
FNF:25
FNH:17
FNDA:13,AddMembersPage
FNDA:5,(anonymous_1)
FNDA:5,(anonymous_2)
FNDA:9,(anonymous_3)
FNDA:3,(anonymous_4)
FNDA:9,(anonymous_5)
FNDA:5,(anonymous_6)
FNDA:9,(anonymous_7)
FNDA:1,handleAddMember
FNDA:1,(anonymous_9)
FNDA:1,(anonymous_10)
FNDA:0,handleRemoveMember
FNDA:0,(anonymous_12)
FNDA:0,(anonymous_13)
FNDA:1,(anonymous_14)
FNDA:5,(anonymous_15)
FNDA:0,(anonymous_16)
FNDA:6,(anonymous_17)
FNDA:1,(anonymous_18)
FNDA:1,(anonymous_19)
FNDA:1,(anonymous_20)
FNDA:0,(anonymous_21)
FNDA:0,(anonymous_22)
FNDA:0,(anonymous_23)
FNDA:0,(anonymous_24)
DA:7,13
DA:8,13
DA:10,13
DA:11,13
DA:12,13
DA:13,13
DA:16,13
DA:17,13
DA:19,13
DA:20,5
DA:21,5
DA:22,5
DA:23,5
DA:25,0
DA:29,13
DA:30,5
DA:31,5
DA:35,5
DA:36,5
DA:38,0
DA:42,13
DA:43,9
DA:44,9
DA:48,9
DA:50,9
DA:51,9
DA:52,9
DA:54,0
DA:56,9
DA:60,13
DA:61,5
DA:62,5
DA:65,13
DA:66,9
DA:70,1
DA:71,1
DA:74,1
DA:76,1
DA:77,1
DA:78,1
DA:79,1
DA:81,0
DA:82,0
DA:87,0
DA:88,0
DA:93,0
DA:95,0
DA:96,0
DA:97,0
DA:99,0
DA:100,0
DA:104,13
DA:108,1
DA:127,5
DA:136,0
DA:161,6
DA:170,1
DA:187,1
DA:191,1
DA:192,0
DA:206,0
DA:210,0
DA:211,0
LF:63
LH:45
BRDA:22,0,0,0
BRDA:22,0,1,5
BRDA:35,1,0,0
BRDA:35,1,1,5
BRDA:36,2,0,5
BRDA:36,2,1,0
BRDA:48,3,0,0
BRDA:48,3,1,9
BRDA:51,4,0,9
BRDA:51,4,1,0
BRDA:74,5,0,0
BRDA:74,5,1,1
BRDA:93,6,0,0
BRDA:93,6,1,0
BRDA:107,7,0,13
BRDA:107,7,1,5
BRDA:123,8,0,8
BRDA:123,8,1,5
BRDA:128,9,0,0
BRDA:128,9,1,5
BRDA:155,10,0,5
BRDA:155,10,1,8
BRDA:157,11,0,2
BRDA:157,11,1,6
BRDA:162,12,0,0
BRDA:162,12,1,6
BRDA:180,13,0,13
BRDA:180,13,1,1
BRDA:198,14,0,13
BRDA:198,14,1,0
BRF:30
BRH:19
end_of_record
TN:
SF:src\components\Auth.jsx
FN:8,(anonymous_0)
FN:12,Auth
FN:29,(anonymous_2)
FN:34,(anonymous_3)
FN:48,(anonymous_4)
FN:66,(anonymous_5)
FN:67,(anonymous_6)
FN:74,(anonymous_7)
FN:87,(anonymous_8)
FN:97,(anonymous_9)
FN:113,(anonymous_10)
FN:119,(anonymous_11)
FN:151,(anonymous_12)
FN:182,(anonymous_13)
FN:195,(anonymous_14)
FN:207,(anonymous_15)
FNF:16
FNH:7
FNDA:4,(anonymous_0)
FNDA:36,Auth
FNDA:0,(anonymous_2)
FNDA:0,(anonymous_3)
FNDA:0,(anonymous_4)
FNDA:16,(anonymous_5)
FNDA:16,(anonymous_6)
FNDA:0,(anonymous_7)
FNDA:0,(anonymous_8)
FNDA:0,(anonymous_9)
FNDA:16,(anonymous_10)
FNDA:0,(anonymous_11)
FNDA:0,(anonymous_12)
FNDA:2,(anonymous_13)
FNDA:0,(anonymous_14)
FNDA:3,(anonymous_15)
DA:8,12
DA:9,4
DA:13,36
DA:14,36
DA:15,36
DA:16,36
DA:17,36
DA:18,36
DA:19,36
DA:20,36
DA:22,36
DA:23,36
DA:25,36
DA:26,36
DA:28,36
DA:29,36
DA:31,36
DA:34,36
DA:35,0
DA:40,0
DA:41,0
DA:42,0
DA:44,0
DA:48,36
DA:49,0
DA:51,0
DA:52,0
DA:53,0
DA:56,0
DA:57,0
DA:58,0
DA:61,0
DA:66,36
DA:67,16
DA:68,16
DA:69,0
DA:70,0
DA:71,0
DA:73,0
DA:74,0
DA:75,0
DA:76,0
DA:78,0
DA:79,0
DA:80,0
DA:84,16
DA:87,16
DA:88,0
DA:89,0
DA:90,0
DA:91,0
DA:92,0
DA:93,0
DA:95,0
DA:96,0
DA:97,0
DA:98,0
DA:99,0
DA:101,0
DA:102,0
DA:103,0
DA:107,0
DA:108,0
DA:109,0
DA:113,16
DA:114,16
DA:119,36
DA:120,0
DA:121,0
DA:122,0
DA:123,0
DA:125,0
DA:126,0
DA:128,0
DA:129,0
DA:130,0
DA:131,0
DA:132,0
DA:135,0
DA:136,0
DA:140,0
DA:141,0
DA:142,0
DA:143,0
DA:146,0
DA:147,0
DA:151,36
DA:152,0
DA:153,0
DA:154,0
DA:155,0
DA:157,0
DA:158,0
DA:160,0
DA:164,0
DA:165,0
DA:166,0
DA:167,0
DA:170,0
DA:171,0
DA:172,0
DA:173,0
DA:174,0
DA:176,0
DA:177,0
DA:178,0
DA:182,36
DA:183,2
DA:184,2
DA:190,0
DA:191,0
DA:195,36
DA:196,0
DA:197,0
DA:198,0
DA:199,0
DA:200,0
DA:201,0
DA:202,0
DA:203,0
DA:207,36
DA:208,3
DA:209,3
DA:210,3
DA:213,36
DA:214,16
DA:223,20
LF:127
LH:39
BRDA:40,0,0,0
BRDA:40,0,1,0
BRDA:51,1,0,0
BRDA:51,1,1,0
BRDA:51,2,0,0
BRDA:51,2,1,0
BRDA:56,3,0,0
BRDA:56,3,1,0
BRDA:57,4,0,0
BRDA:57,4,1,0
BRDA:57,4,2,0
BRDA:61,5,0,0
BRDA:61,5,1,0
BRDA:68,6,0,0
BRDA:68,6,1,16
BRDA:69,7,0,0
BRDA:69,7,1,0
BRDA:75,8,0,0
BRDA:75,8,1,0
BRDA:76,9,0,0
BRDA:76,9,1,0
BRDA:78,10,0,0
BRDA:78,10,1,0
BRDA:79,11,0,0
BRDA:79,11,1,0
BRDA:80,12,0,0
BRDA:80,12,1,0
BRDA:88,13,0,0
BRDA:88,13,1,0
BRDA:89,14,0,0
BRDA:89,14,1,0
BRDA:98,15,0,0
BRDA:98,15,1,0
BRDA:99,16,0,0
BRDA:99,16,1,0
BRDA:101,17,0,0
BRDA:101,17,1,0
BRDA:102,18,0,0
BRDA:102,18,1,0
BRDA:103,19,0,0
BRDA:103,19,1,0
BRDA:121,20,0,0
BRDA:121,20,1,0
BRDA:129,21,0,0
BRDA:129,21,1,0
BRDA:140,22,0,0
BRDA:140,22,1,0
BRDA:153,23,0,0
BRDA:153,23,1,0
BRDA:164,24,0,0
BRDA:164,24,1,0
BRDA:172,25,0,0
BRDA:172,25,1,0
BRDA:173,26,0,0
BRDA:173,26,1,0
BRDA:176,27,0,0
BRDA:176,27,1,0
BRDA:177,28,0,0
BRDA:177,28,1,0
BRDA:178,29,0,0
BRDA:178,29,1,0
BRDA:190,30,0,0
BRDA:190,30,1,0
BRDA:213,31,0,16
BRDA:213,31,1,20
BRDA:225,32,0,0
BRDA:225,32,1,20
BRDA:239,33,0,8
BRDA:239,33,1,12
BRDA:298,34,0,20
BRDA:298,34,1,0
BRF:71
BRH:7
end_of_record
TN:
SF:src\components\CSO.jsx
FN:5,SGODashboard
FN:8,(anonymous_1)
FN:12,(anonymous_2)
FNF:3
FNH:3
FNDA:6,SGODashboard
FNDA:1,(anonymous_1)
FNDA:1,(anonymous_2)
DA:6,6
DA:8,6
DA:9,1
DA:12,6
DA:13,1
DA:16,6
LF:6
LH:6
BRF:0
BRH:0
end_of_record
TN:
SF:src\components\CSOPage.jsx
FN:10,timeSince
FN:25,EntityPage
FN:46,(anonymous_2)
FN:48,(anonymous_3)
FN:52,(anonymous_4)
FN:53,(anonymous_5)
FN:103,(anonymous_6)
FN:104,(anonymous_7)
FN:123,(anonymous_8)
FN:165,(anonymous_9)
FN:171,(anonymous_10)
FN:189,(anonymous_11)
FN:194,(anonymous_12)
FN:200,(anonymous_13)
FN:215,(anonymous_14)
FN:251,(anonymous_15)
FN:276,(anonymous_16)
FN:285,(anonymous_17)
FN:300,(anonymous_18)
FN:314,(anonymous_19)
FN:320,(anonymous_20)
FN:382,(anonymous_21)
FNF:22
FNH:5
FNDA:0,timeSince
FNDA:1,EntityPage
FNDA:0,(anonymous_2)
FNDA:0,(anonymous_3)
FNDA:1,(anonymous_4)
FNDA:1,(anonymous_5)
FNDA:1,(anonymous_6)
FNDA:1,(anonymous_7)
FNDA:0,(anonymous_8)
FNDA:0,(anonymous_9)
FNDA:0,(anonymous_10)
FNDA:0,(anonymous_11)
FNDA:0,(anonymous_12)
FNDA:0,(anonymous_13)
FNDA:0,(anonymous_14)
FNDA:0,(anonymous_15)
FNDA:0,(anonymous_16)
FNDA:0,(anonymous_17)
FNDA:0,(anonymous_18)
FNDA:0,(anonymous_19)
FNDA:0,(anonymous_20)
FNDA:0,(anonymous_21)
DA:11,0
DA:12,0
DA:13,0
DA:14,0
DA:15,0
DA:16,0
DA:17,0
DA:18,0
DA:19,0
DA:20,0
DA:21,0
DA:22,0
DA:26,1
DA:27,1
DA:28,1
DA:29,1
DA:30,1
DA:31,1
DA:32,1
DA:33,1
DA:36,1
DA:37,1
DA:40,1
DA:43,1
DA:46,1
DA:47,0
DA:48,0
DA:52,1
DA:53,1
DA:57,1
DA:58,1
DA:59,1
DA:61,1
DA:62,0
DA:63,0
DA:69,0
DA:75,0
DA:76,0
DA:77,0
DA:79,0
DA:80,0
DA:85,0
DA:86,0
DA:87,0
DA:88,0
DA:90,0
DA:95,0
DA:99,1
DA:103,1
DA:104,1
DA:105,1
DA:106,1
DA:111,1
DA:112,1
DA:114,0
DA:116,1
DA:119,1
DA:123,1
DA:124,0
DA:125,0
DA:126,0
DA:127,0
DA:134,0
DA:135,0
DA:137,0
DA:139,0
DA:142,0
DA:143,0
DA:151,0
DA:152,0
DA:154,0
DA:156,0
DA:160,0
DA:165,1
DA:166,0
DA:167,0
DA:171,1
DA:172,0
DA:173,0
DA:174,0
DA:176,0
DA:177,0
DA:178,0
DA:179,0
DA:180,0
DA:181,0
DA:183,0
DA:184,0
DA:189,1
DA:190,0
DA:194,1
DA:195,0
DA:197,0
DA:198,0
DA:199,0
DA:200,0
DA:201,0
DA:202,0
DA:204,0
DA:205,0
DA:206,0
DA:210,1
DA:211,0
DA:213,0
DA:215,0
DA:252,0
DA:253,0
DA:277,0
DA:278,0
DA:285,0
DA:300,0
DA:314,0
DA:320,0
DA:382,0
LF:114
LH:34
BRDA:13,0,0,0
BRDA:13,0,1,0
BRDA:13,1,0,0
BRDA:13,1,1,0
BRDA:15,2,0,0
BRDA:15,2,1,0
BRDA:15,3,0,0
BRDA:15,3,1,0
BRDA:17,4,0,0
BRDA:17,4,1,0
BRDA:17,5,0,0
BRDA:17,5,1,0
BRDA:19,6,0,0
BRDA:19,6,1,0
BRDA:19,7,0,0
BRDA:19,7,1,0
BRDA:21,8,0,0
BRDA:21,8,1,0
BRDA:21,9,0,0
BRDA:21,9,1,0
BRDA:58,10,0,0
BRDA:58,10,1,1
BRDA:61,11,0,0
BRDA:61,11,1,1
BRDA:61,12,0,1
BRDA:61,12,1,1
BRDA:75,13,0,0
BRDA:75,13,1,0
BRDA:79,14,0,0
BRDA:79,14,1,0
BRDA:86,15,0,0
BRDA:86,15,1,0
BRDA:111,16,0,0
BRDA:111,16,1,1
BRDA:125,17,0,0
BRDA:125,17,1,0
BRDA:134,18,0,0
BRDA:134,18,1,0
BRDA:135,19,0,0
BRDA:135,19,1,0
BRDA:151,20,0,0
BRDA:151,20,1,0
BRDA:152,21,0,0
BRDA:152,21,1,0
BRDA:172,22,0,0
BRDA:172,22,1,0
BRDA:199,23,0,0
BRDA:199,23,1,0
BRDA:210,24,0,1
BRDA:210,24,1,0
BRDA:210,25,0,1
BRDA:210,25,1,0
BRDA:211,26,0,0
BRDA:211,26,1,0
BRDA:223,27,0,0
BRDA:223,27,1,0
BRDA:232,28,0,0
BRDA:232,28,1,0
BRDA:238,29,0,0
BRDA:238,29,1,0
BRDA:247,30,0,0
BRDA:247,30,1,0
BRDA:252,31,0,0
BRDA:252,31,1,0
BRDA:258,32,0,0
BRDA:258,32,1,0
BRDA:263,33,0,0
BRDA:263,33,1,0
BRDA:268,34,0,0
BRDA:268,34,1,0
BRDA:272,35,0,0
BRDA:272,35,1,0
BRDA:296,36,0,0
BRDA:296,36,1,0
BRDA:330,37,0,0
BRDA:330,37,1,0
BRDA:332,38,0,0
BRDA:332,38,1,0
BRDA:335,39,0,0
BRDA:335,39,1,0
BRDA:340,40,0,0
BRDA:340,40,1,0
BRDA:360,41,0,0
BRDA:360,41,1,0
BRDA:363,42,0,0
BRDA:363,42,1,0
BRDA:372,43,0,0
BRDA:372,43,1,0
BRF:88
BRH:7
end_of_record
TN:
SF:src\components\CSO_member.jsx
FN:7,CSOMember
FN:22,(anonymous_1)
FN:23,(anonymous_2)
FN:42,(anonymous_3)
FN:57,fetchCSO
FN:83,(anonymous_5)
FN:93,(anonymous_6)
FN:93,(anonymous_7)
FN:104,(anonymous_8)
FN:108,(anonymous_9)
FNF:10
FNH:3
FNDA:2,CSOMember
FNDA:1,(anonymous_1)
FNDA:1,(anonymous_2)
FNDA:0,(anonymous_3)
FNDA:0,fetchCSO
FNDA:0,(anonymous_5)
FNDA:0,(anonymous_6)
FNDA:0,(anonymous_7)
FNDA:0,(anonymous_8)
FNDA:0,(anonymous_9)
DA:9,2
DA:10,2
DA:11,2
DA:12,2
DA:13,2
DA:14,2
DA:15,2
DA:16,2
DA:17,2
DA:18,2
DA:19,2
DA:20,2
DA:22,2
DA:23,1
DA:27,1
DA:29,1
DA:32,1
DA:33,1
DA:40,1
DA:41,1
DA:42,1
DA:45,0
DA:47,0
DA:49,1
DA:53,1
DA:58,0
DA:59,0
DA:71,0
DA:76,0
DA:83,0
DA:86,0
DA:92,2
DA:93,0
DA:96,2
DA:105,0
DA:108,0
LF:36
LH:25
BRDA:32,0,0,1
BRDA:32,0,1,0
BRDA:40,1,0,1
BRDA:40,1,1,0
BRDA:71,2,0,0
BRDA:71,2,1,0
BRDA:76,3,0,0
BRDA:76,3,1,0
BRDA:99,4,0,1
BRDA:99,4,1,1
BRDA:101,5,0,1
BRDA:101,5,1,0
BRF:12
BRH:5
end_of_record
TN:
SF:src\components\Card.jsx
FN:5,Card
FNF:1
FNH:1
FNDA:26,Card
DA:6,26
LF:1
LH:1
BRF:0
BRH:0
end_of_record
TN:
SF:src\components\CommentSection.jsx
FN:7,CommentSection
FN:13,(anonymous_1)
FN:14,fetchComments
FN:54,(anonymous_3)
FN:83,(anonymous_4)
FN:98,(anonymous_5)
FN:109,(anonymous_6)
FNF:7
FNH:4
FNDA:2,CommentSection
FNDA:2,(anonymous_1)
FNDA:2,fetchComments
FNDA:1,(anonymous_3)
FNDA:0,(anonymous_4)
FNDA:0,(anonymous_5)
FNDA:0,(anonymous_6)
DA:8,2
DA:9,2
DA:10,2
DA:13,2
DA:15,2
DA:17,2
DA:31,0
DA:32,0
DA:35,0
DA:43,0
DA:44,0
DA:46,2
DA:50,2
DA:54,2
DA:55,1
DA:56,1
DA:58,0
DA:60,0
DA:80,0
DA:83,0
DA:85,0
DA:87,0
DA:91,2
DA:98,0
DA:110,0
LF:25
LH:12
BRDA:31,0,0,0
BRDA:31,0,1,0
BRDA:32,1,0,0
BRDA:32,1,1,0
BRDA:43,2,0,0
BRDA:43,2,1,0
BRDA:56,3,0,1
BRDA:56,3,1,0
BRDA:80,4,0,0
BRDA:80,4,1,0
BRDA:101,5,0,0
BRDA:101,5,1,2
BRDA:111,6,0,0
BRDA:111,6,1,0
BRF:14
BRH:2
end_of_record
TN:
SF:src\components\ExecEvents.jsx
FN:13,StudentDashboard
FN:37,(anonymous_1)
FN:51,(anonymous_2)
FN:63,(anonymous_3)
FN:64,(anonymous_4)
FN:88,(anonymous_5)
FN:100,(anonymous_6)
FN:106,(anonymous_7)
FN:107,(anonymous_8)
FN:109,(anonymous_9)
FN:111,(anonymous_10)
FN:114,(anonymous_11)
FN:165,(anonymous_12)
FN:203,(anonymous_13)
FN:213,createCalendarEvent
FN:232,(anonymous_15)
FN:244,(anonymous_16)
FN:251,(anonymous_17)
FN:253,(anonymous_18)
FN:306,(anonymous_19)
FN:326,(anonymous_20)
FN:329,(anonymous_21)
FN:496,(anonymous_22)
FN:515,(anonymous_23)
FNF:24
FNH:0
FNDA:0,StudentDashboard
FNDA:0,(anonymous_1)
FNDA:0,(anonymous_2)
FNDA:0,(anonymous_3)
FNDA:0,(anonymous_4)
FNDA:0,(anonymous_5)
FNDA:0,(anonymous_6)
FNDA:0,(anonymous_7)
FNDA:0,(anonymous_8)
FNDA:0,(anonymous_9)
FNDA:0,(anonymous_10)
FNDA:0,(anonymous_11)
FNDA:0,(anonymous_12)
FNDA:0,(anonymous_13)
FNDA:0,createCalendarEvent
FNDA:0,(anonymous_15)
FNDA:0,(anonymous_16)
FNDA:0,(anonymous_17)
FNDA:0,(anonymous_18)
FNDA:0,(anonymous_19)
FNDA:0,(anonymous_20)
FNDA:0,(anonymous_21)
FNDA:0,(anonymous_22)
FNDA:0,(anonymous_23)
DA:9,5
DA:11,5
DA:14,0
DA:15,0
DA:16,0
DA:17,0
DA:18,0
DA:19,0
DA:20,0
DA:22,0
DA:23,0
DA:26,0
DA:37,0
DA:38,0
DA:39,0
DA:40,0
DA:42,0
DA:47,0
DA:49,0
DA:50,0
DA:51,0
DA:53,0
DA:55,0
DA:56,0
DA:58,0
DA:63,0
DA:64,0
DA:67,0
DA:69,0
DA:70,0
DA:72,0
DA:78,0
DA:79,0
DA:81,0
DA:87,0
DA:88,0
DA:90,0
DA:91,0
DA:95,0
DA:96,0
DA:99,0
DA:101,0
DA:106,0
DA:107,0
DA:109,0
DA:110,0
DA:111,0
DA:114,0
DA:115,0
DA:117,0
DA:118,0
DA:120,0
DA:121,0
DA:122,0
DA:124,0
DA:128,0
DA:130,0
DA:131,0
DA:134,0
DA:143,0
DA:145,0
DA:146,0
DA:148,0
DA:157,0
DA:159,0
DA:160,0
DA:165,0
DA:166,0
DA:168,0
DA:169,0
DA:170,0
DA:173,0
DA:186,0
DA:187,0
DA:199,0
DA:200,0
DA:201,0
DA:202,0
DA:203,0
DA:205,0
DA:208,0
DA:209,0
DA:214,0
DA:216,0
DA:217,0
DA:219,0
DA:220,0
DA:221,0
DA:222,0
DA:223,0
DA:224,0
DA:226,0
DA:229,0
DA:232,0
DA:233,0
DA:234,0
DA:235,0
DA:236,0
DA:237,0
DA:239,0
DA:241,0
DA:242,0
DA:243,0
DA:244,0
DA:245,0
DA:251,0
DA:253,0
DA:254,0
DA:256,0
DA:257,0
DA:258,0
DA:260,0
DA:264,0
DA:266,0
DA:267,0
DA:269,0
DA:275,0
DA:283,0
DA:285,0
DA:286,0
DA:287,0
DA:289,0
DA:290,0
DA:291,0
DA:295,0
DA:306,0
DA:326,0
DA:329,0
DA:497,0
DA:515,0
LF:130
LH:2
BRDA:47,0,0,0
BRDA:47,0,1,0
BRDA:51,1,0,0
BRDA:51,1,1,0
BRDA:69,2,0,0
BRDA:69,2,1,0
BRDA:78,3,0,0
BRDA:78,3,1,0
BRDA:79,4,0,0
BRDA:79,4,1,0
BRDA:87,5,0,0
BRDA:87,5,1,0
BRDA:88,6,0,0
BRDA:88,6,1,0
BRDA:101,7,0,0
BRDA:101,7,1,0
BRDA:101,7,2,0
BRDA:120,8,0,0
BRDA:120,8,1,0
BRDA:128,9,0,0
BRDA:128,9,1,0
BRDA:143,10,0,0
BRDA:143,10,1,0
BRDA:168,11,0,0
BRDA:168,11,1,0
BRDA:174,12,0,0
BRDA:174,12,1,0
BRDA:200,13,0,0
BRDA:200,13,1,0
BRDA:205,14,0,0
BRDA:205,14,1,0
BRDA:216,15,0,0
BRDA:216,15,1,0
BRDA:219,16,0,0
BRDA:219,16,1,0
BRDA:233,17,0,0
BRDA:233,17,1,0
BRDA:236,18,0,0
BRDA:236,18,1,0
BRDA:242,19,0,0
BRDA:242,19,1,0
BRDA:264,20,0,0
BRDA:264,20,1,0
BRDA:269,21,0,0
BRDA:269,21,1,0
BRDA:271,22,0,0
BRDA:271,22,1,0
BRDA:283,23,0,0
BRDA:283,23,1,0
BRDA:305,24,0,0
BRDA:305,24,1,0
BRDA:324,25,0,0
BRDA:324,25,1,0
BRDA:426,26,0,0
BRDA:426,26,1,0
BRDA:444,27,0,0
BRDA:444,27,1,0
BRDA:463,28,0,0
BRDA:463,28,1,0
BRDA:465,29,0,0
BRDA:465,29,1,0
BRDA:471,30,0,0
BRDA:471,30,1,0
BRDA:476,31,0,0
BRDA:476,31,1,0
BRDA:495,32,0,0
BRDA:495,32,1,0
BRDA:497,33,0,0
BRDA:497,33,1,0
BRDA:498,34,0,0
BRDA:498,34,1,0
BRDA:500,35,0,0
BRDA:500,35,1,0
BRDA:502,36,0,0
BRDA:502,36,1,0
BRDA:503,37,0,0
BRDA:503,37,1,0
BRDA:506,38,0,0
BRDA:506,38,1,0
BRF:79
BRH:0
end_of_record
TN:
SF:src\components\ExecPost.jsx
FN:9,ExecPost
FN:18,(anonymous_1)
FN:19,(anonymous_2)
FN:27,(anonymous_3)
FN:31,(anonymous_4)
FN:34,(anonymous_5)
FN:36,(anonymous_6)
FN:125,(anonymous_7)
FNF:8
FNH:0
FNDA:0,ExecPost
FNDA:0,(anonymous_1)
FNDA:0,(anonymous_2)
FNDA:0,(anonymous_3)
FNDA:0,(anonymous_4)
FNDA:0,(anonymous_5)
FNDA:0,(anonymous_6)
FNDA:0,(anonymous_7)
DA:10,0
DA:11,0
DA:12,0
DA:13,0
DA:15,0
DA:18,0
DA:19,0
DA:22,0
DA:23,0
DA:25,0
DA:27,0
DA:28,0
DA:31,0
DA:34,0
DA:36,0
DA:37,0
DA:39,0
DA:40,0
DA:41,0
DA:45,0
DA:46,0
DA:47,0
DA:50,0
DA:52,0
DA:54,0
DA:55,0
DA:58,0
DA:59,0
DA:60,0
DA:61,0
DA:64,0
DA:66,0
DA:67,0
DA:70,0
DA:71,0
DA:72,0
DA:74,0
DA:76,0
DA:78,0
DA:79,0
DA:81,0
DA:89,0
DA:100,0
DA:103,0
DA:104,0
DA:105,0
DA:106,0
DA:107,0
DA:111,0
DA:113,0
DA:114,0
DA:116,0
DA:120,0
DA:125,0
LF:54
LH:0
BRDA:28,0,0,0
BRDA:28,0,1,0
BRDA:39,1,0,0
BRDA:39,1,1,0
BRDA:45,2,0,0
BRDA:45,2,1,0
BRDA:45,3,0,0
BRDA:45,3,1,0
BRDA:58,4,0,0
BRDA:58,4,1,0
BRDA:70,5,0,0
BRDA:70,5,1,0
BRDA:76,6,0,0
BRDA:76,6,1,0
BRDA:81,7,0,0
BRDA:81,7,1,0
BRDA:83,8,0,0
BRDA:83,8,1,0
BRDA:91,9,0,0
BRDA:91,9,1,0
BRDA:100,10,0,0
BRDA:100,10,1,0
BRDA:106,11,0,0
BRDA:106,11,1,0
BRDA:130,12,0,0
BRDA:130,12,1,0
BRDA:134,13,0,0
BRDA:134,13,1,0
BRF:28
BRH:0
end_of_record
TN:
SF:src\components\FollowButton.jsx
FN:5,FollowButton
FN:9,(anonymous_1)
FN:11,(anonymous_2)
FN:44,(anonymous_3)
FNF:4
FNH:0
FNDA:0,FollowButton
FNDA:0,(anonymous_1)
FNDA:0,(anonymous_2)
FNDA:0,(anonymous_3)
DA:6,0
DA:7,0
DA:9,0
DA:10,0
DA:11,0
DA:12,0
DA:15,0
DA:16,0
DA:17,0
DA:18,0
DA:21,0
DA:28,0
DA:29,0
DA:32,0
DA:33,0
DA:35,0
DA:38,0
DA:41,0
DA:44,0
DA:47,0
DA:48,0
DA:50,0
DA:52,0
DA:54,0
DA:60,0
DA:61,0
DA:63,0
DA:67,0
DA:75,0
DA:76,0
DA:78,0
DA:82,0
DA:85,0
LF:33
LH:0
BRDA:16,0,0,0
BRDA:16,0,1,0
BRDA:28,1,0,0
BRDA:28,1,1,0
BRDA:32,2,0,0
BRDA:32,2,1,0
BRDA:48,3,0,0
BRDA:48,3,1,0
BRDA:52,4,0,0
BRDA:52,4,1,0
BRDA:60,5,0,0
BRDA:60,5,1,0
BRDA:75,6,0,0
BRDA:75,6,1,0
BRDA:87,7,0,0
BRDA:87,7,1,0
BRF:16
BRH:0
end_of_record
TN:
SF:src\components\Footer.jsx
FN:4,Footer
FNF:1
FNH:1
FNDA:8,Footer
DA:5,8
LF:1
LH:1
BRF:0
BRH:0
end_of_record
TN:
SF:src\components\LikeButton.jsx
FN:5,LikeButton
FN:11,(anonymous_1)
FN:12,(anonymous_2)
FN:63,(anonymous_3)
FNF:4
FNH:4
FNDA:7,LikeButton
FNDA:3,(anonymous_1)
FNDA:3,(anonymous_2)
FNDA:2,(anonymous_3)
DA:6,7
DA:7,7
DA:8,7
DA:9,7
DA:11,7
DA:12,3
DA:13,3
DA:16,3
DA:17,3
DA:18,0
DA:19,0
DA:23,3
DA:31,3
DA:32,0
DA:35,3
DA:36,3
DA:38,3
DA:40,0
DA:41,0
DA:45,3
DA:51,3
DA:52,0
DA:53,3
DA:54,3
DA:57,3
DA:60,3
DA:63,7
DA:66,2
DA:67,2
DA:69,2
DA:72,2
DA:80,2
DA:81,0
DA:83,2
DA:85,2
DA:87,1
DA:93,1
DA:94,0
DA:96,1
DA:97,1
DA:99,1
DA:100,1
DA:105,1
DA:107,0
DA:113,0
DA:116,1
DA:117,1
DA:124,1
DA:127,1
DA:128,1
DA:129,1
DA:131,1
DA:132,1
DA:135,2
DA:138,7
LF:55
LH:45
BRDA:17,0,0,0
BRDA:17,0,1,3
BRDA:31,1,0,0
BRDA:31,1,1,3
BRDA:35,2,0,3
BRDA:35,2,1,0
BRDA:51,3,0,0
BRDA:51,3,1,3
BRDA:53,4,0,3
BRDA:53,4,1,0
BRDA:54,5,0,3
BRDA:54,5,1,0
BRDA:67,6,0,0
BRDA:67,6,1,2
BRDA:80,7,0,0
BRDA:80,7,1,2
BRDA:85,8,0,1
BRDA:85,8,1,1
BRDA:93,9,0,0
BRDA:93,9,1,1
BRDA:105,10,0,0
BRDA:105,10,1,1
BRDA:105,11,0,1
BRDA:105,11,1,1
BRDA:113,12,0,0
BRDA:113,12,1,0
BRDA:124,13,0,0
BRDA:124,13,1,1
BRDA:141,14,0,2
BRDA:141,14,1,5
BRDA:144,15,0,2
BRDA:144,15,1,5
BRF:32
BRH:19
end_of_record
TN:
SF:src\components\SGODashboard.jsx
FN:8,SGODashboard
FN:20,(anonymous_1)
FN:24,(anonymous_2)
FN:25,(anonymous_3)
FN:47,(anonymous_4)
FN:50,(anonymous_5)
FN:55,(anonymous_6)
FN:56,(anonymous_7)
FN:63,(anonymous_8)
FN:66,(anonymous_9)
FN:115,(anonymous_10)
FN:124,(anonymous_11)
FN:126,(anonymous_12)
FN:134,(anonymous_13)
FN:148,(anonymous_14)
FN:162,(anonymous_15)
FN:176,(anonymous_16)
FN:190,(anonymous_17)
FN:204,(anonymous_18)
FN:238,(anonymous_19)
FN:267,(anonymous_20)
FN:284,(anonymous_21)
FN:294,(anonymous_22)
FN:301,(anonymous_23)
FN:306,(anonymous_24)
FN:312,(anonymous_25)
FN:333,(anonymous_26)
FN:337,(anonymous_27)
FN:338,(anonymous_28)
FNF:29
FNH:11
FNDA:48,SGODashboard
FNDA:0,(anonymous_1)
FNDA:19,(anonymous_2)
FNDA:19,(anonymous_3)
FNDA:0,(anonymous_4)
FNDA:0,(anonymous_5)
FNDA:19,(anonymous_6)
FNDA:11,(anonymous_7)
FNDA:19,(anonymous_8)
FNDA:0,(anonymous_9)
FNDA:0,(anonymous_10)
FNDA:0,(anonymous_11)
FNDA:0,(anonymous_12)
FNDA:0,(anonymous_13)
FNDA:2,(anonymous_14)
FNDA:2,(anonymous_15)
FNDA:2,(anonymous_16)
FNDA:2,(anonymous_17)
FNDA:3,(anonymous_18)
FNDA:0,(anonymous_19)
FNDA:0,(anonymous_20)
FNDA:0,(anonymous_21)
FNDA:0,(anonymous_22)
FNDA:0,(anonymous_23)
FNDA:0,(anonymous_24)
FNDA:0,(anonymous_25)
FNDA:0,(anonymous_26)
FNDA:0,(anonymous_27)
FNDA:0,(anonymous_28)
DA:9,48
DA:10,48
DA:11,48
DA:12,48
DA:13,48
DA:14,48
DA:16,48
DA:17,48
DA:18,48
DA:20,48
DA:21,0
DA:24,48
DA:25,19
DA:26,19
DA:27,19
DA:32,0
DA:33,0
DA:36,0
DA:38,19
DA:40,19
DA:44,19
DA:47,48
DA:48,0
DA:50,48
DA:51,0
DA:55,48
DA:56,19
DA:57,11
DA:58,11
DA:59,11
DA:62,19
DA:63,19
DA:66,48
DA:67,0
DA:68,0
DA:71,0
DA:76,0
DA:77,0
DA:78,0
DA:82,0
DA:83,0
DA:87,0
DA:88,0
DA:92,0
DA:97,0
DA:98,0
DA:103,0
DA:104,0
DA:105,0
DA:108,0
DA:109,0
DA:111,0
DA:115,48
DA:116,0
DA:117,0
DA:119,0
DA:120,0
DA:121,0
DA:124,0
DA:126,0
DA:127,0
DA:129,0
DA:134,0
DA:136,0
DA:140,48
DA:148,2
DA:162,2
DA:176,2
DA:190,2
DA:205,3
DA:206,3
DA:238,0
DA:268,0
DA:284,0
DA:294,0
DA:301,0
DA:306,0
DA:312,0
DA:333,0
DA:337,0
DA:338,0
LF:81
LH:35
BRDA:32,0,0,0
BRDA:32,0,1,0
BRDA:36,1,0,0
BRDA:36,1,1,0
BRDA:48,2,0,0
BRDA:48,2,1,0
BRDA:51,3,0,0
BRDA:51,3,1,0
BRDA:57,4,0,0
BRDA:57,4,1,11
BRDA:57,5,0,11
BRDA:57,5,1,11
BRDA:76,6,0,0
BRDA:76,6,1,0
BRDA:82,7,0,0
BRDA:82,7,1,0
BRDA:87,8,0,0
BRDA:87,8,1,0
BRDA:97,9,0,0
BRDA:97,9,1,0
BRDA:119,10,0,0
BRDA:119,10,1,0
BRDA:226,11,0,48
BRDA:226,11,1,0
BRDA:243,12,0,19
BRDA:243,12,1,29
BRDA:245,13,0,29
BRDA:245,13,1,0
BRDA:247,14,0,0
BRDA:247,14,1,0
BRDA:268,15,0,0
BRDA:268,15,1,0
BRDA:270,16,0,0
BRDA:270,16,1,0
BRDA:291,17,0,0
BRDA:291,17,1,0
BRDA:297,18,0,0
BRDA:297,18,1,0
BRDA:325,19,0,48
BRDA:325,19,1,0
BRF:40
BRH:8
end_of_record
TN:
SF:src\components\SGOentities.jsx
FN:8,SGOentities
FN:19,(anonymous_1)
FN:23,(anonymous_2)
FN:24,handleClickOutside
FN:31,(anonymous_4)
FN:34,fetchEntities
FN:65,handleDelete
FN:67,(anonymous_7)
FN:72,(anonymous_8)
FN:72,(anonymous_9)
FN:83,(anonymous_10)
FN:93,(anonymous_11)
FN:97,(anonymous_12)
FN:109,(anonymous_13)
FN:123,(anonymous_14)
FN:137,(anonymous_15)
FN:151,(anonymous_16)
FN:165,(anonymous_17)
FN:185,(anonymous_18)
FN:205,(anonymous_19)
FN:210,(anonymous_20)
FN:224,(anonymous_21)
FN:236,(anonymous_22)
FN:248,(anonymous_23)
FN:260,(anonymous_24)
FN:292,(anonymous_25)
FN:313,(anonymous_26)
FN:316,(anonymous_27)
FN:317,(anonymous_28)
FNF:29
FNH:9
FNDA:20,SGOentities
FNDA:7,(anonymous_1)
FNDA:7,(anonymous_2)
FNDA:3,handleClickOutside
FNDA:7,(anonymous_4)
FNDA:7,fetchEntities
FNDA:0,handleDelete
FNDA:0,(anonymous_7)
FNDA:0,(anonymous_8)
FNDA:0,(anonymous_9)
FNDA:0,(anonymous_10)
FNDA:0,(anonymous_11)
FNDA:0,(anonymous_12)
FNDA:1,(anonymous_13)
FNDA:0,(anonymous_14)
FNDA:0,(anonymous_15)
FNDA:0,(anonymous_16)
FNDA:1,(anonymous_17)
FNDA:1,(anonymous_18)
FNDA:0,(anonymous_19)
FNDA:0,(anonymous_20)
FNDA:0,(anonymous_21)
FNDA:0,(anonymous_22)
FNDA:0,(anonymous_23)
FNDA:0,(anonymous_24)
FNDA:0,(anonymous_25)
FNDA:0,(anonymous_26)
FNDA:0,(anonymous_27)
FNDA:0,(anonymous_28)
DA:9,20
DA:10,20
DA:11,20
DA:12,20
DA:13,20
DA:19,20
DA:20,7
DA:23,20
DA:25,3
DA:26,3
DA:30,7
DA:31,7
DA:35,7
DA:36,7
DA:37,7
DA:51,7
DA:52,7
DA:54,0
DA:56,7
DA:60,20
DA:66,0
DA:67,0
DA:69,0
DA:70,0
DA:72,0
DA:73,0
DA:76,0
DA:83,0
DA:85,0
DA:87,0
DA:93,0
DA:97,20
DA:98,0
DA:101,20
DA:109,1
DA:123,0
DA:137,0
DA:151,0
DA:166,1
DA:167,1
DA:185,1
DA:206,0
DA:210,0
DA:225,0
DA:226,0
DA:237,0
DA:238,0
DA:249,0
DA:250,0
DA:261,0
DA:262,0
DA:293,0
DA:313,0
DA:316,0
DA:317,0
LF:55
LH:25
BRDA:25,0,0,3
BRDA:25,0,1,0
BRDA:51,1,0,0
BRDA:51,1,1,7
BRDA:70,2,0,0
BRDA:70,2,1,0
BRDA:98,3,0,0
BRDA:98,3,1,0
BRDA:189,4,0,20
BRDA:189,4,1,0
BRDA:200,5,0,7
BRDA:200,5,1,13
BRDA:202,6,0,13
BRDA:202,6,1,0
BRDA:218,7,0,0
BRDA:218,7,1,0
BRDA:274,8,0,0
BRDA:274,8,1,0
BRDA:282,9,0,0
BRDA:282,9,1,0
BRDA:289,10,0,0
BRDA:289,10,1,0
BRDA:289,10,2,0
BRDA:294,11,0,0
BRDA:294,11,1,0
BRDA:305,12,0,20
BRDA:305,12,1,0
BRF:27
BRH:7
end_of_record
TN:
SF:src\components\SGOprofile.jsx
FN:13,SGODashboard
FN:34,(anonymous_1)
FN:64,(anonymous_2)
FN:65,(anonymous_3)
FN:104,(anonymous_4)
FN:113,(anonymous_5)
FN:145,(anonymous_6)
FN:155,(anonymous_7)
FN:187,(anonymous_8)
FN:197,(anonymous_9)
FN:202,(anonymous_10)
FN:219,(anonymous_11)
FN:253,(anonymous_12)
FN:270,(anonymous_13)
FN:284,(anonymous_14)
FN:298,(anonymous_15)
FN:312,(anonymous_16)
FN:326,(anonymous_17)
FN:460,(anonymous_18)
FN:461,(anonymous_19)
FNF:20
FNH:0
FNDA:0,SGODashboard
FNDA:0,(anonymous_1)
FNDA:0,(anonymous_2)
FNDA:0,(anonymous_3)
FNDA:0,(anonymous_4)
FNDA:0,(anonymous_5)
FNDA:0,(anonymous_6)
FNDA:0,(anonymous_7)
FNDA:0,(anonymous_8)
FNDA:0,(anonymous_9)
FNDA:0,(anonymous_10)
FNDA:0,(anonymous_11)
FNDA:0,(anonymous_12)
FNDA:0,(anonymous_13)
FNDA:0,(anonymous_14)
FNDA:0,(anonymous_15)
FNDA:0,(anonymous_16)
FNDA:0,(anonymous_17)
FNDA:0,(anonymous_18)
FNDA:0,(anonymous_19)
DA:14,0
DA:15,0
DA:28,0
DA:29,0
DA:30,0
DA:31,0
DA:34,0
DA:35,0
DA:56,0
DA:57,0
DA:58,0
DA:60,0
DA:64,0
DA:65,0
DA:68,0
DA:69,0
DA:71,0
DA:72,0
DA:73,0
DA:74,0
DA:86,0
DA:100,0
DA:104,0
DA:105,0
DA:106,0
DA:113,0
DA:114,0
DA:115,0
DA:117,0
DA:120,0
DA:125,0
DA:126,0
DA:129,0
DA:130,0
DA:133,0
DA:137,0
DA:140,0
DA:142,0
DA:145,0
DA:150,0
DA:151,0
DA:155,0
DA:156,0
DA:157,0
DA:159,0
DA:162,0
DA:167,0
DA:168,0
DA:171,0
DA:172,0
DA:175,0
DA:179,0
DA:182,0
DA:184,0
DA:187,0
DA:192,0
DA:193,0
DA:197,0
DA:198,0
DA:202,0
DA:203,0
DA:210,0
DA:211,0
DA:212,0
DA:215,0
DA:219,0
DA:222,0
DA:223,0
DA:225,0
DA:232,0
DA:243,0
DA:244,0
DA:245,0
DA:248,0
DA:249,0
DA:253,0
DA:254,0
DA:255,0
DA:256,0
DA:257,0
DA:260,0
DA:262,0
DA:270,0
DA:284,0
DA:298,0
DA:312,0
DA:327,0
DA:328,0
DA:461,0
DA:463,0
DA:464,0
LF:91
LH:0
BRDA:56,0,0,0
BRDA:56,0,1,0
BRDA:69,1,0,0
BRDA:69,1,1,0
BRDA:73,2,0,0
BRDA:73,2,1,0
BRDA:75,3,0,0
BRDA:75,3,1,0
BRDA:76,4,0,0
BRDA:76,4,1,0
BRDA:77,5,0,0
BRDA:77,5,1,0
BRDA:78,6,0,0
BRDA:78,6,1,0
BRDA:79,7,0,0
BRDA:79,7,1,0
BRDA:80,8,0,0
BRDA:80,8,1,0
BRDA:81,9,0,0
BRDA:81,9,1,0
BRDA:82,10,0,0
BRDA:82,10,1,0
BRDA:83,11,0,0
BRDA:83,11,1,0
BRDA:84,12,0,0
BRDA:84,12,1,0
BRDA:87,13,0,0
BRDA:87,13,1,0
BRDA:88,14,0,0
BRDA:88,14,1,0
BRDA:89,15,0,0
BRDA:89,15,1,0
BRDA:90,16,0,0
BRDA:90,16,1,0
BRDA:91,17,0,0
BRDA:91,17,1,0
BRDA:92,18,0,0
BRDA:92,18,1,0
BRDA:93,19,0,0
BRDA:93,19,1,0
BRDA:94,20,0,0
BRDA:94,20,1,0
BRDA:95,21,0,0
BRDA:95,21,1,0
BRDA:96,22,0,0
BRDA:96,22,1,0
BRDA:115,23,0,0
BRDA:115,23,1,0
BRDA:115,24,0,0
BRDA:115,24,1,0
BRDA:126,25,0,0
BRDA:126,25,1,0
BRDA:137,26,0,0
BRDA:137,26,1,0
BRDA:157,27,0,0
BRDA:157,27,1,0
BRDA:157,28,0,0
BRDA:157,28,1,0
BRDA:168,29,0,0
BRDA:168,29,1,0
BRDA:179,30,0,0
BRDA:179,30,1,0
BRDA:210,31,0,0
BRDA:210,31,1,0
BRDA:223,32,0,0
BRDA:223,32,1,0
BRDA:243,33,0,0
BRDA:243,33,1,0
BRDA:248,34,0,0
BRDA:248,34,1,0
BRDA:260,35,0,0
BRDA:260,35,1,0
BRDA:346,36,0,0
BRDA:346,36,1,0
BRDA:475,37,0,0
BRDA:475,37,1,0
BRF:76
BRH:0
end_of_record
TN:
SF:src\components\Search.jsx
FN:9,Search
FN:16,(anonymous_1)
FN:17,(anonymous_2)
FN:35,(anonymous_3)
FN:36,(anonymous_4)
FN:40,SearchButton
FN:41,(anonymous_6)
FN:57,(anonymous_7)
FN:63,(anonymous_8)
FN:72,(anonymous_9)
FN:76,(anonymous_10)
FNF:11
FNH:11
FNDA:27,Search
FNDA:6,(anonymous_1)
FNDA:6,(anonymous_2)
FNDA:15,(anonymous_3)
FNDA:8,(anonymous_4)
FNDA:1,SearchButton
FNDA:1,(anonymous_6)
FNDA:5,(anonymous_7)
FNDA:1,(anonymous_8)
FNDA:9,(anonymous_9)
FNDA:1,(anonymous_10)
DA:10,27
DA:11,27
DA:12,27
DA:13,27
DA:16,27
DA:17,6
DA:18,6
DA:22,6
DA:23,0
DA:24,0
DA:27,6
DA:28,6
DA:31,6
DA:35,27
DA:36,15
DA:37,15
DA:41,1
DA:42,1
DA:43,1
DA:47,27
DA:57,5
DA:63,1
DA:73,9
DA:76,1
LF:24
LH:22
BRDA:22,0,0,0
BRDA:22,0,1,6
BRDA:42,1,0,1
BRDA:42,1,1,0
BRDA:67,2,0,12
BRDA:67,2,1,15
BRDA:71,3,0,5
BRDA:71,3,1,10
BRF:8
BRH:6
end_of_record
TN:
SF:src\components\StudentDashboard.jsx
FN:13,timeSince
FN:33,StudentDashboard
FN:43,(anonymous_2)
FN:45,(anonymous_3)
FN:81,(anonymous_4)
FN:98,(anonymous_5)
FN:112,(anonymous_6)
FN:121,(anonymous_7)
FN:135,(anonymous_8)
FN:136,(anonymous_9)
FN:149,(anonymous_10)
FN:150,(anonymous_11)
FN:161,(anonymous_12)
FN:201,(anonymous_13)
FNF:14
FNH:0
FNDA:0,timeSince
FNDA:0,StudentDashboard
FNDA:0,(anonymous_2)
FNDA:0,(anonymous_3)
FNDA:0,(anonymous_4)
FNDA:0,(anonymous_5)
FNDA:0,(anonymous_6)
FNDA:0,(anonymous_7)
FNDA:0,(anonymous_8)
FNDA:0,(anonymous_9)
FNDA:0,(anonymous_10)
FNDA:0,(anonymous_11)
FNDA:0,(anonymous_12)
FNDA:0,(anonymous_13)
DA:14,0
DA:15,0
DA:16,0
DA:18,0
DA:19,0
DA:21,0
DA:22,0
DA:24,0
DA:25,0
DA:27,0
DA:28,0
DA:30,0
DA:34,0
DA:35,0
DA:36,0
DA:37,0
DA:38,0
DA:39,0
DA:40,0
DA:41,0
DA:43,0
DA:44,0
DA:45,0
DA:46,0
DA:49,0
DA:50,0
DA:51,0
DA:52,0
DA:54,0
DA:56,0
DA:58,0
DA:64,0
DA:65,0
DA:66,0
DA:69,0
DA:70,0
DA:71,0
DA:72,0
DA:76,0
DA:81,0
DA:86,0
DA:87,0
DA:88,0
DA:90,0
DA:93,0
DA:98,0
DA:101,0
DA:102,0
DA:103,0
DA:105,0
DA:107,0
DA:112,0
DA:116,0
DA:117,0
DA:118,0
DA:120,0
DA:121,0
DA:122,0
DA:124,0
DA:126,0
DA:128,0
DA:132,0
DA:135,0
DA:136,0
DA:139,0
DA:140,0
DA:150,0
DA:152,0
DA:161,0
DA:202,0
LF:70
LH:0
BRDA:16,0,0,0
BRDA:16,0,1,0
BRDA:16,1,0,0
BRDA:16,1,1,0
BRDA:19,2,0,0
BRDA:19,2,1,0
BRDA:19,3,0,0
BRDA:19,3,1,0
BRDA:22,4,0,0
BRDA:22,4,1,0
BRDA:22,5,0,0
BRDA:22,5,1,0
BRDA:25,6,0,0
BRDA:25,6,1,0
BRDA:25,7,0,0
BRDA:25,7,1,0
BRDA:28,8,0,0
BRDA:28,8,1,0
BRDA:28,9,0,0
BRDA:28,9,1,0
BRDA:50,10,0,0
BRDA:50,10,1,0
BRDA:64,11,0,0
BRDA:64,11,1,0
BRDA:69,12,0,0
BRDA:69,12,1,0
BRDA:69,13,0,0
BRDA:69,13,1,0
BRDA:86,14,0,0
BRDA:86,14,1,0
BRDA:101,15,0,0
BRDA:101,15,1,0
BRDA:116,16,0,0
BRDA:116,16,1,0
BRDA:122,17,0,0
BRDA:122,17,1,0
BRDA:136,18,0,0
BRDA:136,18,1,0
BRDA:139,19,0,0
BRDA:139,19,1,0
BRDA:145,20,0,0
BRDA:145,20,1,0
BRDA:154,21,0,0
BRDA:154,21,1,0
BRDA:156,22,0,0
BRDA:156,22,1,0
BRDA:165,23,0,0
BRDA:165,23,1,0
BRDA:166,24,0,0
BRDA:166,24,1,0
BRDA:174,25,0,0
BRDA:174,25,1,0
BRDA:176,26,0,0
BRDA:176,26,1,0
BRDA:178,27,0,0
BRDA:178,27,1,0
BRDA:181,28,0,0
BRDA:181,28,1,0
BRDA:187,29,0,0
BRDA:187,29,1,0
BRDA:200,30,0,0
BRDA:200,30,1,0
BRDA:208,31,0,0
BRDA:208,31,1,0
BRF:64
BRH:0
end_of_record
TN:
SF:src\components\StudentHeader.jsx
FN:8,(anonymous_0)
FN:9,(anonymous_1)
FN:11,(anonymous_2)
FN:19,StudentHeader
FN:21,(anonymous_4)
FN:31,(anonymous_5)
FN:42,(anonymous_6)
FN:73,(anonymous_7)
FN:87,(anonymous_8)
FN:91,(anonymous_9)
FNF:10
FNH:4
FNDA:0,(anonymous_0)
FNDA:0,(anonymous_1)
FNDA:0,(anonymous_2)
FNDA:5,StudentHeader
FNDA:0,(anonymous_4)
FNDA:1,(anonymous_5)
FNDA:1,(anonymous_6)
FNDA:0,(anonymous_7)
FNDA:1,(anonymous_8)
FNDA:0,(anonymous_9)
DA:8,7
DA:9,0
DA:11,0
DA:14,0
DA:20,5
DA:21,5
DA:22,0
DA:24,5
DA:25,5
DA:31,1
DA:42,1
DA:73,0
DA:87,1
DA:92,0
DA:93,0
LF:15
LH:8
BRDA:29,0,0,0
BRDA:29,0,1,5
BRF:2
BRH:1
end_of_record
TN:
SF:src\components\StudentProfile.jsx
FN:20,sanitizeImageUrl
FN:35,StudentProfile
FN:49,(anonymous_2)
FN:64,(anonymous_3)
FN:65,(anonymous_4)
FN:94,(anonymous_5)
FN:104,(anonymous_6)
FN:136,(anonymous_7)
FN:145,(anonymous_8)
FN:177,(anonymous_9)
FN:187,(anonymous_10)
FN:192,(anonymous_11)
FN:209,(anonymous_12)
FN:226,(anonymous_13)
FN:237,(anonymous_14)
FN:238,(anonymous_15)
FN:269,(anonymous_16)
FN:276,(anonymous_17)
FN:280,(anonymous_18)
FN:291,(anonymous_19)
FN:322,(anonymous_20)
FN:322,(anonymous_21)
FN:330,(anonymous_22)
FN:331,(anonymous_23)
FN:414,(anonymous_24)
FN:420,(anonymous_25)
FNF:26
FNH:0
FNDA:0,sanitizeImageUrl
FNDA:0,StudentProfile
FNDA:0,(anonymous_2)
FNDA:0,(anonymous_3)
FNDA:0,(anonymous_4)
FNDA:0,(anonymous_5)
FNDA:0,(anonymous_6)
FNDA:0,(anonymous_7)
FNDA:0,(anonymous_8)
FNDA:0,(anonymous_9)
FNDA:0,(anonymous_10)
FNDA:0,(anonymous_11)
FNDA:0,(anonymous_12)
FNDA:0,(anonymous_13)
FNDA:0,(anonymous_14)
FNDA:0,(anonymous_15)
FNDA:0,(anonymous_16)
FNDA:0,(anonymous_17)
FNDA:0,(anonymous_18)
FNDA:0,(anonymous_19)
FNDA:0,(anonymous_20)
FNDA:0,(anonymous_21)
FNDA:0,(anonymous_22)
FNDA:0,(anonymous_23)
FNDA:0,(anonymous_24)
FNDA:0,(anonymous_25)
DA:21,0
DA:23,0
DA:24,0
DA:26,0
DA:27,0
DA:31,0
DA:32,0
DA:36,0
DA:38,0
DA:45,0
DA:49,0
DA:50,0
DA:56,0
DA:57,0
DA:58,0
DA:60,0
DA:64,0
DA:65,0
DA:68,0
DA:69,0
DA:71,0
DA:72,0
DA:73,0
DA:74,0
DA:80,0
DA:88,0
DA:90,0
DA:91,0
DA:94,0
DA:95,0
DA:96,0
DA:104,0
DA:105,0
DA:106,0
DA:108,0
DA:111,0
DA:116,0
DA:117,0
DA:120,0
DA:121,0
DA:124,0
DA:128,0
DA:131,0
DA:133,0
DA:136,0
DA:141,0
DA:142,0
DA:145,0
DA:146,0
DA:147,0
DA:149,0
DA:152,0
DA:157,0
DA:158,0
DA:161,0
DA:162,0
DA:165,0
DA:169,0
DA:172,0
DA:174,0
DA:177,0
DA:182,0
DA:183,0
DA:187,0
DA:188,0
DA:192,0
DA:193,0
DA:200,0
DA:201,0
DA:202,0
DA:205,0
DA:209,0
DA:212,0
DA:213,0
DA:214,0
DA:221,0
DA:222,0
DA:226,0
DA:227,0
DA:228,0
DA:229,0
DA:230,0
DA:233,0
DA:234,0
DA:237,0
DA:238,0
DA:239,0
DA:242,0
DA:243,0
DA:246,0
DA:250,0
DA:251,0
DA:252,0
DA:253,0
DA:257,0
DA:262,0
DA:263,0
DA:264,0
DA:265,0
DA:269,0
DA:270,0
DA:271,0
DA:275,0
DA:276,0
DA:280,0
DA:282,0
DA:284,0
DA:287,0
DA:291,0
DA:294,0
DA:295,0
DA:296,0
DA:298,0
DA:300,0
DA:306,0
DA:309,0
DA:317,0
DA:322,0
DA:325,0
DA:330,0
DA:331,0
DA:334,0
DA:336,0
DA:415,0
DA:420,0
LF:125
LH:0
BRDA:21,0,0,0
BRDA:21,0,1,0
BRDA:21,1,0,0
BRDA:21,1,1,0
BRDA:26,2,0,0
BRDA:26,2,1,0
BRDA:32,3,0,0
BRDA:32,3,1,0
BRDA:56,4,0,0
BRDA:56,4,1,0
BRDA:69,5,0,0
BRDA:69,5,1,0
BRDA:73,6,0,0
BRDA:73,6,1,0
BRDA:75,7,0,0
BRDA:75,7,1,0
BRDA:76,8,0,0
BRDA:76,8,1,0
BRDA:77,9,0,0
BRDA:77,9,1,0
BRDA:78,10,0,0
BRDA:78,10,1,0
BRDA:81,11,0,0
BRDA:81,11,1,0
BRDA:82,12,0,0
BRDA:82,12,1,0
BRDA:83,13,0,0
BRDA:83,13,1,0
BRDA:84,14,0,0
BRDA:84,14,1,0
BRDA:106,15,0,0
BRDA:106,15,1,0
BRDA:106,16,0,0
BRDA:106,16,1,0
BRDA:117,17,0,0
BRDA:117,17,1,0
BRDA:128,18,0,0
BRDA:128,18,1,0
BRDA:147,19,0,0
BRDA:147,19,1,0
BRDA:147,20,0,0
BRDA:147,20,1,0
BRDA:158,21,0,0
BRDA:158,21,1,0
BRDA:169,22,0,0
BRDA:169,22,1,0
BRDA:200,23,0,0
BRDA:200,23,1,0
BRDA:213,24,0,0
BRDA:213,24,1,0
BRDA:221,25,0,0
BRDA:221,25,1,0
BRDA:243,26,0,0
BRDA:243,26,1,0
BRDA:250,27,0,0
BRDA:250,27,1,0
BRDA:262,28,0,0
BRDA:262,28,1,0
BRDA:278,29,0,0
BRDA:278,29,1,0
BRDA:295,30,0,0
BRDA:295,30,1,0
BRDA:296,31,0,0
BRDA:296,31,1,0
BRDA:298,32,0,0
BRDA:298,32,1,0
BRDA:306,33,0,0
BRDA:306,33,1,0
BRDA:317,34,0,0
BRDA:317,34,1,0
BRDA:334,35,0,0
BRDA:334,35,1,0
BRDA:338,36,0,0
BRDA:338,36,1,0
BRDA:417,37,0,0
BRDA:417,37,1,0
BRDA:447,38,0,0
BRDA:447,38,1,0
BRF:78
BRH:0
end_of_record
TN:
SF:src\components\StudySessions.jsx
FN:8,StudySessions
FN:17,(anonymous_1)
FN:35,(anonymous_2)
FN:37,(anonymous_3)
FN:38,(anonymous_4)
FN:44,(anonymous_5)
FN:57,(anonymous_6)
FN:62,(anonymous_7)
FN:64,(anonymous_8)
FN:66,(anonymous_9)
FN:78,(anonymous_10)
FN:89,(anonymous_11)
FN:90,(anonymous_12)
FN:92,(anonymous_13)
FN:105,(anonymous_14)
FN:144,(anonymous_15)
FN:154,createCalendarEvent
FN:173,(anonymous_17)
FN:185,(anonymous_18)
FN:298,(anonymous_19)
FN:335,(anonymous_20)
FNF:21
FNH:0
FNDA:0,StudySessions
FNDA:0,(anonymous_1)
FNDA:0,(anonymous_2)
FNDA:0,(anonymous_3)
FNDA:0,(anonymous_4)
FNDA:0,(anonymous_5)
FNDA:0,(anonymous_6)
FNDA:0,(anonymous_7)
FNDA:0,(anonymous_8)
FNDA:0,(anonymous_9)
FNDA:0,(anonymous_10)
FNDA:0,(anonymous_11)
FNDA:0,(anonymous_12)
FNDA:0,(anonymous_13)
FNDA:0,(anonymous_14)
FNDA:0,(anonymous_15)
FNDA:0,createCalendarEvent
FNDA:0,(anonymous_17)
FNDA:0,(anonymous_18)
FNDA:0,(anonymous_19)
FNDA:0,(anonymous_20)
DA:6,4
DA:9,0
DA:10,0
DA:11,0
DA:12,0
DA:13,0
DA:14,0
DA:17,0
DA:18,0
DA:19,0
DA:20,0
DA:23,0
DA:28,0
DA:30,0
DA:31,0
DA:32,0
DA:35,0
DA:36,0
DA:37,0
DA:38,0
DA:41,0
DA:42,0
DA:44,0
DA:45,0
DA:48,0
DA:50,0
DA:51,0
DA:53,0
DA:57,0
DA:58,0
DA:62,0
DA:63,0
DA:64,0
DA:65,0
DA:66,0
DA:67,0
DA:75,0
DA:78,0
DA:79,0
DA:80,0
DA:89,0
DA:90,0
DA:92,0
DA:93,0
DA:94,0
DA:95,0
DA:105,0
DA:106,0
DA:108,0
DA:109,0
DA:110,0
DA:113,0
DA:127,0
DA:128,0
DA:140,0
DA:141,0
DA:142,0
DA:143,0
DA:144,0
DA:146,0
DA:149,0
DA:150,0
DA:155,0
DA:157,0
DA:158,0
DA:160,0
DA:161,0
DA:162,0
DA:163,0
DA:164,0
DA:165,0
DA:167,0
DA:170,0
DA:173,0
DA:174,0
DA:175,0
DA:176,0
DA:177,0
DA:178,0
DA:180,0
DA:182,0
DA:183,0
DA:184,0
DA:185,0
DA:186,0
DA:192,0
DA:299,0
DA:335,0
LF:88
LH:1
BRDA:28,0,0,0
BRDA:28,0,1,0
BRDA:31,1,0,0
BRDA:31,1,1,0
BRDA:37,2,0,0
BRDA:37,2,1,0
BRDA:45,3,0,0
BRDA:45,3,1,0
BRDA:65,4,0,0
BRDA:65,4,1,0
BRDA:81,5,0,0
BRDA:81,5,1,0
BRDA:81,5,2,0
BRDA:81,5,3,0
BRDA:81,5,4,0
BRDA:93,6,0,0
BRDA:93,6,1,0
BRDA:108,7,0,0
BRDA:108,7,1,0
BRDA:114,8,0,0
BRDA:114,8,1,0
BRDA:115,9,0,0
BRDA:115,9,1,0
BRDA:115,10,0,0
BRDA:115,10,1,0
BRDA:116,11,0,0
BRDA:116,11,1,0
BRDA:141,12,0,0
BRDA:141,12,1,0
BRDA:146,13,0,0
BRDA:146,13,1,0
BRDA:157,14,0,0
BRDA:157,14,1,0
BRDA:160,15,0,0
BRDA:160,15,1,0
BRDA:174,16,0,0
BRDA:174,16,1,0
BRDA:177,17,0,0
BRDA:177,17,1,0
BRDA:183,18,0,0
BRDA:183,18,1,0
BRDA:228,19,0,0
BRDA:228,19,1,0
BRDA:246,20,0,0
BRDA:246,20,1,0
BRDA:265,21,0,0
BRDA:265,21,1,0
BRDA:267,22,0,0
BRDA:267,22,1,0
BRDA:273,23,0,0
BRDA:273,23,1,0
BRDA:278,24,0,0
BRDA:278,24,1,0
BRDA:297,25,0,0
BRDA:297,25,1,0
BRDA:299,26,0,0
BRDA:299,26,1,0
BRDA:300,27,0,0
BRDA:300,27,1,0
BRDA:314,28,0,0
BRDA:314,28,1,0
BRDA:320,29,0,0
BRDA:320,29,1,0
BRDA:324,30,0,0
BRDA:324,30,1,0
BRF:65
BRH:0
end_of_record
TN:
SF:src\components\UpcomingEvents.jsx
FN:3,UpcomingEvents
FN:10,(anonymous_1)
FN:11,(anonymous_2)
FN:34,(anonymous_3)
FNF:4
FNH:0
FNDA:0,UpcomingEvents
FNDA:0,(anonymous_1)
FNDA:0,(anonymous_2)
FNDA:0,(anonymous_3)
DA:4,0
DA:5,0
DA:8,0
DA:10,0
DA:11,0
DA:12,0
DA:13,0
DA:14,0
DA:15,0
DA:16,0
DA:18,0
DA:20,0
DA:24,0
DA:27,0
DA:28,0
DA:30,0
DA:35,0
LF:17
LH:0
BRDA:14,0,0,0
BRDA:14,0,1,0
BRDA:27,1,0,0
BRDA:27,1,1,0
BRDA:28,2,0,0
BRDA:28,2,1,0
BRF:6
BRH:0
end_of_record
TN:
SF:src\components\UpdateCSO.jsx
FN:7,ExecutiveSearch
FN:12,(anonymous_1)
FN:14,(anonymous_2)
FN:18,(anonymous_3)
FN:30,(anonymous_4)
FN:31,(anonymous_5)
FN:38,(anonymous_6)
FN:39,(anonymous_7)
FN:51,(anonymous_8)
FN:54,(anonymous_9)
FN:65,UpdateCSO
FN:90,(anonymous_11)
FN:124,(anonymous_12)
FN:133,(anonymous_13)
FN:136,(anonymous_14)
FN:140,(anonymous_15)
FN:142,(anonymous_16)
FN:154,(anonymous_17)
FN:162,(anonymous_18)
FN:170,(anonymous_19)
FN:173,(anonymous_20)
FN:182,(anonymous_21)
FN:188,showMessage
FN:194,updateField
FN:195,(anonymous_24)
FN:199,addExecutive
FN:201,(anonymous_26)
FN:208,removeExecutive
FN:209,(anonymous_28)
FN:209,(anonymous_29)
FN:210,(anonymous_30)
FN:212,(anonymous_31)
FN:217,selectLogoFile
FN:236,uploadLogo
FN:252,updateCSOData
FN:290,(anonymous_35)
FN:305,(anonymous_36)
FN:353,(anonymous_37)
FN:363,(anonymous_38)
FN:373,(anonymous_39)
FN:395,(anonymous_40)
FN:404,(anonymous_41)
FN:428,(anonymous_42)
FNF:43
FNH:0
FNDA:0,ExecutiveSearch
FNDA:0,(anonymous_1)
FNDA:0,(anonymous_2)
FNDA:0,(anonymous_3)
FNDA:0,(anonymous_4)
FNDA:0,(anonymous_5)
FNDA:0,(anonymous_6)
FNDA:0,(anonymous_7)
FNDA:0,(anonymous_8)
FNDA:0,(anonymous_9)
FNDA:0,UpdateCSO
FNDA:0,(anonymous_11)
FNDA:0,(anonymous_12)
FNDA:0,(anonymous_13)
FNDA:0,(anonymous_14)
FNDA:0,(anonymous_15)
FNDA:0,(anonymous_16)
FNDA:0,(anonymous_17)
FNDA:0,(anonymous_18)
FNDA:0,(anonymous_19)
FNDA:0,(anonymous_20)
FNDA:0,(anonymous_21)
FNDA:0,showMessage
FNDA:0,updateField
FNDA:0,(anonymous_24)
FNDA:0,addExecutive
FNDA:0,(anonymous_26)
FNDA:0,removeExecutive
FNDA:0,(anonymous_28)
FNDA:0,(anonymous_29)
FNDA:0,(anonymous_30)
FNDA:0,(anonymous_31)
FNDA:0,selectLogoFile
FNDA:0,uploadLogo
FNDA:0,updateCSOData
FNDA:0,(anonymous_35)
FNDA:0,(anonymous_36)
FNDA:0,(anonymous_37)
FNDA:0,(anonymous_38)
FNDA:0,(anonymous_39)
FNDA:0,(anonymous_40)
FNDA:0,(anonymous_41)
FNDA:0,(anonymous_42)
DA:8,0
DA:9,0
DA:12,0
DA:13,0
DA:14,0
DA:15,0
DA:18,0
DA:19,0
DA:20,0
DA:21,0
DA:24,0
DA:30,0
DA:31,0
DA:39,0
DA:52,0
DA:54,0
DA:66,0
DA:67,0
DA:70,0
DA:78,0
DA:79,0
DA:80,0
DA:81,0
DA:82,0
DA:83,0
DA:84,0
DA:85,0
DA:90,0
DA:91,0
DA:92,0
DA:95,0
DA:97,0
DA:99,0
DA:100,0
DA:104,0
DA:112,0
DA:115,0
DA:120,0
DA:122,0
DA:124,0
DA:127,0
DA:133,0
DA:136,0
DA:139,0
DA:140,0
DA:142,0
DA:146,0
DA:148,0
DA:149,0
DA:154,0
DA:155,0
DA:157,0
DA:159,0
DA:162,0
DA:164,0
DA:170,0
DA:173,0
DA:176,0
DA:178,0
DA:182,0
DA:183,0
DA:184,0
DA:189,0
DA:190,0
DA:195,0
DA:200,0
DA:201,0
DA:209,0
DA:210,0
DA:212,0
DA:218,0
DA:219,0
DA:222,0
DA:223,0
DA:224,0
DA:226,0
DA:227,0
DA:228,0
DA:231,0
DA:232,0
DA:237,0
DA:238,0
DA:240,0
DA:242,0
DA:246,0
DA:248,0
DA:253,0
DA:254,0
DA:256,0
DA:258,0
DA:259,0
DA:263,0
DA:264,0
DA:265,0
DA:269,0
DA:282,0
DA:286,0
DA:289,0
DA:290,0
DA:298,0
DA:300,0
DA:304,0
DA:305,0
DA:307,0
DA:309,0
DA:314,0
DA:315,0
DA:324,0
DA:353,0
DA:363,0
DA:373,0
DA:395,0
DA:404,0
DA:428,0
LF:114
LH:0
BRDA:15,0,0,0
BRDA:15,0,1,0
BRDA:36,1,0,0
BRDA:36,1,1,0
BRDA:36,1,2,0
BRDA:47,2,0,0
BRDA:47,2,1,0
BRDA:97,3,0,0
BRDA:97,3,1,0
BRDA:99,4,0,0
BRDA:99,4,1,0
BRDA:105,5,0,0
BRDA:105,5,1,0
BRDA:106,6,0,0
BRDA:106,6,1,0
BRDA:107,7,0,0
BRDA:107,7,1,0
BRDA:108,8,0,0
BRDA:108,8,1,0
BRDA:120,9,0,0
BRDA:120,9,1,0
BRDA:122,10,0,0
BRDA:122,10,1,0
BRDA:122,11,0,0
BRDA:122,11,1,0
BRDA:136,12,0,0
BRDA:136,12,1,0
BRDA:148,13,0,0
BRDA:148,13,1,0
BRDA:159,14,0,0
BRDA:159,14,1,0
BRDA:159,15,0,0
BRDA:159,15,1,0
BRDA:173,16,0,0
BRDA:173,16,1,0
BRDA:188,17,0,0
BRDA:219,18,0,0
BRDA:219,18,1,0
BRDA:222,19,0,0
BRDA:222,19,1,0
BRDA:226,20,0,0
BRDA:226,20,1,0
BRDA:242,21,0,0
BRDA:242,21,1,0
BRDA:258,22,0,0
BRDA:258,22,1,0
BRDA:258,23,0,0
BRDA:258,23,1,0
BRDA:264,24,0,0
BRDA:264,24,1,0
BRDA:282,25,0,0
BRDA:282,25,1,0
BRDA:289,26,0,0
BRDA:289,26,1,0
BRDA:300,27,0,0
BRDA:300,27,1,0
BRDA:307,28,0,0
BRDA:307,28,1,0
BRDA:314,29,0,0
BRDA:314,29,1,0
BRDA:329,30,0,0
BRDA:329,30,1,0
BRDA:333,31,0,0
BRDA:333,31,1,0
BRDA:333,31,2,0
BRDA:342,32,0,0
BRDA:342,32,1,0
BRDA:424,33,0,0
BRDA:424,33,1,0
BRF:69
BRH:0
end_of_record
TN:
SF:src\components\addCSO.jsx
FN:7,ExecutiveSearch
FN:12,(anonymous_1)
FN:14,(anonymous_2)
FN:18,(anonymous_3)
FN:30,(anonymous_4)
FN:31,(anonymous_5)
FN:37,(anonymous_6)
FN:38,(anonymous_7)
FN:50,(anonymous_8)
FN:53,(anonymous_9)
FN:64,AddCSO
FN:84,(anonymous_11)
FN:90,(anonymous_12)
FN:97,(anonymous_13)
FN:100,(anonymous_14)
FN:110,(anonymous_15)
FN:115,showMessage
FN:121,updateField
FN:122,(anonymous_18)
FN:126,addExecutive
FN:128,(anonymous_20)
FN:135,removeExecutive
FN:136,(anonymous_22)
FN:136,(anonymous_23)
FN:137,(anonymous_24)
FN:139,(anonymous_25)
FN:144,selectLogoFile
FN:163,uploadLogo
FN:179,createCSO
FN:214,(anonymous_29)
FN:229,(anonymous_30)
FN:258,(anonymous_31)
FN:268,(anonymous_32)
FN:278,(anonymous_33)
FN:300,(anonymous_34)
FN:309,(anonymous_35)
FN:333,(anonymous_36)
FNF:37
FNH:5
FNDA:6,ExecutiveSearch
FNDA:0,(anonymous_1)
FNDA:0,(anonymous_2)
FNDA:0,(anonymous_3)
FNDA:0,(anonymous_4)
FNDA:0,(anonymous_5)
FNDA:0,(anonymous_6)
FNDA:0,(anonymous_7)
FNDA:0,(anonymous_8)
FNDA:0,(anonymous_9)
FNDA:6,AddCSO
FNDA:6,(anonymous_11)
FNDA:0,(anonymous_12)
FNDA:0,(anonymous_13)
FNDA:0,(anonymous_14)
FNDA:6,(anonymous_15)
FNDA:0,showMessage
FNDA:0,updateField
FNDA:0,(anonymous_18)
FNDA:0,addExecutive
FNDA:0,(anonymous_20)
FNDA:0,removeExecutive
FNDA:0,(anonymous_22)
FNDA:0,(anonymous_23)
FNDA:0,(anonymous_24)
FNDA:0,(anonymous_25)
FNDA:0,selectLogoFile
FNDA:0,uploadLogo
FNDA:0,createCSO
FNDA:0,(anonymous_29)
FNDA:0,(anonymous_30)
FNDA:0,(anonymous_31)
FNDA:0,(anonymous_32)
FNDA:0,(anonymous_33)
FNDA:0,(anonymous_34)
FNDA:0,(anonymous_35)
FNDA:1,(anonymous_36)
DA:8,6
DA:9,6
DA:12,6
DA:13,0
DA:14,0
DA:15,0
DA:18,6
DA:19,0
DA:20,0
DA:21,0
DA:24,6
DA:30,0
DA:31,0
DA:38,0
DA:51,0
DA:53,0
DA:65,6
DA:68,6
DA:76,6
DA:77,6
DA:78,6
DA:79,6
DA:80,6
DA:81,6
DA:84,6
DA:85,6
DA:86,6
DA:88,6
DA:90,0
DA:92,0
DA:97,0
DA:100,0
DA:103,0
DA:105,0
DA:110,6
DA:111,6
DA:116,0
DA:117,0
DA:122,0
DA:127,0
DA:128,0
DA:136,0
DA:137,0
DA:139,0
DA:145,0
DA:146,0
DA:149,0
DA:150,0
DA:151,0
DA:153,0
DA:154,0
DA:155,0
DA:158,0
DA:159,0
DA:164,0
DA:165,0
DA:167,0
DA:169,0
DA:173,0
DA:175,0
DA:180,0
DA:181,0
DA:183,0
DA:185,0
DA:186,0
DA:190,0
DA:191,0
DA:192,0
DA:196,0
DA:210,0
DA:213,0
DA:214,0
DA:222,0
DA:224,0
DA:228,0
DA:229,0
DA:231,0
DA:233,0
DA:237,6
DA:258,0
DA:268,0
DA:278,0
DA:300,0
DA:309,0
DA:333,1
LF:85
LH:21
BRDA:15,0,0,0
BRDA:15,0,1,0
BRDA:35,1,0,6
BRDA:35,1,1,0
BRDA:35,1,2,0
BRDA:46,2,0,6
BRDA:46,2,1,0
BRDA:88,3,0,6
BRDA:88,3,1,0
BRDA:88,4,0,6
BRDA:88,4,1,6
BRDA:100,5,0,0
BRDA:100,5,1,0
BRDA:115,6,0,0
BRDA:146,7,0,0
BRDA:146,7,1,0
BRDA:149,8,0,0
BRDA:149,8,1,0
BRDA:153,9,0,0
BRDA:153,9,1,0
BRDA:169,10,0,0
BRDA:169,10,1,0
BRDA:185,11,0,0
BRDA:185,11,1,0
BRDA:185,12,0,0
BRDA:185,12,1,0
BRDA:191,13,0,0
BRDA:191,13,1,0
BRDA:210,14,0,0
BRDA:210,14,1,0
BRDA:213,15,0,0
BRDA:213,15,1,0
BRDA:224,16,0,0
BRDA:224,16,1,0
BRDA:231,17,0,0
BRDA:231,17,1,0
BRDA:242,18,0,6
BRDA:242,18,1,0
BRDA:329,19,0,0
BRDA:329,19,1,6
BRF:40
BRH:7
end_of_record
TN:
SF:src\components\announcements.jsx
FN:10,timeSince
FN:30,AnnouncementPage
FN:47,(anonymous_2)
FN:49,(anonymous_3)
FN:53,(anonymous_4)
FN:54,(anonymous_5)
FN:79,(anonymous_6)
FN:83,(anonymous_7)
FN:87,(anonymous_8)
FN:113,(anonymous_9)
FN:117,(anonymous_10)
FN:120,(anonymous_11)
FN:178,(anonymous_12)
FN:203,(anonymous_13)
FN:207,(anonymous_14)
FN:215,(anonymous_15)
FN:231,(anonymous_16)
FN:255,(anonymous_17)
FN:288,(anonymous_18)
FN:314,(anonymous_19)
FN:323,(anonymous_20)
FN:338,(anonymous_21)
FN:345,(anonymous_22)
FN:351,(anonymous_23)
FN:401,(anonymous_24)
FNF:25
FNH:0
FNDA:0,timeSince
FNDA:0,AnnouncementPage
FNDA:0,(anonymous_2)
FNDA:0,(anonymous_3)
FNDA:0,(anonymous_4)
FNDA:0,(anonymous_5)
FNDA:0,(anonymous_6)
FNDA:0,(anonymous_7)
FNDA:0,(anonymous_8)
FNDA:0,(anonymous_9)
FNDA:0,(anonymous_10)
FNDA:0,(anonymous_11)
FNDA:0,(anonymous_12)
FNDA:0,(anonymous_13)
FNDA:0,(anonymous_14)
FNDA:0,(anonymous_15)
FNDA:0,(anonymous_16)
FNDA:0,(anonymous_17)
FNDA:0,(anonymous_18)
FNDA:0,(anonymous_19)
FNDA:0,(anonymous_20)
FNDA:0,(anonymous_21)
FNDA:0,(anonymous_22)
FNDA:0,(anonymous_23)
FNDA:0,(anonymous_24)
DA:11,0
DA:12,0
DA:13,0
DA:15,0
DA:16,0
DA:18,0
DA:19,0
DA:21,0
DA:22,0
DA:24,0
DA:25,0
DA:27,0
DA:31,0
DA:32,0
DA:33,0
DA:34,0
DA:35,0
DA:36,0
DA:37,0
DA:38,0
DA:39,0
DA:40,0
DA:41,0
DA:42,0
DA:43,0
DA:44,0
DA:47,0
DA:48,0
DA:49,0
DA:53,0
DA:54,0
DA:57,0
DA:58,0
DA:60,0
DA:61,0
DA:67,0
DA:70,0
DA:73,0
DA:77,0
DA:79,0
DA:80,0
DA:83,0
DA:87,0
DA:88,0
DA:89,0
DA:90,0
DA:93,0
DA:94,0
DA:104,0
DA:105,0
DA:107,0
DA:109,0
DA:113,0
DA:114,0
DA:117,0
DA:120,0
DA:121,0
DA:122,0
DA:123,0
DA:124,0
DA:125,0
DA:128,0
DA:130,0
DA:131,0
DA:132,0
DA:134,0
DA:135,0
DA:136,0
DA:138,0
DA:142,0
DA:144,0
DA:145,0
DA:147,0
DA:154,0
DA:163,0
DA:165,0
DA:166,0
DA:167,0
DA:168,0
DA:170,0
DA:171,0
DA:173,0
DA:178,0
DA:179,0
DA:180,0
DA:181,0
DA:184,0
DA:185,0
DA:190,0
DA:192,0
DA:193,0
DA:194,0
DA:195,0
DA:197,0
DA:198,0
DA:203,0
DA:204,0
DA:207,0
DA:208,0
DA:210,0
DA:211,0
DA:213,0
DA:215,0
DA:216,0
DA:217,0
DA:219,0
DA:220,0
DA:221,0
DA:225,0
DA:226,0
DA:229,0
DA:231,0
DA:255,0
DA:289,0
DA:315,0
DA:316,0
DA:323,0
DA:338,0
DA:345,0
DA:351,0
DA:401,0
LF:121
LH:0
BRDA:13,0,0,0
BRDA:13,0,1,0
BRDA:13,1,0,0
BRDA:13,1,1,0
BRDA:16,2,0,0
BRDA:16,2,1,0
BRDA:16,3,0,0
BRDA:16,3,1,0
BRDA:19,4,0,0
BRDA:19,4,1,0
BRDA:19,5,0,0
BRDA:19,5,1,0
BRDA:22,6,0,0
BRDA:22,6,1,0
BRDA:22,7,0,0
BRDA:22,7,1,0
BRDA:25,8,0,0
BRDA:25,8,1,0
BRDA:25,9,0,0
BRDA:25,9,1,0
BRDA:60,10,0,0
BRDA:60,10,1,0
BRDA:73,11,0,0
BRDA:73,11,1,0
BRDA:80,12,0,0
BRDA:80,12,1,0
BRDA:88,13,0,0
BRDA:88,13,1,0
BRDA:104,14,0,0
BRDA:104,14,1,0
BRDA:105,15,0,0
BRDA:105,15,1,0
BRDA:114,16,0,0
BRDA:114,16,1,0
BRDA:122,17,0,0
BRDA:122,17,1,0
BRDA:122,18,0,0
BRDA:122,18,1,0
BRDA:123,19,0,0
BRDA:123,19,1,0
BRDA:134,20,0,0
BRDA:134,20,1,0
BRDA:142,21,0,0
BRDA:142,21,1,0
BRDA:147,22,0,0
BRDA:147,22,1,0
BRDA:149,23,0,0
BRDA:149,23,1,0
BRDA:163,24,0,0
BRDA:163,24,1,0
BRDA:179,25,0,0
BRDA:179,25,1,0
BRDA:190,26,0,0
BRDA:190,26,1,0
BRDA:213,27,0,0
BRDA:213,27,1,0
BRDA:225,28,0,0
BRDA:225,28,1,0
BRDA:243,29,0,0
BRDA:243,29,1,0
BRDA:250,30,0,0
BRDA:250,30,1,0
BRDA:261,31,0,0
BRDA:261,31,1,0
BRDA:265,32,0,0
BRDA:265,32,1,0
BRDA:284,33,0,0
BRDA:284,33,1,0
BRDA:293,34,0,0
BRDA:293,34,1,0
BRDA:299,35,0,0
BRDA:299,35,1,0
BRDA:306,36,0,0
BRDA:306,36,1,0
BRDA:310,37,0,0
BRDA:310,37,1,0
BRDA:334,38,0,0
BRDA:334,38,1,0
BRDA:362,39,0,0
BRDA:362,39,1,0
BRDA:364,40,0,0
BRDA:364,40,1,0
BRDA:371,41,0,0
BRDA:371,41,1,0
BRDA:376,42,0,0
BRDA:376,42,1,0
BRDA:391,43,0,0
BRDA:391,43,1,0
BRF:88
BRH:0
end_of_record
TN:
SF:src\components\homepage.jsx
FN:10,Homepage
FN:21,(anonymous_1)
FN:35,(anonymous_2)
FNF:3
FNH:3
FNDA:8,Homepage
FNDA:1,(anonymous_1)
FNDA:1,(anonymous_2)
DA:11,8
DA:13,8
DA:21,1
DA:35,1
LF:4
LH:4
BRF:0
BRH:0
end_of_record
